#
# There is insufficient memory for the Java Runtime Environment to continue.
# Native memory allocation (malloc) failed to allocate 2456176 bytes for Chunk::new
# Possible reasons:
#   The system is out of physical RAM or swap space
#   The process is running with CompressedOops enabled, and the Java Heap may be blocking the growth of the native heap
# Possible solutions:
#   Reduce memory load on the system
#   Increase physical memory or swap space
#   Check if swap backing store is full
#   Decrease Java heap size (-Xmx/-Xms)
#   Decrease number of Java threads
#   Decrease Java thread stack sizes (-Xss)
#   Set larger code cache with -XX:ReservedCodeCacheSize=
#   JVM is running with Unscaled Compressed Oops mode in which the Java heap is
#     placed in the first 4GB address space. The Java Heap base address is the
#     maximum limit for the native heap growth. Please use -XX:HeapBaseMinAddress
#     to set the Java Heap base and to place the Java Heap above 4GB virtual address.
# This output file may be truncated or incomplete.
#
#  Out of Memory Error (./src/hotspot/share/memory/arena.cpp:197), pid=6096, tid=6584
#
# JRE version: OpenJDK Runtime Environment (11.0.11+9) (build 11.0.11+9-b60-7590822)
# Java VM: OpenJDK 64-Bit Server VM (11.0.11+9-b60-7590822, mixed mode, tiered, compressed oops, g1 gc, windows-amd64)
# No core dump will be written. Minidumps are not enabled by default on client versions of Windows
#

---------------  S U M M A R Y ------------

Command Line: --add-opens=java.base/java.util=ALL-UNNAMED --add-opens=java.base/java.lang=ALL-UNNAMED --add-opens=java.base/java.lang.invoke=ALL-UNNAMED --add-opens=java.base/java.util=ALL-UNNAMED --add-opens=java.prefs/java.util.prefs=ALL-UNNAMED --add-opens=java.prefs/java.util.prefs=ALL-UNNAMED --add-opens=java.base/java.nio.charset=ALL-UNNAMED --add-opens=java.base/java.net=ALL-UNNAMED --add-opens=java.base/java.util.concurrent.atomic=ALL-UNNAMED -Xmx2048m -Dfile.encoding=UTF-8 -Duser.country=RU -Duser.language=ru -Duser.variant org.gradle.launcher.daemon.bootstrap.GradleDaemon 7.2

Host: Intel(R) Core(TM) i5-4690 CPU @ 3.50GHz, 4 cores, 7G,  Windows 10 , 64 bit Build 19041 (10.0.19041.1706)
Time: Wed May 25 19:33:39 2022 Финляндия (лето) elapsed time: 5109.973765 seconds (0d 1h 25m 9s)

---------------  T H R E A D  ---------------

Current thread (0x000001af2cb41800):  JavaThread "C2 CompilerThread0" daemon [_thread_in_native, id=6584, stack(0x00000034f2a00000,0x00000034f2b00000)]


Current CompileTask:
C2:5109973 25691       4       com.android.tools.r8.code.x1::a (4130 bytes)

Stack: [0x00000034f2a00000,0x00000034f2b00000]
Native frames: (J=compiled Java code, j=interpreted, Vv=VM code, C=native code)
V  [jvm.dll+0x5f214a]
V  [jvm.dll+0x726fb5]
V  [jvm.dll+0x7285cd]
V  [jvm.dll+0x728c83]
V  [jvm.dll+0x243278]
V  [jvm.dll+0xbc53c]
V  [jvm.dll+0xbca3c]
V  [jvm.dll+0x353e7d]
V  [jvm.dll+0x321893]
V  [jvm.dll+0x320d8a]
V  [jvm.dll+0x1fc1e2]
V  [jvm.dll+0x1fb3d4]
V  [jvm.dll+0x183d6c]
V  [jvm.dll+0x209a57]
V  [jvm.dll+0x2082a1]
V  [jvm.dll+0x6ef58f]
V  [jvm.dll+0x6e80b5]
V  [jvm.dll+0x5f1036]
C  [ucrtbase.dll+0x21bb2]
C  [KERNEL32.DLL+0x17034]
C  [ntdll.dll+0x52651]


---------------  P R O C E S S  ---------------

Threads class SMR info:
_java_thread_list=0x000001af33c08bb0, length=103, elements={
0x000001af11f6c000, 0x000001af2c311000, 0x000001af2c312000, 0x000001af2cb3c000,
0x000001af2cb3d000, 0x000001af2cb3e000, 0x000001af2cb41800, 0x000001af2cb8d800,
0x000001af2cb9a000, 0x000001af2cd10800, 0x000001af2e6a7800, 0x000001af2fca0800,
0x000001af2f33f000, 0x000001af2ec25800, 0x000001af2ec26800, 0x000001af2ec27800,
0x000001af2ec22800, 0x000001af2ec23000, 0x000001af2ef21000, 0x000001af2ef22000,
0x000001af2ef27000, 0x000001af2ef23000, 0x000001af2ef29800, 0x000001af32673800,
0x000001af32672000, 0x000001af32672800, 0x000001af3056a800, 0x000001af30571800,
0x000001af3056d800, 0x000001af30577800, 0x000001af3937b800, 0x000001af3937e000,
0x000001af39379800, 0x000001af3937c800, 0x000001af39380000, 0x000001af3937d800,
0x000001af3937f000, 0x000001af3937a000, 0x000001af3ae91000, 0x000001af3ae94000,
0x000001af3ae91800, 0x000001af3ae92800, 0x000001af3ae93800, 0x000001af3ae8e800,
0x000001af3ae95000, 0x000001af3ae96800, 0x000001af3ae9a800, 0x000001af3ae97800,
0x000001af3ae98000, 0x000001af3ae99000, 0x000001af3ae9a000, 0x000001af3ae9b800,
0x000001af3ae95800, 0x000001af3ae9c800, 0x000001af3ae9d000, 0x000001af3266c000,
0x000001af3266b800, 0x000001af3266d000, 0x000001af32667800, 0x000001af32668000,
0x000001af32669000, 0x000001af3266e000, 0x000001af3266e800, 0x000001af32669800,
0x000001af3266f800, 0x000001af3266a800, 0x000001af32675000, 0x000001af32676000,
0x000001af32671000, 0x000001af32670800, 0x000001af2ef23800, 0x000001af2ef2a000,
0x000001af2ef28800, 0x000001af2ef24800, 0x000001af2ef2b000, 0x000001af2ef2c000,
0x000001af2ef26000, 0x000001af2ef30000, 0x000001af2ef2c800, 0x000001af2ef2d800,
0x000001af2ef2f000, 0x000001af2ef2e800, 0x000001af3056b000, 0x000001af30569800,
0x000001af3056c000, 0x000001af3056e800, 0x000001af30568800, 0x000001af3056f000,
0x000001af30571000, 0x000001af30570000, 0x000001af30572800, 0x000001af3056c800,
0x000001af30573000, 0x000001af30574000, 0x000001af2ec25000, 0x000001af2ec28000,
0x000001af2ec24000, 0x000001af38b77800, 0x000001af38b7c800, 0x000001af38b76800,
0x000001af38b7b800, 0x000001af38b7d000, 0x000001af38b7a000
}

Java Threads: ( => current thread )
  0x000001af11f6c000 JavaThread "main" [_thread_blocked, id=7224, stack(0x00000034f1e00000,0x00000034f1f00000)]
  0x000001af2c311000 JavaThread "Reference Handler" daemon [_thread_blocked, id=928, stack(0x00000034f2500000,0x00000034f2600000)]
  0x000001af2c312000 JavaThread "Finalizer" daemon [_thread_blocked, id=11844, stack(0x00000034f2600000,0x00000034f2700000)]
  0x000001af2cb3c000 JavaThread "Signal Dispatcher" daemon [_thread_blocked, id=8800, stack(0x00000034f2700000,0x00000034f2800000)]
  0x000001af2cb3d000 JavaThread "Attach Listener" daemon [_thread_blocked, id=1740, stack(0x00000034f2800000,0x00000034f2900000)]
  0x000001af2cb3e000 JavaThread "Service Thread" daemon [_thread_blocked, id=3604, stack(0x00000034f2900000,0x00000034f2a00000)]
=>0x000001af2cb41800 JavaThread "C2 CompilerThread0" daemon [_thread_in_native, id=6584, stack(0x00000034f2a00000,0x00000034f2b00000)]
  0x000001af2cb8d800 JavaThread "C1 CompilerThread0" daemon [_thread_blocked, id=8296, stack(0x00000034f2b00000,0x00000034f2c00000)]
  0x000001af2cb9a000 JavaThread "Sweeper thread" daemon [_thread_blocked, id=332, stack(0x00000034f2c00000,0x00000034f2d00000)]
  0x000001af2cd10800 JavaThread "Common-Cleaner" daemon [_thread_blocked, id=6960, stack(0x00000034f2d00000,0x00000034f2e00000)]
  0x000001af2e6a7800 JavaThread "Daemon health stats" [_thread_blocked, id=5428, stack(0x00000034f3200000,0x00000034f3300000)]
  0x000001af2fca0800 JavaThread "Incoming local TCP Connector on port 64210" [_thread_in_native, id=7536, stack(0x00000034f3300000,0x00000034f3400000)]
  0x000001af2f33f000 JavaThread "Daemon periodic checks" [_thread_blocked, id=11536, stack(0x00000034f3400000,0x00000034f3500000)]
  0x000001af2ec25800 JavaThread "Cache worker for journal cache (C:\Users\Vik\.gradle\caches\journal-1)" [_thread_blocked, id=2756, stack(0x00000034f3d00000,0x00000034f3e00000)]
  0x000001af2ec26800 JavaThread "File lock request listener" [_thread_in_native, id=11324, stack(0x00000034f3e00000,0x00000034f3f00000)]
  0x000001af2ec27800 JavaThread "Cache worker for file hash cache (C:\Users\Vik\.gradle\caches\7.2\fileHashes)" [_thread_blocked, id=11424, stack(0x00000034f3f00000,0x00000034f4000000)]
  0x000001af2ec22800 JavaThread "File watcher server" daemon [_thread_in_native, id=8608, stack(0x00000034f4100000,0x00000034f4200000)]
  0x000001af2ec23000 JavaThread "File watcher consumer" daemon [_thread_blocked, id=6352, stack(0x00000034f4200000,0x00000034f4300000)]
  0x000001af2ef21000 JavaThread "Cache worker for execution history cache (C:\Users\Vik\.gradle\caches\7.2\executionHistory)" [_thread_blocked, id=7212, stack(0x00000034f4600000,0x00000034f4700000)]
  0x000001af2ef22000 JavaThread "jar transforms" [_thread_blocked, id=10100, stack(0x00000034f4700000,0x00000034f4800000)]
  0x000001af2ef27000 JavaThread "Cache worker for file content cache (C:\Users\Vik\.gradle\caches\7.2\fileContent)" [_thread_blocked, id=4292, stack(0x00000034f4800000,0x00000034f4900000)]
  0x000001af2ef23000 JavaThread "jar transforms Thread 2" [_thread_blocked, id=6416, stack(0x00000034f4900000,0x00000034f4a00000)]
  0x000001af2ef29800 JavaThread "jar transforms Thread 3" [_thread_blocked, id=11860, stack(0x00000034f4b00000,0x00000034f4c00000)]
  0x000001af32673800 JavaThread "jar transforms Thread 4" [_thread_blocked, id=11636, stack(0x00000034f7500000,0x00000034f7600000)]
  0x000001af32672000 JavaThread "Memory manager" [_thread_blocked, id=7616, stack(0x00000034f2f00000,0x00000034f3000000)]
  0x000001af32672800 JavaThread "pool-3-thread-1" [_thread_blocked, id=4076, stack(0x00000034f7800000,0x00000034f7900000)]
  0x000001af3056a800 JavaThread "RMI Scheduler(0)" daemon [_thread_blocked, id=4720, stack(0x00000034f7600000,0x00000034f7700000)]
  0x000001af30571800 JavaThread "RMI TCP Accept-0" daemon [_thread_in_native, id=8756, stack(0x00000034f8800000,0x00000034f8900000)]
  0x000001af3056d800 JavaThread "Cache worker for Java compile cache (C:\Users\Vik\.gradle\caches\7.2\javaCompile)" [_thread_blocked, id=9616, stack(0x00000034f8500000,0x00000034f8600000)]
  0x000001af30577800 JavaThread "ForkJoinPool.commonPool-worker-5" daemon [_thread_blocked, id=7104, stack(0x00000034f9300000,0x00000034f9400000)]
  0x000001af3937b800 JavaThread "pool-8-thread-1" [_thread_blocked, id=1224, stack(0x00000034f7300000,0x00000034f7400000)]
  0x000001af3937e000 JavaThread "Daemon Thread 5" [_thread_blocked, id=5724, stack(0x00000034f1b00000,0x00000034f1c00000)]
  0x000001af39379800 JavaThread "Handler for socket connection from /127.0.0.1:64210 to /127.0.0.1:55588" [_thread_in_native, id=8396, stack(0x00000034f1c00000,0x00000034f1d00000)]
  0x000001af3937c800 JavaThread "Cancel handler" [_thread_blocked, id=3668, stack(0x00000034f1d00000,0x00000034f1e00000)]
  0x000001af39380000 JavaThread "Daemon worker Thread 5" [_thread_blocked, id=11916, stack(0x00000034f3500000,0x00000034f3600000)]
  0x000001af3937d800 JavaThread "Asynchronous log dispatcher for DefaultDaemonConnection: socket connection from /127.0.0.1:64210 to /127.0.0.1:55588" [_thread_blocked, id=1220, stack(0x00000034f3600000,0x00000034f3700000)]
  0x000001af3937f000 JavaThread "Stdin handler" [_thread_blocked, id=11356, stack(0x00000034f3700000,0x00000034f3800000)]
  0x000001af3937a000 JavaThread "Daemon client event forwarder" [_thread_blocked, id=11696, stack(0x00000034f3800000,0x00000034f3900000)]
  0x000001af3ae91000 JavaThread "Cache worker for file hash cache (D:\AndroidStudioProjects\KotlinLesson\SearchMovies\.gradle\7.2\fileHashes)" [_thread_blocked, id=6876, stack(0x00000034f3900000,0x00000034f3a00000)]
  0x000001af3ae94000 JavaThread "Cache worker for checksums cache (D:\AndroidStudioProjects\KotlinLesson\SearchMovies\.gradle\checksums)" [_thread_blocked, id=7368, stack(0x00000034f3a00000,0x00000034f3b00000)]
  0x000001af3ae91800 JavaThread "Cache worker for cache directory md-supplier (C:\Users\Vik\.gradle\caches\7.2\md-supplier)" [_thread_blocked, id=2320, stack(0x00000034f3b00000,0x00000034f3c00000)]
  0x000001af3ae92800 JavaThread "Cache worker for cache directory md-rule (C:\Users\Vik\.gradle\caches\7.2\md-rule)" [_thread_blocked, id=11948, stack(0x00000034f4000000,0x00000034f4100000)]
  0x000001af3ae93800 JavaThread "C2 CompilerThread1" daemon [_thread_in_native, id=2024, stack(0x00000034f4300000,0x00000034f4400000)]
  0x000001af3ae8e800 JavaThread "Cache worker for dependencies-accessors (D:\AndroidStudioProjects\KotlinLesson\SearchMovies\.gradle\7.2\dependencies-accessors)" [_thread_blocked, id=11692, stack(0x00000034f4400000,0x00000034f4500000)]
  0x000001af3ae95000 JavaThread "Cache worker for Build Output Cleanup Cache (D:\AndroidStudioProjects\KotlinLesson\SearchMovies\.gradle\buildOutputCleanup)" [_thread_blocked, id=8580, stack(0x00000034f4500000,0x00000034f4600000)]
  0x000001af3ae96800 JavaThread "Unconstrained build operations" [_thread_blocked, id=12140, stack(0x00000034f4a00000,0x00000034f4b00000)]
  0x000001af3ae9a800 JavaThread "Unconstrained build operations Thread 2" [_thread_blocked, id=8620, stack(0x00000034f4c00000,0x00000034f4d00000)]
  0x000001af3ae97800 JavaThread "Unconstrained build operations Thread 3" [_thread_blocked, id=944, stack(0x00000034f4d00000,0x00000034f4e00000)]
  0x000001af3ae98000 JavaThread "Unconstrained build operations Thread 4" [_thread_blocked, id=340, stack(0x00000034f4e00000,0x00000034f4f00000)]
  0x000001af3ae99000 JavaThread "Unconstrained build operations Thread 5" [_thread_blocked, id=8020, stack(0x00000034f4f00000,0x00000034f5000000)]
  0x000001af3ae9a000 JavaThread "Unconstrained build operations Thread 6" [_thread_blocked, id=11580, stack(0x00000034f5000000,0x00000034f5100000)]
  0x000001af3ae9b800 JavaThread "Unconstrained build operations Thread 7" [_thread_blocked, id=4780, stack(0x00000034f5100000,0x00000034f5200000)]
  0x000001af3ae95800 JavaThread "Unconstrained build operations Thread 8" [_thread_blocked, id=380, stack(0x00000034f5200000,0x00000034f5300000)]
  0x000001af3ae9c800 JavaThread "Unconstrained build operations Thread 9" [_thread_blocked, id=8776, stack(0x00000034f5300000,0x00000034f5400000)]
  0x000001af3ae9d000 JavaThread "Unconstrained build operations Thread 10" [_thread_blocked, id=7480, stack(0x00000034f5400000,0x00000034f5500000)]
  0x000001af3266c000 JavaThread "Unconstrained build operations Thread 11" [_thread_blocked, id=392, stack(0x00000034f5500000,0x00000034f5600000)]
  0x000001af3266b800 JavaThread "Unconstrained build operations Thread 12" [_thread_blocked, id=2116, stack(0x00000034f5600000,0x00000034f5700000)]
  0x000001af3266d000 JavaThread "Unconstrained build operations Thread 13" [_thread_blocked, id=4360, stack(0x00000034f5700000,0x00000034f5800000)]
  0x000001af32667800 JavaThread "Unconstrained build operations Thread 14" [_thread_blocked, id=6360, stack(0x00000034f5800000,0x00000034f5900000)]
  0x000001af32668000 JavaThread "Unconstrained build operations Thread 15" [_thread_blocked, id=6432, stack(0x00000034f5900000,0x00000034f5a00000)]
  0x000001af32669000 JavaThread "Unconstrained build operations Thread 16" [_thread_blocked, id=3408, stack(0x00000034f5a00000,0x00000034f5b00000)]
  0x000001af3266e000 JavaThread "Unconstrained build operations Thread 17" [_thread_blocked, id=8692, stack(0x00000034f5b00000,0x00000034f5c00000)]
  0x000001af3266e800 JavaThread "Unconstrained build operations Thread 18" [_thread_blocked, id=1952, stack(0x00000034f5c00000,0x00000034f5d00000)]
  0x000001af32669800 JavaThread "Unconstrained build operations Thread 19" [_thread_blocked, id=11116, stack(0x00000034f5d00000,0x00000034f5e00000)]
  0x000001af3266f800 JavaThread "Unconstrained build operations Thread 20" [_thread_blocked, id=5788, stack(0x00000034f5e00000,0x00000034f5f00000)]
  0x000001af3266a800 JavaThread "Unconstrained build operations Thread 21" [_thread_blocked, id=8208, stack(0x00000034f5f00000,0x00000034f6000000)]
  0x000001af32675000 JavaThread "Unconstrained build operations Thread 22" [_thread_blocked, id=7692, stack(0x00000034f6000000,0x00000034f6100000)]
  0x000001af32676000 JavaThread "Unconstrained build operations Thread 23" [_thread_blocked, id=3180, stack(0x00000034f6100000,0x00000034f6200000)]
  0x000001af32671000 JavaThread "Unconstrained build operations Thread 24" [_thread_blocked, id=8584, stack(0x00000034f6200000,0x00000034f6300000)]
  0x000001af32670800 JavaThread "Unconstrained build operations Thread 25" [_thread_blocked, id=7848, stack(0x00000034f6300000,0x00000034f6400000)]
  0x000001af2ef23800 JavaThread "Unconstrained build operations Thread 26" [_thread_blocked, id=10988, stack(0x00000034f6400000,0x00000034f6500000)]
  0x000001af2ef2a000 JavaThread "Unconstrained build operations Thread 27" [_thread_blocked, id=2000, stack(0x00000034f6500000,0x00000034f6600000)]
  0x000001af2ef28800 JavaThread "Unconstrained build operations Thread 28" [_thread_blocked, id=9440, stack(0x00000034f6600000,0x00000034f6700000)]
  0x000001af2ef24800 JavaThread "Unconstrained build operations Thread 29" [_thread_blocked, id=7432, stack(0x00000034f6700000,0x00000034f6800000)]
  0x000001af2ef2b000 JavaThread "Unconstrained build operations Thread 30" [_thread_blocked, id=9272, stack(0x00000034f6800000,0x00000034f6900000)]
  0x000001af2ef2c000 JavaThread "Unconstrained build operations Thread 31" [_thread_blocked, id=1784, stack(0x00000034f6900000,0x00000034f6a00000)]
  0x000001af2ef26000 JavaThread "Unconstrained build operations Thread 32" [_thread_blocked, id=8872, stack(0x00000034f6a00000,0x00000034f6b00000)]
  0x000001af2ef30000 JavaThread "Unconstrained build operations Thread 33" [_thread_blocked, id=10232, stack(0x00000034f6b00000,0x00000034f6c00000)]
  0x000001af2ef2c800 JavaThread "Unconstrained build operations Thread 34" [_thread_blocked, id=7628, stack(0x00000034f6c00000,0x00000034f6d00000)]
  0x000001af2ef2d800 JavaThread "Unconstrained build operations Thread 35" [_thread_blocked, id=10060, stack(0x00000034f6d00000,0x00000034f6e00000)]
  0x000001af2ef2f000 JavaThread "Unconstrained build operations Thread 36" [_thread_blocked, id=10668, stack(0x00000034f6e00000,0x00000034f6f00000)]
  0x000001af2ef2e800 JavaThread "Unconstrained build operations Thread 37" [_thread_blocked, id=11152, stack(0x00000034f6f00000,0x00000034f7000000)]
  0x000001af3056b000 JavaThread "Unconstrained build operations Thread 38" [_thread_blocked, id=5532, stack(0x00000034f7000000,0x00000034f7100000)]
  0x000001af30569800 JavaThread "Unconstrained build operations Thread 39" [_thread_blocked, id=9740, stack(0x00000034f7100000,0x00000034f7200000)]
  0x000001af3056c000 JavaThread "Unconstrained build operations Thread 40" [_thread_blocked, id=4624, stack(0x00000034f7200000,0x00000034f7300000)]
  0x000001af3056e800 JavaThread "build event listener" [_thread_blocked, id=3388, stack(0x00000034f7400000,0x00000034f7500000)]
  0x000001af30568800 JavaThread "pool-11-thread-1" [_thread_blocked, id=11476, stack(0x00000034f7700000,0x00000034f7800000)]
  0x000001af3056f000 JavaThread "build event listener" [_thread_blocked, id=9696, stack(0x00000034f7900000,0x00000034f7a00000)]
  0x000001af30571000 JavaThread "Execution worker for ':'" [_thread_blocked, id=4988, stack(0x00000034f7a00000,0x00000034f7b00000)]
  0x000001af30570000 JavaThread "Execution worker for ':' Thread 2" [_thread_blocked, id=10068, stack(0x00000034f7b00000,0x00000034f7c00000)]
  0x000001af30572800 JavaThread "Execution worker for ':' Thread 3" [_thread_blocked, id=4672, stack(0x00000034f7c00000,0x00000034f7d00000)]
  0x000001af3056c800 JavaThread "Cache worker for execution history cache (D:\AndroidStudioProjects\KotlinLesson\SearchMovies\.gradle\7.2\executionHistory)" [_thread_blocked, id=5948, stack(0x00000034f7d00000,0x00000034f7e00000)]
  0x000001af30573000 JavaThread "WorkerExecutor Queue" [_thread_blocked, id=10136, stack(0x00000034f7e00000,0x00000034f7f00000)]
  0x000001af30574000 JavaThread "WorkerExecutor Queue Thread 2" [_thread_blocked, id=3152, stack(0x00000034f7f00000,0x00000034f8000000)]
  0x000001af2ec25000 JavaThread "WorkerExecutor Queue Thread 3" [_thread_blocked, id=11684, stack(0x00000034f8000000,0x00000034f8100000)]
  0x000001af2ec28000 JavaThread "WorkerExecutor Queue Thread 4" [_thread_blocked, id=7876, stack(0x00000034f8100000,0x00000034f8200000)]
  0x000001af2ec24000 JavaThread "pool-12-thread-1" [_thread_blocked, id=9884, stack(0x00000034f8200000,0x00000034f8300000)]
  0x000001af38b77800 JavaThread "stderr" [_thread_in_native, id=7064, stack(0x00000034f8300000,0x00000034f8400000)]
  0x000001af38b7c800 JavaThread "stdout" [_thread_in_native, id=2232, stack(0x00000034f8400000,0x00000034f8500000)]
  0x000001af38b76800 JavaThread "ForkJoinPool-2-worker-3" daemon [_thread_blocked, id=4960, stack(0x00000034f8600000,0x00000034f8700000)]
  0x000001af38b7b800 JavaThread "ForkJoinPool-2-worker-5" daemon [_thread_blocked, id=11084, stack(0x00000034f8700000,0x00000034f8800000)]
  0x000001af38b7d000 JavaThread "ForkJoinPool-2-worker-7" daemon [_thread_in_Java, id=8472, stack(0x00000034f8900000,0x00000034f8a00000)]
  0x000001af38b7a000 JavaThread "ForkJoinPool-2-worker-1" daemon [_thread_in_Java, id=1808, stack(0x00000034f8a00000,0x00000034f8b00000)]

Other Threads:
  0x000001af2c30c800 VMThread "VM Thread" [stack: 0x00000034f2400000,0x00000034f2500000] [id=4432]
  0x000001af2cd39800 WatcherThread [stack: 0x00000034f2e00000,0x00000034f2f00000] [id=4124]
  0x000001af11f84800 GCTaskThread "GC Thread#0" [stack: 0x00000034f1f00000,0x00000034f2000000] [id=4716]
  0x000001af2dbb4000 GCTaskThread "GC Thread#1" [stack: 0x00000034f3000000,0x00000034f3100000] [id=8504]
  0x000001af2dd02000 GCTaskThread "GC Thread#2" [stack: 0x00000034f3100000,0x00000034f3200000] [id=4056]
  0x000001af2f94b800 GCTaskThread "GC Thread#3" [stack: 0x00000034f3c00000,0x00000034f3d00000] [id=7828]
  0x000001af11fb8000 ConcurrentGCThread "G1 Main Marker" [stack: 0x00000034f2000000,0x00000034f2100000] [id=3788]
  0x000001af11fb9800 ConcurrentGCThread "G1 Conc#0" [stack: 0x00000034f2100000,0x00000034f2200000] [id=2192]
  0x000001af1204e800 ConcurrentGCThread "G1 Refine#0" [stack: 0x00000034f2200000,0x00000034f2300000] [id=5208]
  0x000001af2c159000 ConcurrentGCThread "G1 Young RemSet Sampling" [stack: 0x00000034f2300000,0x00000034f2400000] [id=3724]

Threads with active compile tasks:
C2 CompilerThread05110023 25691       4       com.android.tools.r8.code.x1::a (4130 bytes)
C2 CompilerThread15110023 25674 %     4       com.android.tools.r8.dex.r::a @ 315 (1038 bytes)

VM state:not at safepoint (normal execution)

VM Mutex/Monitor currently owned by a thread: None

Heap address: 0x0000000080000000, size: 2048 MB, Compressed Oops mode: 32-bit
Narrow klass base: 0x0000000000000000, Narrow klass shift: 3
Compressed class space size: 1073741824 Address: 0x0000000100000000

Heap:
 garbage-first heap   total 362496K, used 230176K [0x0000000080000000, 0x0000000100000000)
  region size 1024K, 10 young (10240K), 6 survivors (6144K)
 Metaspace       used 163043K, capacity 167023K, committed 168788K, reserved 1196032K
  class space    used 20242K, capacity 21816K, committed 22272K, reserved 1048576K
Heap Regions: E=young(eden), S=young(survivor), O=old, HS=humongous(starts), HC=humongous(continues), CS=collection set, F=free, A=archive, TAMS=top-at-mark-start (previous, next)
|   0|0x0000000080000000, 0x0000000080100000, 0x0000000080100000|100%| O|  |TAMS 0x0000000080100000, 0x0000000080000000| Untracked 
|   1|0x0000000080100000, 0x0000000080200000, 0x0000000080200000|100%| O|  |TAMS 0x0000000080200000, 0x0000000080100000| Untracked 
|   2|0x0000000080200000, 0x0000000080300000, 0x0000000080300000|100%| O|  |TAMS 0x0000000080300000, 0x0000000080200000| Untracked 
|   3|0x0000000080300000, 0x0000000080400000, 0x0000000080400000|100%|HS|  |TAMS 0x0000000080400000, 0x0000000080300000| Complete 
|   4|0x0000000080400000, 0x0000000080500000, 0x0000000080500000|100%|HC|  |TAMS 0x0000000080500000, 0x0000000080400000| Complete 
|   5|0x0000000080500000, 0x0000000080600000, 0x0000000080600000|100%|HC|  |TAMS 0x0000000080600000, 0x0000000080500000| Complete 
|   6|0x0000000080600000, 0x0000000080700000, 0x0000000080700000|100%|HS|  |TAMS 0x0000000080700000, 0x0000000080600000| Complete 
|   7|0x0000000080700000, 0x0000000080800000, 0x0000000080800000|100%| O|  |TAMS 0x0000000080800000, 0x0000000080700000| Untracked 
|   8|0x0000000080800000, 0x0000000080900000, 0x0000000080900000|100%| O|  |TAMS 0x0000000080900000, 0x0000000080800000| Untracked 
|   9|0x0000000080900000, 0x0000000080a00000, 0x0000000080a00000|100%| O|  |TAMS 0x0000000080a00000, 0x0000000080900000| Untracked 
|  10|0x0000000080a00000, 0x0000000080b00000, 0x0000000080b00000|100%| O|  |TAMS 0x0000000080b00000, 0x0000000080a00000| Untracked 
|  11|0x0000000080b00000, 0x0000000080c00000, 0x0000000080c00000|100%| O|  |TAMS 0x0000000080c00000, 0x0000000080b00000| Untracked 
|  12|0x0000000080c00000, 0x0000000080d00000, 0x0000000080d00000|100%| O|  |TAMS 0x0000000080d00000, 0x0000000080c00000| Untracked 
|  13|0x0000000080d00000, 0x0000000080e00000, 0x0000000080e00000|100%| O|  |TAMS 0x0000000080e00000, 0x0000000080d00000| Untracked 
|  14|0x0000000080e00000, 0x0000000080f00000, 0x0000000080f00000|100%| O|  |TAMS 0x0000000080f00000, 0x0000000080e00000| Untracked 
|  15|0x0000000080f00000, 0x0000000081000000, 0x0000000081000000|100%| O|  |TAMS 0x0000000081000000, 0x0000000080f00000| Untracked 
|  16|0x0000000081000000, 0x0000000081100000, 0x0000000081100000|100%| O|  |TAMS 0x0000000081100000, 0x0000000081000000| Untracked 
|  17|0x0000000081100000, 0x0000000081200000, 0x0000000081200000|100%|HS|  |TAMS 0x0000000081200000, 0x0000000081100000| Complete 
|  18|0x0000000081200000, 0x0000000081300000, 0x0000000081300000|100%| O|  |TAMS 0x0000000081300000, 0x0000000081200000| Untracked 
|  19|0x0000000081300000, 0x0000000081400000, 0x0000000081400000|100%| O|  |TAMS 0x0000000081400000, 0x0000000081300000| Untracked 
|  20|0x0000000081400000, 0x0000000081500000, 0x0000000081500000|100%| O|  |TAMS 0x0000000081500000, 0x0000000081400000| Untracked 
|  21|0x0000000081500000, 0x0000000081600000, 0x0000000081600000|100%| O|  |TAMS 0x0000000081600000, 0x0000000081500000| Untracked 
|  22|0x0000000081600000, 0x0000000081700000, 0x0000000081700000|100%| O|  |TAMS 0x0000000081700000, 0x0000000081600000| Untracked 
|  23|0x0000000081700000, 0x0000000081800000, 0x0000000081800000|100%| O|  |TAMS 0x0000000081800000, 0x0000000081700000| Untracked 
|  24|0x0000000081800000, 0x0000000081900000, 0x0000000081900000|100%| O|  |TAMS 0x0000000081900000, 0x0000000081800000| Untracked 
|  25|0x0000000081900000, 0x0000000081a00000, 0x0000000081a00000|100%| O|  |TAMS 0x0000000081a00000, 0x0000000081900000| Untracked 
|  26|0x0000000081a00000, 0x0000000081b00000, 0x0000000081b00000|100%| O|  |TAMS 0x0000000081b00000, 0x0000000081a00000| Untracked 
|  27|0x0000000081b00000, 0x0000000081c00000, 0x0000000081c00000|100%|HS|  |TAMS 0x0000000081c00000, 0x0000000081b00000| Complete 
|  28|0x0000000081c00000, 0x0000000081d00000, 0x0000000081d00000|100%|HS|  |TAMS 0x0000000081d00000, 0x0000000081c00000| Complete 
|  29|0x0000000081d00000, 0x0000000081e00000, 0x0000000081e00000|100%|HS|  |TAMS 0x0000000081e00000, 0x0000000081d00000| Complete 
|  30|0x0000000081e00000, 0x0000000081f00000, 0x0000000081f00000|100%|HS|  |TAMS 0x0000000081f00000, 0x0000000081e00000| Complete 
|  31|0x0000000081f00000, 0x0000000082000000, 0x0000000082000000|100%|HS|  |TAMS 0x0000000082000000, 0x0000000081f00000| Complete 
|  32|0x0000000082000000, 0x0000000082100000, 0x0000000082100000|100%|HC|  |TAMS 0x0000000082100000, 0x0000000082000000| Complete 
|  33|0x0000000082100000, 0x0000000082200000, 0x0000000082200000|100%|HC|  |TAMS 0x0000000082200000, 0x0000000082100000| Complete 
|  34|0x0000000082200000, 0x0000000082300000, 0x0000000082300000|100%|HS|  |TAMS 0x0000000082300000, 0x0000000082200000| Complete 
|  35|0x0000000082300000, 0x0000000082400000, 0x0000000082400000|100%|HC|  |TAMS 0x0000000082400000, 0x0000000082300000| Complete 
|  36|0x0000000082400000, 0x0000000082500000, 0x0000000082500000|100%|HS|  |TAMS 0x0000000082500000, 0x0000000082400000| Complete 
|  37|0x0000000082500000, 0x0000000082600000, 0x0000000082600000|100%| O|  |TAMS 0x0000000082600000, 0x0000000082500000| Untracked 
|  38|0x0000000082600000, 0x0000000082700000, 0x0000000082700000|100%| O|  |TAMS 0x0000000082700000, 0x0000000082600000| Untracked 
|  39|0x0000000082700000, 0x0000000082800000, 0x0000000082800000|100%| O|  |TAMS 0x0000000082800000, 0x0000000082700000| Untracked 
|  40|0x0000000082800000, 0x0000000082900000, 0x0000000082900000|100%| O|  |TAMS 0x0000000082900000, 0x0000000082800000| Untracked 
|  41|0x0000000082900000, 0x0000000082a00000, 0x0000000082a00000|100%| O|  |TAMS 0x0000000082a00000, 0x0000000082900000| Untracked 
|  42|0x0000000082a00000, 0x0000000082b00000, 0x0000000082b00000|100%| O|  |TAMS 0x0000000082b00000, 0x0000000082a00000| Untracked 
|  43|0x0000000082b00000, 0x0000000082c00000, 0x0000000082c00000|100%| O|  |TAMS 0x0000000082c00000, 0x0000000082b00000| Untracked 
|  44|0x0000000082c00000, 0x0000000082d00000, 0x0000000082d00000|100%| O|  |TAMS 0x0000000082d00000, 0x0000000082c00000| Untracked 
|  45|0x0000000082d00000, 0x0000000082e00000, 0x0000000082e00000|100%| O|  |TAMS 0x0000000082e00000, 0x0000000082d00000| Untracked 
|  46|0x0000000082e00000, 0x0000000082f00000, 0x0000000082f00000|100%| O|  |TAMS 0x0000000082f00000, 0x0000000082e00000| Untracked 
|  47|0x0000000082f00000, 0x0000000083000000, 0x0000000083000000|100%| O|  |TAMS 0x0000000083000000, 0x0000000082f00000| Untracked 
|  48|0x0000000083000000, 0x0000000083100000, 0x0000000083100000|100%| O|  |TAMS 0x0000000083100000, 0x0000000083000000| Untracked 
|  49|0x0000000083100000, 0x0000000083200000, 0x0000000083200000|100%| O|  |TAMS 0x0000000083200000, 0x0000000083100000| Untracked 
|  50|0x0000000083200000, 0x0000000083300000, 0x0000000083300000|100%| O|  |TAMS 0x0000000083300000, 0x0000000083200000| Untracked 
|  51|0x0000000083300000, 0x0000000083400000, 0x0000000083400000|100%| O|  |TAMS 0x0000000083400000, 0x0000000083300000| Untracked 
|  52|0x0000000083400000, 0x0000000083500000, 0x0000000083500000|100%| O|  |TAMS 0x0000000083500000, 0x0000000083400000| Untracked 
|  53|0x0000000083500000, 0x0000000083600000, 0x0000000083600000|100%| O|  |TAMS 0x0000000083600000, 0x0000000083500000| Untracked 
|  54|0x0000000083600000, 0x0000000083700000, 0x0000000083700000|100%| O|  |TAMS 0x0000000083700000, 0x0000000083600000| Untracked 
|  55|0x0000000083700000, 0x0000000083800000, 0x0000000083800000|100%| O|  |TAMS 0x0000000083800000, 0x0000000083700000| Untracked 
|  56|0x0000000083800000, 0x0000000083900000, 0x0000000083900000|100%| O|  |TAMS 0x0000000083900000, 0x0000000083800000| Untracked 
|  57|0x0000000083900000, 0x0000000083a00000, 0x0000000083a00000|100%| O|  |TAMS 0x0000000083a00000, 0x0000000083900000| Untracked 
|  58|0x0000000083a00000, 0x0000000083b00000, 0x0000000083b00000|100%| O|  |TAMS 0x0000000083b00000, 0x0000000083a00000| Untracked 
|  59|0x0000000083b00000, 0x0000000083c00000, 0x0000000083c00000|100%| O|  |TAMS 0x0000000083c00000, 0x0000000083b00000| Untracked 
|  60|0x0000000083c00000, 0x0000000083d00000, 0x0000000083d00000|100%| O|  |TAMS 0x0000000083d00000, 0x0000000083c00000| Untracked 
|  61|0x0000000083d00000, 0x0000000083e00000, 0x0000000083e00000|100%| O|  |TAMS 0x0000000083e00000, 0x0000000083d00000| Untracked 
|  62|0x0000000083e00000, 0x0000000083f00000, 0x0000000083f00000|100%| O|  |TAMS 0x0000000083f00000, 0x0000000083e00000| Untracked 
|  63|0x0000000083f00000, 0x0000000084000000, 0x0000000084000000|100%| O|  |TAMS 0x0000000084000000, 0x0000000083f00000| Untracked 
|  64|0x0000000084000000, 0x0000000084100000, 0x0000000084100000|100%| O|  |TAMS 0x0000000084100000, 0x0000000084000000| Untracked 
|  65|0x0000000084100000, 0x0000000084200000, 0x0000000084200000|100%| O|  |TAMS 0x0000000084200000, 0x0000000084100000| Untracked 
|  66|0x0000000084200000, 0x0000000084300000, 0x0000000084300000|100%| O|  |TAMS 0x0000000084300000, 0x0000000084200000| Untracked 
|  67|0x0000000084300000, 0x0000000084400000, 0x0000000084400000|100%| O|  |TAMS 0x0000000084400000, 0x0000000084300000| Untracked 
|  68|0x0000000084400000, 0x0000000084500000, 0x0000000084500000|100%| O|  |TAMS 0x0000000084500000, 0x0000000084400000| Untracked 
|  69|0x0000000084500000, 0x0000000084600000, 0x0000000084600000|100%| O|  |TAMS 0x0000000084600000, 0x0000000084500000| Untracked 
|  70|0x0000000084600000, 0x0000000084700000, 0x0000000084700000|100%| O|  |TAMS 0x0000000084700000, 0x0000000084600000| Untracked 
|  71|0x0000000084700000, 0x0000000084800000, 0x0000000084800000|100%| O|  |TAMS 0x0000000084800000, 0x0000000084700000| Untracked 
|  72|0x0000000084800000, 0x0000000084900000, 0x0000000084900000|100%| O|  |TAMS 0x0000000084900000, 0x0000000084800000| Untracked 
|  73|0x0000000084900000, 0x0000000084a00000, 0x0000000084a00000|100%| O|  |TAMS 0x0000000084a00000, 0x0000000084900000| Untracked 
|  74|0x0000000084a00000, 0x0000000084b00000, 0x0000000084b00000|100%| O|  |TAMS 0x0000000084b00000, 0x0000000084a00000| Untracked 
|  75|0x0000000084b00000, 0x0000000084c00000, 0x0000000084c00000|100%|HS|  |TAMS 0x0000000084c00000, 0x0000000084b00000| Complete 
|  76|0x0000000084c00000, 0x0000000084d00000, 0x0000000084d00000|100%| O|  |TAMS 0x0000000084d00000, 0x0000000084c00000| Untracked 
|  77|0x0000000084d00000, 0x0000000084e00000, 0x0000000084e00000|100%| O|  |TAMS 0x0000000084e00000, 0x0000000084d00000| Untracked 
|  78|0x0000000084e00000, 0x0000000084f00000, 0x0000000084f00000|100%| O|  |TAMS 0x0000000084f00000, 0x0000000084e00000| Untracked 
|  79|0x0000000084f00000, 0x0000000085000000, 0x0000000085000000|100%| O|  |TAMS 0x0000000085000000, 0x0000000084f00000| Untracked 
|  80|0x0000000085000000, 0x0000000085100000, 0x0000000085100000|100%| O|  |TAMS 0x0000000085100000, 0x0000000085000000| Untracked 
|  81|0x0000000085100000, 0x0000000085200000, 0x0000000085200000|100%|HS|  |TAMS 0x0000000085200000, 0x0000000085100000| Complete 
|  82|0x0000000085200000, 0x0000000085300000, 0x0000000085300000|100%| O|  |TAMS 0x0000000085300000, 0x0000000085200000| Untracked 
|  83|0x0000000085300000, 0x0000000085400000, 0x0000000085400000|100%| O|  |TAMS 0x0000000085400000, 0x0000000085300000| Untracked 
|  84|0x0000000085400000, 0x0000000085500000, 0x0000000085500000|100%| O|  |TAMS 0x0000000085500000, 0x0000000085400000| Untracked 
|  85|0x0000000085500000, 0x0000000085600000, 0x0000000085600000|100%| O|  |TAMS 0x0000000085600000, 0x0000000085500000| Untracked 
|  86|0x0000000085600000, 0x0000000085700000, 0x0000000085700000|100%| O|  |TAMS 0x0000000085700000, 0x0000000085600000| Untracked 
|  87|0x0000000085700000, 0x0000000085800000, 0x0000000085800000|100%|HS|  |TAMS 0x0000000085800000, 0x0000000085700000| Complete 
|  88|0x0000000085800000, 0x0000000085900000, 0x0000000085900000|100%|HC|  |TAMS 0x0000000085900000, 0x0000000085800000| Complete 
|  89|0x0000000085900000, 0x0000000085a00000, 0x0000000085a00000|100%| O|  |TAMS 0x0000000085a00000, 0x0000000085900000| Untracked 
|  90|0x0000000085a00000, 0x0000000085b00000, 0x0000000085b00000|100%| O|  |TAMS 0x0000000085b00000, 0x0000000085a00000| Untracked 
|  91|0x0000000085b00000, 0x0000000085c00000, 0x0000000085c00000|100%|HS|  |TAMS 0x0000000085c00000, 0x0000000085b00000| Complete 
|  92|0x0000000085c00000, 0x0000000085d00000, 0x0000000085d00000|100%| O|  |TAMS 0x0000000085d00000, 0x0000000085c00000| Untracked 
|  93|0x0000000085d00000, 0x0000000085e00000, 0x0000000085e00000|100%| O|  |TAMS 0x0000000085e00000, 0x0000000085d00000| Untracked 
|  94|0x0000000085e00000, 0x0000000085f00000, 0x0000000085f00000|100%| O|  |TAMS 0x0000000085f00000, 0x0000000085e00000| Untracked 
|  95|0x0000000085f00000, 0x0000000086000000, 0x0000000086000000|100%| O|  |TAMS 0x0000000086000000, 0x0000000085f00000| Untracked 
|  96|0x0000000086000000, 0x0000000086100000, 0x0000000086100000|100%| O|  |TAMS 0x0000000086100000, 0x0000000086000000| Untracked 
|  97|0x0000000086100000, 0x0000000086200000, 0x0000000086200000|100%| O|  |TAMS 0x0000000086200000, 0x0000000086100000| Untracked 
|  98|0x0000000086200000, 0x0000000086300000, 0x0000000086300000|100%|HS|  |TAMS 0x0000000086300000, 0x0000000086200000| Complete 
|  99|0x0000000086300000, 0x0000000086400000, 0x0000000086400000|100%|HC|  |TAMS 0x0000000086400000, 0x0000000086300000| Complete 
| 100|0x0000000086400000, 0x0000000086500000, 0x0000000086500000|100%| O|  |TAMS 0x0000000086500000, 0x0000000086400000| Untracked 
| 101|0x0000000086500000, 0x0000000086600000, 0x0000000086600000|100%| O|  |TAMS 0x0000000086600000, 0x0000000086500000| Untracked 
| 102|0x0000000086600000, 0x0000000086700000, 0x0000000086700000|100%| O|  |TAMS 0x0000000086700000, 0x0000000086600000| Untracked 
| 103|0x0000000086700000, 0x0000000086800000, 0x0000000086800000|100%| O|  |TAMS 0x0000000086800000, 0x0000000086700000| Untracked 
| 104|0x0000000086800000, 0x0000000086900000, 0x0000000086900000|100%| O|  |TAMS 0x0000000086900000, 0x0000000086800000| Untracked 
| 105|0x0000000086900000, 0x0000000086a00000, 0x0000000086a00000|100%| O|  |TAMS 0x0000000086a00000, 0x0000000086900000| Untracked 
| 106|0x0000000086a00000, 0x0000000086b00000, 0x0000000086b00000|100%| O|  |TAMS 0x0000000086b00000, 0x0000000086a00000| Untracked 
| 107|0x0000000086b00000, 0x0000000086c00000, 0x0000000086c00000|100%|HS|  |TAMS 0x0000000086c00000, 0x0000000086b00000| Complete 
| 108|0x0000000086c00000, 0x0000000086d00000, 0x0000000086d00000|100%|HC|  |TAMS 0x0000000086d00000, 0x0000000086c00000| Complete 
| 109|0x0000000086d00000, 0x0000000086e00000, 0x0000000086e00000|100%| O|  |TAMS 0x0000000086e00000, 0x0000000086d00000| Untracked 
| 110|0x0000000086e00000, 0x0000000086f00000, 0x0000000086f00000|100%| O|  |TAMS 0x0000000086f00000, 0x0000000086e00000| Untracked 
| 111|0x0000000086f00000, 0x0000000087000000, 0x0000000087000000|100%| O|  |TAMS 0x0000000087000000, 0x0000000086f00000| Untracked 
| 112|0x0000000087000000, 0x0000000087100000, 0x0000000087100000|100%|HS|  |TAMS 0x0000000087100000, 0x0000000087000000| Complete 
| 113|0x0000000087100000, 0x0000000087200000, 0x0000000087200000|100%|HC|  |TAMS 0x0000000087200000, 0x0000000087100000| Complete 
| 114|0x0000000087200000, 0x0000000087300000, 0x0000000087300000|100%| O|  |TAMS 0x0000000087300000, 0x0000000087200000| Untracked 
| 115|0x0000000087300000, 0x0000000087400000, 0x0000000087400000|100%| O|  |TAMS 0x0000000087400000, 0x0000000087300000| Untracked 
| 116|0x0000000087400000, 0x0000000087500000, 0x0000000087500000|100%|HS|  |TAMS 0x0000000087500000, 0x0000000087400000| Complete 
| 117|0x0000000087500000, 0x0000000087600000, 0x0000000087600000|100%|HC|  |TAMS 0x0000000087600000, 0x0000000087500000| Complete 
| 118|0x0000000087600000, 0x0000000087700000, 0x0000000087700000|100%|HC|  |TAMS 0x0000000087700000, 0x0000000087600000| Complete 
| 119|0x0000000087700000, 0x0000000087800000, 0x0000000087800000|100%| O|  |TAMS 0x0000000087800000, 0x0000000087700000| Untracked 
| 120|0x0000000087800000, 0x0000000087900000, 0x0000000087900000|100%|HS|  |TAMS 0x0000000087900000, 0x0000000087800000| Complete 
| 121|0x0000000087900000, 0x0000000087a00000, 0x0000000087a00000|100%|HC|  |TAMS 0x0000000087a00000, 0x0000000087900000| Complete 
| 122|0x0000000087a00000, 0x0000000087b00000, 0x0000000087b00000|100%|HS|  |TAMS 0x0000000087b00000, 0x0000000087a00000| Complete 
| 123|0x0000000087b00000, 0x0000000087c00000, 0x0000000087c00000|100%|HC|  |TAMS 0x0000000087c00000, 0x0000000087b00000| Complete 
| 124|0x0000000087c00000, 0x0000000087d00000, 0x0000000087d00000|100%|HC|  |TAMS 0x0000000087d00000, 0x0000000087c00000| Complete 
| 125|0x0000000087d00000, 0x0000000087e00000, 0x0000000087e00000|100%|HS|  |TAMS 0x0000000087e00000, 0x0000000087d00000| Complete 
| 126|0x0000000087e00000, 0x0000000087f00000, 0x0000000087f00000|100%|HC|  |TAMS 0x0000000087f00000, 0x0000000087e00000| Complete 
| 127|0x0000000087f00000, 0x0000000088000000, 0x0000000088000000|100%|HC|  |TAMS 0x0000000088000000, 0x0000000087f00000| Complete 
| 128|0x0000000088000000, 0x0000000088100000, 0x0000000088100000|100%|HC|  |TAMS 0x0000000088100000, 0x0000000088000000| Complete 
| 129|0x0000000088100000, 0x0000000088200000, 0x0000000088200000|100%|HS|  |TAMS 0x0000000088200000, 0x0000000088100000| Complete 
| 130|0x0000000088200000, 0x0000000088300000, 0x0000000088300000|100%|HC|  |TAMS 0x0000000088300000, 0x0000000088200000| Complete 
| 131|0x0000000088300000, 0x0000000088400000, 0x0000000088400000|100%|HC|  |TAMS 0x0000000088400000, 0x0000000088300000| Complete 
| 132|0x0000000088400000, 0x0000000088500000, 0x0000000088500000|100%|HS|  |TAMS 0x0000000088500000, 0x0000000088400000| Complete 
| 133|0x0000000088500000, 0x0000000088600000, 0x0000000088600000|100%|HC|  |TAMS 0x0000000088600000, 0x0000000088500000| Complete 
| 134|0x0000000088600000, 0x0000000088700000, 0x0000000088700000|100%|HC|  |TAMS 0x0000000088700000, 0x0000000088600000| Complete 
| 135|0x0000000088700000, 0x0000000088800000, 0x0000000088800000|100%|HC|  |TAMS 0x0000000088800000, 0x0000000088700000| Complete 
| 136|0x0000000088800000, 0x0000000088900000, 0x0000000088900000|100%|HS|  |TAMS 0x0000000088900000, 0x0000000088800000| Complete 
| 137|0x0000000088900000, 0x0000000088a00000, 0x0000000088a00000|100%|HC|  |TAMS 0x0000000088a00000, 0x0000000088900000| Complete 
| 138|0x0000000088a00000, 0x0000000088b00000, 0x0000000088b00000|100%|HC|  |TAMS 0x0000000088b00000, 0x0000000088a00000| Complete 
| 139|0x0000000088b00000, 0x0000000088c00000, 0x0000000088c00000|100%| O|  |TAMS 0x0000000088c00000, 0x0000000088b00000| Untracked 
| 140|0x0000000088c00000, 0x0000000088d00000, 0x0000000088d00000|100%| O|  |TAMS 0x0000000088d00000, 0x0000000088c00000| Untracked 
| 141|0x0000000088d00000, 0x0000000088e00000, 0x0000000088e00000|100%| O|  |TAMS 0x0000000088e00000, 0x0000000088d00000| Untracked 
| 142|0x0000000088e00000, 0x0000000088f00000, 0x0000000088f00000|100%|HS|  |TAMS 0x0000000088f00000, 0x0000000088e00000| Complete 
| 143|0x0000000088f00000, 0x0000000089000000, 0x0000000089000000|100%|HC|  |TAMS 0x0000000089000000, 0x0000000088f00000| Complete 
| 144|0x0000000089000000, 0x0000000089100000, 0x0000000089100000|100%|HC|  |TAMS 0x0000000089100000, 0x0000000089000000| Complete 
| 145|0x0000000089100000, 0x0000000089200000, 0x0000000089200000|100%|HC|  |TAMS 0x0000000089200000, 0x0000000089100000| Complete 
| 146|0x0000000089200000, 0x0000000089300000, 0x0000000089300000|100%| O|  |TAMS 0x0000000089300000, 0x0000000089200000| Untracked 
| 147|0x0000000089300000, 0x0000000089400000, 0x0000000089400000|100%| O|  |TAMS 0x0000000089400000, 0x0000000089300000| Untracked 
| 148|0x0000000089400000, 0x0000000089500000, 0x0000000089500000|100%| O|  |TAMS 0x0000000089500000, 0x0000000089400000| Untracked 
| 149|0x0000000089500000, 0x0000000089600000, 0x0000000089600000|100%| O|  |TAMS 0x0000000089600000, 0x0000000089500000| Untracked 
| 150|0x0000000089600000, 0x0000000089700000, 0x0000000089700000|100%| O|  |TAMS 0x0000000089700000, 0x0000000089600000| Untracked 
| 151|0x0000000089700000, 0x0000000089800000, 0x0000000089800000|100%| O|  |TAMS 0x0000000089800000, 0x0000000089700000| Untracked 
| 152|0x0000000089800000, 0x0000000089900000, 0x0000000089900000|100%| O|  |TAMS 0x0000000089900000, 0x0000000089800000| Untracked 
| 153|0x0000000089900000, 0x0000000089a00000, 0x0000000089a00000|100%| O|  |TAMS 0x0000000089a00000, 0x0000000089900000| Untracked 
| 154|0x0000000089a00000, 0x0000000089b00000, 0x0000000089b00000|100%| O|  |TAMS 0x0000000089b00000, 0x0000000089a00000| Untracked 
| 155|0x0000000089b00000, 0x0000000089c00000, 0x0000000089c00000|100%| O|  |TAMS 0x0000000089c00000, 0x0000000089b00000| Untracked 
| 156|0x0000000089c00000, 0x0000000089d00000, 0x0000000089d00000|100%| O|  |TAMS 0x0000000089d00000, 0x0000000089c00000| Untracked 
| 157|0x0000000089d00000, 0x0000000089e00000, 0x0000000089e00000|100%|HS|  |TAMS 0x0000000089e00000, 0x0000000089d00000| Complete 
| 158|0x0000000089e00000, 0x0000000089f00000, 0x0000000089f00000|100%|HC|  |TAMS 0x0000000089f00000, 0x0000000089e00000| Complete 
| 159|0x0000000089f00000, 0x000000008a000000, 0x000000008a000000|100%| O|  |TAMS 0x000000008a000000, 0x0000000089f00000| Untracked 
| 160|0x000000008a000000, 0x000000008a100000, 0x000000008a100000|100%| O|  |TAMS 0x000000008a100000, 0x000000008a000000| Untracked 
| 161|0x000000008a100000, 0x000000008a200000, 0x000000008a200000|100%| O|  |TAMS 0x000000008a200000, 0x000000008a100000| Untracked 
| 162|0x000000008a200000, 0x000000008a300000, 0x000000008a300000|100%| O|  |TAMS 0x000000008a300000, 0x000000008a200000| Untracked 
| 163|0x000000008a300000, 0x000000008a400000, 0x000000008a400000|100%| O|  |TAMS 0x000000008a400000, 0x000000008a300000| Untracked 
| 164|0x000000008a400000, 0x000000008a500000, 0x000000008a500000|100%| O|  |TAMS 0x000000008a500000, 0x000000008a400000| Untracked 
| 165|0x000000008a500000, 0x000000008a600000, 0x000000008a600000|100%| O|  |TAMS 0x000000008a600000, 0x000000008a500000| Untracked 
| 166|0x000000008a600000, 0x000000008a700000, 0x000000008a700000|100%| O|  |TAMS 0x000000008a700000, 0x000000008a600000| Untracked 
| 167|0x000000008a700000, 0x000000008a800000, 0x000000008a800000|100%|HS|  |TAMS 0x000000008a800000, 0x000000008a700000| Complete 
| 168|0x000000008a800000, 0x000000008a900000, 0x000000008a900000|100%| O|  |TAMS 0x000000008a900000, 0x000000008a800000| Untracked 
| 169|0x000000008a900000, 0x000000008aa00000, 0x000000008aa00000|100%| O|  |TAMS 0x000000008aa00000, 0x000000008a900000| Untracked 
| 170|0x000000008aa00000, 0x000000008ab00000, 0x000000008ab00000|100%| O|  |TAMS 0x000000008ab00000, 0x000000008aa00000| Untracked 
| 171|0x000000008ab00000, 0x000000008ac00000, 0x000000008ac00000|100%| O|  |TAMS 0x000000008ac00000, 0x000000008ab00000| Untracked 
| 172|0x000000008ac00000, 0x000000008ad00000, 0x000000008ad00000|100%| O|  |TAMS 0x000000008ad00000, 0x000000008ac00000| Untracked 
| 173|0x000000008ad00000, 0x000000008ae00000, 0x000000008ae00000|100%| O|  |TAMS 0x000000008ae00000, 0x000000008ad00000| Untracked 
| 174|0x000000008ae00000, 0x000000008af00000, 0x000000008af00000|100%| O|  |TAMS 0x000000008af00000, 0x000000008ae00000| Untracked 
| 175|0x000000008af00000, 0x000000008b000000, 0x000000008b000000|100%| O|  |TAMS 0x000000008b000000, 0x000000008af00000| Untracked 
| 176|0x000000008b000000, 0x000000008b100000, 0x000000008b100000|100%| O|  |TAMS 0x000000008b100000, 0x000000008b000000| Untracked 
| 177|0x000000008b100000, 0x000000008b200000, 0x000000008b200000|100%|HS|  |TAMS 0x000000008b200000, 0x000000008b100000| Complete 
| 178|0x000000008b200000, 0x000000008b300000, 0x000000008b300000|100%|HC|  |TAMS 0x000000008b300000, 0x000000008b200000| Complete 
| 179|0x000000008b300000, 0x000000008b400000, 0x000000008b400000|100%|HC|  |TAMS 0x000000008b400000, 0x000000008b300000| Complete 
| 180|0x000000008b400000, 0x000000008b500000, 0x000000008b500000|100%| O|  |TAMS 0x000000008b500000, 0x000000008b400000| Untracked 
| 181|0x000000008b500000, 0x000000008b600000, 0x000000008b600000|100%|HS|  |TAMS 0x000000008b600000, 0x000000008b500000| Complete 
| 182|0x000000008b600000, 0x000000008b700000, 0x000000008b700000|100%| O|  |TAMS 0x000000008b700000, 0x000000008b600000| Untracked 
| 183|0x000000008b700000, 0x000000008b800000, 0x000000008b800000|100%| O|  |TAMS 0x000000008b800000, 0x000000008b700000| Untracked 
| 184|0x000000008b800000, 0x000000008b900000, 0x000000008b900000|100%| O|  |TAMS 0x000000008b900000, 0x000000008b800000| Untracked 
| 185|0x000000008b900000, 0x000000008ba00000, 0x000000008ba00000|100%| O|  |TAMS 0x000000008ba00000, 0x000000008b900000| Untracked 
| 186|0x000000008ba00000, 0x000000008bb00000, 0x000000008bb00000|100%| O|  |TAMS 0x000000008bb00000, 0x000000008ba00000| Untracked 
| 187|0x000000008bb00000, 0x000000008bc00000, 0x000000008bc00000|100%| O|  |TAMS 0x000000008bc00000, 0x000000008bb00000| Untracked 
| 188|0x000000008bc00000, 0x000000008bd00000, 0x000000008bd00000|100%| O|  |TAMS 0x000000008bd00000, 0x000000008bc00000| Untracked 
| 189|0x000000008bd00000, 0x000000008be00000, 0x000000008be00000|100%| O|  |TAMS 0x000000008bd00000, 0x000000008bd00000| Untracked 
| 190|0x000000008be00000, 0x000000008bf00000, 0x000000008bf00000|100%| O|  |TAMS 0x000000008be00000, 0x000000008be00000| Untracked 
| 191|0x000000008bf00000, 0x000000008c000000, 0x000000008c000000|100%| O|  |TAMS 0x000000008bf00000, 0x000000008bf00000| Untracked 
| 192|0x000000008c000000, 0x000000008c100000, 0x000000008c100000|100%| O|  |TAMS 0x000000008c000000, 0x000000008c000000| Untracked 
| 193|0x000000008c100000, 0x000000008c200000, 0x000000008c200000|100%| O|  |TAMS 0x000000008c100000, 0x000000008c100000| Untracked 
| 194|0x000000008c200000, 0x000000008c300000, 0x000000008c300000|100%| O|  |TAMS 0x000000008c200000, 0x000000008c200000| Untracked 
| 195|0x000000008c300000, 0x000000008c400000, 0x000000008c400000|100%| O|  |TAMS 0x000000008c400000, 0x000000008c300000| Untracked 
| 196|0x000000008c400000, 0x000000008c500000, 0x000000008c500000|100%| O|  |TAMS 0x000000008c500000, 0x000000008c400000| Untracked 
| 197|0x000000008c500000, 0x000000008c600000, 0x000000008c600000|100%| O|  |TAMS 0x000000008c600000, 0x000000008c500000| Untracked 
| 198|0x000000008c600000, 0x000000008c700000, 0x000000008c700000|100%| O|  |TAMS 0x000000008c700000, 0x000000008c600000| Untracked 
| 199|0x000000008c700000, 0x000000008c800000, 0x000000008c800000|100%| O|  |TAMS 0x000000008c800000, 0x000000008c700000| Untracked 
| 200|0x000000008c800000, 0x000000008c900000, 0x000000008c900000|100%| O|  |TAMS 0x000000008c800000, 0x000000008c800000| Untracked 
| 201|0x000000008c900000, 0x000000008ca00000, 0x000000008ca00000|100%| O|  |TAMS 0x000000008c900000, 0x000000008c900000| Untracked 
| 202|0x000000008ca00000, 0x000000008cb00000, 0x000000008cb00000|100%| O|  |TAMS 0x000000008ca00000, 0x000000008ca00000| Untracked 
| 203|0x000000008cb00000, 0x000000008cc00000, 0x000000008cc00000|100%| O|  |TAMS 0x000000008cb00000, 0x000000008cb00000| Untracked 
| 204|0x000000008cc00000, 0x000000008cd00000, 0x000000008cd00000|100%| O|  |TAMS 0x000000008cc00000, 0x000000008cc00000| Untracked 
| 205|0x000000008cd00000, 0x000000008ce00000, 0x000000008ce00000|100%| O|  |TAMS 0x000000008cd00000, 0x000000008cd00000| Untracked 
| 206|0x000000008ce00000, 0x000000008cf00000, 0x000000008cf00000|100%| O|  |TAMS 0x000000008ce00000, 0x000000008ce00000| Untracked 
| 207|0x000000008cf00000, 0x000000008d000000, 0x000000008d000000|100%| O|  |TAMS 0x000000008cf00000, 0x000000008cf00000| Untracked 
| 208|0x000000008d000000, 0x000000008d100000, 0x000000008d100000|100%| O|  |TAMS 0x000000008d000000, 0x000000008d000000| Untracked 
| 209|0x000000008d100000, 0x000000008d200000, 0x000000008d200000|100%| O|  |TAMS 0x000000008d100000, 0x000000008d100000| Untracked 
| 210|0x000000008d200000, 0x000000008d300000, 0x000000008d300000|100%| O|  |TAMS 0x000000008d200000, 0x000000008d200000| Untracked 
| 211|0x000000008d300000, 0x000000008d300000, 0x000000008d400000|  0%| F|  |TAMS 0x000000008d300000, 0x000000008d300000| Untracked 
| 212|0x000000008d400000, 0x000000008d400000, 0x000000008d500000|  0%| F|  |TAMS 0x000000008d400000, 0x000000008d400000| Untracked 
| 213|0x000000008d500000, 0x000000008d5c8000, 0x000000008d600000| 78%| O|  |TAMS 0x000000008d500000, 0x000000008d500000| Untracked 
| 214|0x000000008d600000, 0x000000008d600000, 0x000000008d700000|  0%| F|  |TAMS 0x000000008d600000, 0x000000008d600000| Untracked 
| 215|0x000000008d700000, 0x000000008d700000, 0x000000008d800000|  0%| F|  |TAMS 0x000000008d700000, 0x000000008d700000| Untracked 
| 216|0x000000008d800000, 0x000000008d800000, 0x000000008d900000|  0%| F|  |TAMS 0x000000008d800000, 0x000000008d800000| Untracked 
| 217|0x000000008d900000, 0x000000008d900000, 0x000000008da00000|  0%| F|  |TAMS 0x000000008d900000, 0x000000008d900000| Untracked 
| 218|0x000000008da00000, 0x000000008da00000, 0x000000008db00000|  0%| F|  |TAMS 0x000000008da00000, 0x000000008da00000| Untracked 
| 219|0x000000008db00000, 0x000000008db00000, 0x000000008dc00000|  0%| F|  |TAMS 0x000000008db00000, 0x000000008db00000| Untracked 
| 220|0x000000008dc00000, 0x000000008dc00000, 0x000000008dd00000|  0%| F|  |TAMS 0x000000008dc00000, 0x000000008dc00000| Untracked 
| 221|0x000000008dd00000, 0x000000008dd00000, 0x000000008de00000|  0%| F|  |TAMS 0x000000008dd00000, 0x000000008dd00000| Untracked 
| 222|0x000000008de00000, 0x000000008df00000, 0x000000008df00000|100%| O|  |TAMS 0x000000008df00000, 0x000000008de00000| Untracked 
| 223|0x000000008df00000, 0x000000008e000000, 0x000000008e000000|100%| O|  |TAMS 0x000000008e000000, 0x000000008df00000| Untracked 
| 224|0x000000008e000000, 0x000000008e100000, 0x000000008e100000|100%| O|  |TAMS 0x000000008e100000, 0x000000008e000000| Untracked 
| 225|0x000000008e100000, 0x000000008e200000, 0x000000008e200000|100%| O|  |TAMS 0x000000008e200000, 0x000000008e100000| Untracked 
| 226|0x000000008e200000, 0x000000008e200000, 0x000000008e300000|  0%| F|  |TAMS 0x000000008e200000, 0x000000008e200000| Untracked 
| 227|0x000000008e300000, 0x000000008e300000, 0x000000008e400000|  0%| F|  |TAMS 0x000000008e300000, 0x000000008e300000| Untracked 
| 228|0x000000008e400000, 0x000000008e400000, 0x000000008e500000|  0%| F|  |TAMS 0x000000008e400000, 0x000000008e400000| Untracked 
| 229|0x000000008e500000, 0x000000008e500000, 0x000000008e600000|  0%| F|  |TAMS 0x000000008e500000, 0x000000008e500000| Untracked 
| 230|0x000000008e600000, 0x000000008e600000, 0x000000008e700000|  0%| F|  |TAMS 0x000000008e600000, 0x000000008e600000| Untracked 
| 231|0x000000008e700000, 0x000000008e700000, 0x000000008e800000|  0%| F|  |TAMS 0x000000008e700000, 0x000000008e700000| Untracked 
| 232|0x000000008e800000, 0x000000008e800000, 0x000000008e900000|  0%| F|  |TAMS 0x000000008e800000, 0x000000008e800000| Untracked 
| 233|0x000000008e900000, 0x000000008e900000, 0x000000008ea00000|  0%| F|  |TAMS 0x000000008e900000, 0x000000008e900000| Untracked 
| 234|0x000000008ea00000, 0x000000008ea00000, 0x000000008eb00000|  0%| F|  |TAMS 0x000000008ea00000, 0x000000008ea00000| Untracked 
| 235|0x000000008eb00000, 0x000000008eb00000, 0x000000008ec00000|  0%| F|  |TAMS 0x000000008eb00000, 0x000000008eb00000| Untracked 
| 236|0x000000008ec00000, 0x000000008ec00000, 0x000000008ed00000|  0%| F|  |TAMS 0x000000008ec00000, 0x000000008ec00000| Untracked 
| 237|0x000000008ed00000, 0x000000008ed00000, 0x000000008ee00000|  0%| F|  |TAMS 0x000000008ed00000, 0x000000008ed00000| Untracked 
| 238|0x000000008ee00000, 0x000000008ee00000, 0x000000008ef00000|  0%| F|  |TAMS 0x000000008ee00000, 0x000000008ee00000| Untracked 
| 239|0x000000008ef00000, 0x000000008ef00000, 0x000000008f000000|  0%| F|  |TAMS 0x000000008ef00000, 0x000000008ef00000| Untracked 
| 240|0x000000008f000000, 0x000000008f000000, 0x000000008f100000|  0%| F|  |TAMS 0x000000008f000000, 0x000000008f000000| Untracked 
| 241|0x000000008f100000, 0x000000008f100000, 0x000000008f200000|  0%| F|  |TAMS 0x000000008f100000, 0x000000008f100000| Untracked 
| 242|0x000000008f200000, 0x000000008f200000, 0x000000008f300000|  0%| F|  |TAMS 0x000000008f200000, 0x000000008f200000| Untracked 
| 243|0x000000008f300000, 0x000000008f300000, 0x000000008f400000|  0%| F|  |TAMS 0x000000008f300000, 0x000000008f300000| Untracked 
| 244|0x000000008f400000, 0x000000008f400000, 0x000000008f500000|  0%| F|  |TAMS 0x000000008f400000, 0x000000008f400000| Untracked 
| 245|0x000000008f500000, 0x000000008f500000, 0x000000008f600000|  0%| F|  |TAMS 0x000000008f500000, 0x000000008f500000| Untracked 
| 246|0x000000008f600000, 0x000000008f600000, 0x000000008f700000|  0%| F|  |TAMS 0x000000008f600000, 0x000000008f600000| Untracked 
| 247|0x000000008f700000, 0x000000008f700000, 0x000000008f800000|  0%| F|  |TAMS 0x000000008f700000, 0x000000008f700000| Untracked 
| 248|0x000000008f800000, 0x000000008f800000, 0x000000008f900000|  0%| F|  |TAMS 0x000000008f800000, 0x000000008f800000| Untracked 
| 249|0x000000008f900000, 0x000000008f900000, 0x000000008fa00000|  0%| F|  |TAMS 0x000000008f900000, 0x000000008f900000| Untracked 
| 250|0x000000008fa00000, 0x000000008fa00000, 0x000000008fb00000|  0%| F|  |TAMS 0x000000008fa00000, 0x000000008fa00000| Untracked 
| 251|0x000000008fb00000, 0x000000008fb00000, 0x000000008fc00000|  0%| F|  |TAMS 0x000000008fb00000, 0x000000008fb00000| Untracked 
| 252|0x000000008fc00000, 0x000000008fc00000, 0x000000008fd00000|  0%| F|  |TAMS 0x000000008fc00000, 0x000000008fc00000| Untracked 
| 253|0x000000008fd00000, 0x000000008fd00000, 0x000000008fe00000|  0%| F|  |TAMS 0x000000008fd00000, 0x000000008fd00000| Untracked 
| 254|0x000000008fe00000, 0x000000008fe00000, 0x000000008ff00000|  0%| F|  |TAMS 0x000000008fe00000, 0x000000008fe00000| Untracked 
| 255|0x000000008ff00000, 0x000000008ff00000, 0x0000000090000000|  0%| F|  |TAMS 0x000000008ff00000, 0x000000008ff00000| Untracked 
| 256|0x0000000090000000, 0x0000000090000000, 0x0000000090100000|  0%| F|  |TAMS 0x0000000090000000, 0x0000000090000000| Untracked 
| 257|0x0000000090100000, 0x0000000090100000, 0x0000000090200000|  0%| F|  |TAMS 0x0000000090100000, 0x0000000090100000| Untracked 
| 258|0x0000000090200000, 0x0000000090200000, 0x0000000090300000|  0%| F|  |TAMS 0x0000000090200000, 0x0000000090200000| Untracked 
| 259|0x0000000090300000, 0x0000000090300000, 0x0000000090400000|  0%| F|  |TAMS 0x0000000090300000, 0x0000000090300000| Untracked 
| 260|0x0000000090400000, 0x0000000090400000, 0x0000000090500000|  0%| F|  |TAMS 0x0000000090400000, 0x0000000090400000| Untracked 
| 261|0x0000000090500000, 0x0000000090500000, 0x0000000090600000|  0%| F|  |TAMS 0x0000000090500000, 0x0000000090500000| Untracked 
| 262|0x0000000090600000, 0x0000000090600000, 0x0000000090700000|  0%| F|  |TAMS 0x0000000090600000, 0x0000000090600000| Untracked 
| 263|0x0000000090700000, 0x0000000090700000, 0x0000000090800000|  0%| F|  |TAMS 0x0000000090700000, 0x0000000090700000| Untracked 
| 264|0x0000000090800000, 0x0000000090800000, 0x0000000090900000|  0%| F|  |TAMS 0x0000000090800000, 0x0000000090800000| Untracked 
| 265|0x0000000090900000, 0x0000000090900000, 0x0000000090a00000|  0%| F|  |TAMS 0x0000000090900000, 0x0000000090900000| Untracked 
| 266|0x0000000090a00000, 0x0000000090a00000, 0x0000000090b00000|  0%| F|  |TAMS 0x0000000090a00000, 0x0000000090a00000| Untracked 
| 267|0x0000000090b00000, 0x0000000090b00000, 0x0000000090c00000|  0%| F|  |TAMS 0x0000000090b00000, 0x0000000090b00000| Untracked 
| 268|0x0000000090c00000, 0x0000000090c00000, 0x0000000090d00000|  0%| F|  |TAMS 0x0000000090c00000, 0x0000000090c00000| Untracked 
| 269|0x0000000090d00000, 0x0000000090d00000, 0x0000000090e00000|  0%| F|  |TAMS 0x0000000090d00000, 0x0000000090d00000| Untracked 
| 270|0x0000000090e00000, 0x0000000090e00000, 0x0000000090f00000|  0%| F|  |TAMS 0x0000000090e00000, 0x0000000090e00000| Untracked 
| 271|0x0000000090f00000, 0x0000000090f00000, 0x0000000091000000|  0%| F|  |TAMS 0x0000000090f00000, 0x0000000090f00000| Untracked 
| 272|0x0000000091000000, 0x0000000091000000, 0x0000000091100000|  0%| F|  |TAMS 0x0000000091000000, 0x0000000091000000| Untracked 
| 273|0x0000000091100000, 0x0000000091100000, 0x0000000091200000|  0%| F|  |TAMS 0x0000000091100000, 0x0000000091100000| Untracked 
| 274|0x0000000091200000, 0x0000000091200000, 0x0000000091300000|  0%| F|  |TAMS 0x0000000091200000, 0x0000000091200000| Untracked 
| 275|0x0000000091300000, 0x0000000091300000, 0x0000000091400000|  0%| F|  |TAMS 0x0000000091300000, 0x0000000091300000| Untracked 
| 276|0x0000000091400000, 0x0000000091400000, 0x0000000091500000|  0%| F|  |TAMS 0x0000000091400000, 0x0000000091400000| Untracked 
| 277|0x0000000091500000, 0x0000000091500000, 0x0000000091600000|  0%| F|  |TAMS 0x0000000091500000, 0x0000000091500000| Untracked 
| 278|0x0000000091600000, 0x0000000091600000, 0x0000000091700000|  0%| F|  |TAMS 0x0000000091600000, 0x0000000091600000| Untracked 
| 279|0x0000000091700000, 0x0000000091700000, 0x0000000091800000|  0%| F|  |TAMS 0x0000000091700000, 0x0000000091700000| Untracked 
| 280|0x0000000091800000, 0x0000000091800000, 0x0000000091900000|  0%| F|  |TAMS 0x0000000091800000, 0x0000000091800000| Untracked 
| 281|0x0000000091900000, 0x0000000091900000, 0x0000000091a00000|  0%| F|  |TAMS 0x0000000091900000, 0x0000000091900000| Untracked 
| 282|0x0000000091a00000, 0x0000000091a00000, 0x0000000091b00000|  0%| F|  |TAMS 0x0000000091a00000, 0x0000000091a00000| Untracked 
| 283|0x0000000091b00000, 0x0000000091b00000, 0x0000000091c00000|  0%| F|  |TAMS 0x0000000091b00000, 0x0000000091b00000| Untracked 
| 284|0x0000000091c00000, 0x0000000091c00000, 0x0000000091d00000|  0%| F|  |TAMS 0x0000000091c00000, 0x0000000091c00000| Untracked 
| 285|0x0000000091d00000, 0x0000000091d00000, 0x0000000091e00000|  0%| F|  |TAMS 0x0000000091d00000, 0x0000000091d00000| Untracked 
| 286|0x0000000091e00000, 0x0000000091e00000, 0x0000000091f00000|  0%| F|  |TAMS 0x0000000091e00000, 0x0000000091e00000| Untracked 
| 287|0x0000000091f00000, 0x0000000091f00000, 0x0000000092000000|  0%| F|  |TAMS 0x0000000091f00000, 0x0000000091f00000| Untracked 
| 288|0x0000000092000000, 0x0000000092000000, 0x0000000092100000|  0%| F|  |TAMS 0x0000000092000000, 0x0000000092000000| Untracked 
| 289|0x0000000092100000, 0x0000000092100000, 0x0000000092200000|  0%| F|  |TAMS 0x0000000092100000, 0x0000000092100000| Untracked 
| 290|0x0000000092200000, 0x0000000092200000, 0x0000000092300000|  0%| F|  |TAMS 0x0000000092200000, 0x0000000092200000| Untracked 
| 291|0x0000000092300000, 0x0000000092300000, 0x0000000092400000|  0%| F|  |TAMS 0x0000000092300000, 0x0000000092300000| Untracked 
| 292|0x0000000092400000, 0x0000000092400000, 0x0000000092500000|  0%| F|  |TAMS 0x0000000092400000, 0x0000000092400000| Untracked 
| 293|0x0000000092500000, 0x0000000092500000, 0x0000000092600000|  0%| F|  |TAMS 0x0000000092500000, 0x0000000092500000| Untracked 
| 294|0x0000000092600000, 0x0000000092600000, 0x0000000092700000|  0%| F|  |TAMS 0x0000000092600000, 0x0000000092600000| Untracked 
| 295|0x0000000092700000, 0x0000000092700000, 0x0000000092800000|  0%| F|  |TAMS 0x0000000092700000, 0x0000000092700000| Untracked 
| 296|0x0000000092800000, 0x0000000092800000, 0x0000000092900000|  0%| F|  |TAMS 0x0000000092800000, 0x0000000092800000| Untracked 
| 297|0x0000000092900000, 0x0000000092900000, 0x0000000092a00000|  0%| F|  |TAMS 0x0000000092900000, 0x0000000092900000| Untracked 
| 298|0x0000000092a00000, 0x0000000092a00000, 0x0000000092b00000|  0%| F|  |TAMS 0x0000000092a00000, 0x0000000092a00000| Untracked 
| 299|0x0000000092b00000, 0x0000000092b00000, 0x0000000092c00000|  0%| F|  |TAMS 0x0000000092b00000, 0x0000000092b00000| Untracked 
| 300|0x0000000092c00000, 0x0000000092c00000, 0x0000000092d00000|  0%| F|  |TAMS 0x0000000092c00000, 0x0000000092c00000| Untracked 
| 301|0x0000000092d00000, 0x0000000092d00000, 0x0000000092e00000|  0%| F|  |TAMS 0x0000000092d00000, 0x0000000092d00000| Untracked 
| 302|0x0000000092e00000, 0x0000000092e00000, 0x0000000092f00000|  0%| F|  |TAMS 0x0000000092e00000, 0x0000000092e00000| Untracked 
| 303|0x0000000092f00000, 0x0000000092f00000, 0x0000000093000000|  0%| F|  |TAMS 0x0000000092f00000, 0x0000000092f00000| Untracked 
| 304|0x0000000093000000, 0x0000000093000000, 0x0000000093100000|  0%| F|  |TAMS 0x0000000093000000, 0x0000000093000000| Untracked 
| 305|0x0000000093100000, 0x0000000093200000, 0x0000000093200000|100%| S|CS|TAMS 0x0000000093100000, 0x0000000093100000| Complete 
| 306|0x0000000093200000, 0x0000000093300000, 0x0000000093300000|100%| S|CS|TAMS 0x0000000093200000, 0x0000000093200000| Complete 
| 307|0x0000000093300000, 0x0000000093400000, 0x0000000093400000|100%| S|CS|TAMS 0x0000000093300000, 0x0000000093300000| Complete 
| 308|0x0000000093400000, 0x0000000093500000, 0x0000000093500000|100%| S|CS|TAMS 0x0000000093400000, 0x0000000093400000| Complete 
| 309|0x0000000093500000, 0x0000000093600000, 0x0000000093600000|100%| S|CS|TAMS 0x0000000093500000, 0x0000000093500000| Complete 
| 310|0x0000000093600000, 0x0000000093700000, 0x0000000093700000|100%| S|CS|TAMS 0x0000000093600000, 0x0000000093600000| Complete 
| 311|0x0000000093700000, 0x0000000093700000, 0x0000000093800000|  0%| F|  |TAMS 0x0000000093700000, 0x0000000093700000| Untracked 
| 312|0x0000000093800000, 0x0000000093800000, 0x0000000093900000|  0%| F|  |TAMS 0x0000000093800000, 0x0000000093800000| Untracked 
| 313|0x0000000093900000, 0x0000000093900000, 0x0000000093a00000|  0%| F|  |TAMS 0x0000000093900000, 0x0000000093900000| Untracked 
| 314|0x0000000093a00000, 0x0000000093a00000, 0x0000000093b00000|  0%| F|  |TAMS 0x0000000093a00000, 0x0000000093a00000| Untracked 
| 315|0x0000000093b00000, 0x0000000093b00000, 0x0000000093c00000|  0%| F|  |TAMS 0x0000000093b00000, 0x0000000093b00000| Untracked 
| 316|0x0000000093c00000, 0x0000000093c00000, 0x0000000093d00000|  0%| F|  |TAMS 0x0000000093c00000, 0x0000000093c00000| Untracked 
| 317|0x0000000093d00000, 0x0000000093d00000, 0x0000000093e00000|  0%| F|  |TAMS 0x0000000093d00000, 0x0000000093d00000| Untracked 
| 318|0x0000000093e00000, 0x0000000093e00000, 0x0000000093f00000|  0%| F|  |TAMS 0x0000000093e00000, 0x0000000093e00000| Untracked 
| 319|0x0000000093f00000, 0x0000000093f00000, 0x0000000094000000|  0%| F|  |TAMS 0x0000000093f00000, 0x0000000093f00000| Untracked 
| 320|0x0000000094000000, 0x0000000094000000, 0x0000000094100000|  0%| F|  |TAMS 0x0000000094000000, 0x0000000094000000| Untracked 
| 321|0x0000000094100000, 0x0000000094100000, 0x0000000094200000|  0%| F|  |TAMS 0x0000000094100000, 0x0000000094100000| Untracked 
| 322|0x0000000094200000, 0x0000000094200000, 0x0000000094300000|  0%| F|  |TAMS 0x0000000094200000, 0x0000000094200000| Untracked 
| 323|0x0000000094300000, 0x0000000094300000, 0x0000000094400000|  0%| F|  |TAMS 0x0000000094300000, 0x0000000094300000| Untracked 
| 324|0x0000000094400000, 0x0000000094400000, 0x0000000094500000|  0%| F|  |TAMS 0x0000000094400000, 0x0000000094400000| Untracked 
| 325|0x0000000094500000, 0x0000000094500000, 0x0000000094600000|  0%| F|  |TAMS 0x0000000094500000, 0x0000000094500000| Untracked 
| 326|0x0000000094600000, 0x0000000094600000, 0x0000000094700000|  0%| F|  |TAMS 0x0000000094600000, 0x0000000094600000| Untracked 
| 327|0x0000000094700000, 0x0000000094700000, 0x0000000094800000|  0%| F|  |TAMS 0x0000000094700000, 0x0000000094700000| Untracked 
| 328|0x0000000094800000, 0x0000000094800000, 0x0000000094900000|  0%| F|  |TAMS 0x0000000094800000, 0x0000000094800000| Untracked 
| 329|0x0000000094900000, 0x0000000094900000, 0x0000000094a00000|  0%| F|  |TAMS 0x0000000094900000, 0x0000000094900000| Untracked 
| 330|0x0000000094a00000, 0x0000000094a00000, 0x0000000094b00000|  0%| F|  |TAMS 0x0000000094a00000, 0x0000000094a00000| Untracked 
| 331|0x0000000094b00000, 0x0000000094b00000, 0x0000000094c00000|  0%| F|  |TAMS 0x0000000094b00000, 0x0000000094b00000| Untracked 
| 332|0x0000000094c00000, 0x0000000094c00000, 0x0000000094d00000|  0%| F|  |TAMS 0x0000000094c00000, 0x0000000094c00000| Untracked 
| 333|0x0000000094d00000, 0x0000000094d00000, 0x0000000094e00000|  0%| F|  |TAMS 0x0000000094d00000, 0x0000000094d00000| Untracked 
| 334|0x0000000094e00000, 0x0000000094e00000, 0x0000000094f00000|  0%| F|  |TAMS 0x0000000094e00000, 0x0000000094e00000| Untracked 
| 335|0x0000000094f00000, 0x0000000094f00000, 0x0000000095000000|  0%| F|  |TAMS 0x0000000094f00000, 0x0000000094f00000| Untracked 
| 336|0x0000000095000000, 0x0000000095000000, 0x0000000095100000|  0%| F|  |TAMS 0x0000000095000000, 0x0000000095000000| Untracked 
| 337|0x0000000095100000, 0x0000000095100000, 0x0000000095200000|  0%| F|  |TAMS 0x0000000095100000, 0x0000000095100000| Untracked 
| 338|0x0000000095200000, 0x0000000095200000, 0x0000000095300000|  0%| F|  |TAMS 0x0000000095200000, 0x0000000095200000| Untracked 
| 339|0x0000000095300000, 0x0000000095300000, 0x0000000095400000|  0%| F|  |TAMS 0x0000000095300000, 0x0000000095300000| Untracked 
| 340|0x0000000095400000, 0x0000000095400000, 0x0000000095500000|  0%| F|  |TAMS 0x0000000095400000, 0x0000000095400000| Untracked 
| 341|0x0000000095500000, 0x0000000095500000, 0x0000000095600000|  0%| F|  |TAMS 0x0000000095500000, 0x0000000095500000| Untracked 
| 342|0x0000000095600000, 0x0000000095600000, 0x0000000095700000|  0%| F|  |TAMS 0x0000000095600000, 0x0000000095600000| Untracked 
| 343|0x0000000095700000, 0x0000000095700000, 0x0000000095800000|  0%| F|  |TAMS 0x0000000095700000, 0x0000000095700000| Untracked 
| 344|0x0000000095800000, 0x0000000095800000, 0x0000000095900000|  0%| F|  |TAMS 0x0000000095800000, 0x0000000095800000| Untracked 
| 345|0x0000000095900000, 0x0000000095900000, 0x0000000095a00000|  0%| F|  |TAMS 0x0000000095900000, 0x0000000095900000| Untracked 
| 346|0x0000000095a00000, 0x0000000095a00000, 0x0000000095b00000|  0%| F|  |TAMS 0x0000000095a00000, 0x0000000095a00000| Untracked 
| 347|0x0000000095b00000, 0x0000000095b112b8, 0x0000000095c00000|  6%| E|  |TAMS 0x0000000095b00000, 0x0000000095b00000| Complete 
| 348|0x0000000095c00000, 0x0000000095d00000, 0x0000000095d00000|100%| E|CS|TAMS 0x0000000095c00000, 0x0000000095c00000| Complete 
| 349|0x0000000095d00000, 0x0000000095e00000, 0x0000000095e00000|100%| E|CS|TAMS 0x0000000095d00000, 0x0000000095d00000| Complete 
| 350|0x0000000095e00000, 0x0000000095f00000, 0x0000000095f00000|100%| E|CS|TAMS 0x0000000095e00000, 0x0000000095e00000| Complete 
| 351|0x0000000095f00000, 0x0000000096000000, 0x0000000096000000|100%| E|CS|TAMS 0x0000000095f00000, 0x0000000095f00000| Complete 
| 352|0x0000000096000000, 0x0000000096100000, 0x0000000096100000|100%| E|CS|TAMS 0x0000000096000000, 0x0000000096000000| Complete 
| 353|0x0000000096100000, 0x0000000096200000, 0x0000000096200000|100%| E|CS|TAMS 0x0000000096100000, 0x0000000096100000| Complete 

Card table byte_map: [0x000001af25490000,0x000001af25890000] _byte_map_base: 0x000001af25090000

Marking Bits (Prev, Next): (CMBitMap*) 0x000001af11faf2f0, (CMBitMap*) 0x000001af11faf2b8
 Prev Bits: [0x000001af27c90000, 0x000001af29c90000)
 Next Bits: [0x000001af25c90000, 0x000001af27c90000)

Polling page: 0x000001af108e0000

Metaspace:

Usage:
  Non-class:    141.80 MB capacity,   139.46 MB ( 98%) used,     1.86 MB (  1%) free+waste,   499.06 KB ( <1%) overhead. 
      Class:     21.30 MB capacity,    19.77 MB ( 93%) used,     1.32 MB (  6%) free+waste,   218.69 KB (  1%) overhead. 
       Both:    163.11 MB capacity,   159.22 MB ( 98%) used,     3.18 MB (  2%) free+waste,   717.75 KB ( <1%) overhead. 

Virtual space:
  Non-class space:      144.00 MB reserved,     143.08 MB (>99%) committed 
      Class space:        1.00 GB reserved,      21.75 MB (  2%) committed 
             Both:        1.14 GB reserved,     164.83 MB ( 14%) committed 

Chunk freelists:
   Non-Class:  1.22 MB
       Class:  456.00 KB
        Both:  1.66 MB

MaxMetaspaceSize: 17179869184.00 GB
CompressedClassSpaceSize: 1.00 GB

CodeHeap 'non-profiled nmethods': size=120064Kb used=15934Kb max_used=16657Kb free=104129Kb
 bounds [0x000001af1d530000, 0x000001af1e590000, 0x000001af24a70000]
CodeHeap 'profiled nmethods': size=120000Kb used=51132Kb max_used=53455Kb free=68867Kb
 bounds [0x000001af16000000, 0x000001af19450000, 0x000001af1d530000]
CodeHeap 'non-nmethods': size=5696Kb used=2453Kb max_used=2518Kb free=3242Kb
 bounds [0x000001af15a70000, 0x000001af15cf0000, 0x000001af16000000]
 total_blobs=23779 nmethods=22673 adapters=1016
 compilation: enabled
              stopped_count=0, restarted_count=0
 full_count=0

Compilation events (20 events):
Event: 5109.946 Thread 0x000001af2cb8d800 25776       2       com.android.tools.r8.graph.x::d (73 bytes)
Event: 5109.946 Thread 0x000001af2cb8d800 nmethod 25776 0x000001af162ccb90 code [0x000001af162ccdc0, 0x000001af162cd2d8]
Event: 5109.947 Thread 0x000001af2cb8d800 25777       2       com.android.tools.r8.code.w2::<init> (7 bytes)
Event: 5109.947 Thread 0x000001af2cb8d800 nmethod 25777 0x000001af1626ef10 code [0x000001af1626f0e0, 0x000001af1626f318]
Event: 5109.948 Thread 0x000001af2cb8d800 25778       2       com.android.tools.r8.graph.M$b$a::<init> (15 bytes)
Event: 5109.948 Thread 0x000001af2cb8d800 nmethod 25778 0x000001af16250b10 code [0x000001af16250cc0, 0x000001af16250e18]
Event: 5109.948 Thread 0x000001af2cb8d800 25779       2       com.android.tools.r8.graph.M$b$a::hashCode (16 bytes)
Event: 5109.948 Thread 0x000001af2cb8d800 nmethod 25779 0x000001af16291690 code [0x000001af16291840, 0x000001af16291968]
Event: 5109.948 Thread 0x000001af2cb8d800 25780       2       com.android.tools.r8.code.t1::<init> (13 bytes)
Event: 5109.948 Thread 0x000001af2cb8d800 nmethod 25780 0x000001af16298d90 code [0x000001af16298f40, 0x000001af16299068]
Event: 5109.956 Thread 0x000001af2cb8d800 25782       2       com.android.tools.r8.code.d1::<init> (7 bytes)
Event: 5109.957 Thread 0x000001af2cb8d800 nmethod 25782 0x000001af162cc690 code [0x000001af162cc860, 0x000001af162cca28]
Event: 5109.959 Thread 0x000001af2cb8d800 25783       2       com.android.tools.r8.code.O3::<init> (7 bytes)
Event: 5109.959 Thread 0x000001af2cb8d800 nmethod 25783 0x000001af162cc290 code [0x000001af162cc440, 0x000001af162cc598]
Event: 5109.964 Thread 0x000001af2cb8d800 25784 %     3       com.android.tools.r8.dex.r::d @ 413 (507 bytes)
Event: 5109.966 Thread 0x000001af2cb8d800 nmethod 25784% 0x000001af16b55410 code [0x000001af16b55a60, 0x000001af16b59fe8]
Event: 5109.966 Thread 0x000001af2cb8d800 25786       3       com.android.tools.r8.dex.r::d (507 bytes)
Event: 5109.968 Thread 0x000001af2cb8d800 nmethod 25786 0x000001af16e2f590 code [0x000001af16e2fbc0, 0x000001af16e33f28]
Event: 5109.968 Thread 0x000001af2cb8d800 25787       2       com.android.tools.r8.code.d::<init> (7 bytes)
Event: 5109.968 Thread 0x000001af2cb8d800 nmethod 25787 0x000001af162cf390 code [0x000001af162cf560, 0x000001af162cf798]

GC Heap History (20 events):
Event: 5107.774 GC heap before
{Heap before GC invocations=110 (full 0):
 garbage-first heap   total 227328K, used 197782K [0x0000000080000000, 0x0000000100000000)
  region size 1024K, 11 young (11264K), 4 survivors (4096K)
 Metaspace       used 162355K, capacity 166303K, committed 168532K, reserved 1196032K
  class space    used 20194K, capacity 21734K, committed 22272K, reserved 1048576K
}
Event: 5107.791 GC heap after
{Heap after GC invocations=111 (full 0):
 garbage-first heap   total 227328K, used 167936K [0x0000000080000000, 0x0000000100000000)
  region size 1024K, 2 young (2048K), 2 survivors (2048K)
 Metaspace       used 162355K, capacity 166303K, committed 168532K, reserved 1196032K
  class space    used 20194K, capacity 21734K, committed 22272K, reserved 1048576K
}
Event: 5108.125 GC heap before
{Heap before GC invocations=111 (full 0):
 garbage-first heap   total 227328K, used 186368K [0x0000000080000000, 0x0000000100000000)
  region size 1024K, 21 young (21504K), 2 survivors (2048K)
 Metaspace       used 162432K, capacity 166345K, committed 168532K, reserved 1196032K
  class space    used 20200K, capacity 21742K, committed 22272K, reserved 1048576K
}
Event: 5108.135 GC heap after
{Heap after GC invocations=112 (full 0):
 garbage-first heap   total 227328K, used 170093K [0x0000000080000000, 0x0000000100000000)
  region size 1024K, 2 young (2048K), 2 survivors (2048K)
 Metaspace       used 162432K, capacity 166345K, committed 168532K, reserved 1196032K
  class space    used 20200K, capacity 21742K, committed 22272K, reserved 1048576K
}
Event: 5108.517 GC heap before
{Heap before GC invocations=113 (full 0):
 garbage-first heap   total 227328K, used 173165K [0x0000000080000000, 0x0000000100000000)
  region size 1024K, 21 young (21504K), 2 survivors (2048K)
 Metaspace       used 162522K, capacity 166419K, committed 168532K, reserved 1196032K
  class space    used 20211K, capacity 21744K, committed 22272K, reserved 1048576K
}
Event: 5108.523 GC heap after
{Heap after GC invocations=114 (full 0):
 garbage-first heap   total 227328K, used 155431K [0x0000000080000000, 0x0000000100000000)
  region size 1024K, 2 young (2048K), 2 survivors (2048K)
 Metaspace       used 162522K, capacity 166419K, committed 168532K, reserved 1196032K
  class space    used 20211K, capacity 21744K, committed 22272K, reserved 1048576K
}
Event: 5108.580 GC heap before
{Heap before GC invocations=114 (full 0):
 garbage-first heap   total 227328K, used 163623K [0x0000000080000000, 0x0000000100000000)
  region size 1024K, 11 young (11264K), 2 survivors (2048K)
 Metaspace       used 162542K, capacity 166425K, committed 168532K, reserved 1196032K
  class space    used 20212K, capacity 21745K, committed 22272K, reserved 1048576K
}
Event: 5108.589 GC heap after
{Heap after GC invocations=115 (full 0):
 garbage-first heap   total 227328K, used 151232K [0x0000000080000000, 0x0000000100000000)
  region size 1024K, 2 young (2048K), 2 survivors (2048K)
 Metaspace       used 162542K, capacity 166425K, committed 168532K, reserved 1196032K
  class space    used 20212K, capacity 21745K, committed 22272K, reserved 1048576K
}
Event: 5108.909 GC heap before
{Heap before GC invocations=115 (full 0):
 garbage-first heap   total 227328K, used 178880K [0x0000000080000000, 0x0000000100000000)
  region size 1024K, 30 young (30720K), 2 survivors (2048K)
 Metaspace       used 162809K, capacity 166781K, committed 168532K, reserved 1196032K
  class space    used 20236K, capacity 21781K, committed 22272K, reserved 1048576K
}
Event: 5108.919 GC heap after
{Heap after GC invocations=116 (full 0):
 garbage-first heap   total 227328K, used 152739K [0x0000000080000000, 0x0000000100000000)
  region size 1024K, 4 young (4096K), 4 survivors (4096K)
 Metaspace       used 162809K, capacity 166781K, committed 168532K, reserved 1196032K
  class space    used 20236K, capacity 21781K, committed 22272K, reserved 1048576K
}
Event: 5109.101 GC heap before
{Heap before GC invocations=116 (full 0):
 garbage-first heap   total 227328K, used 212131K [0x0000000080000000, 0x0000000100000000)
  region size 1024K, 33 young (33792K), 4 survivors (4096K)
 Metaspace       used 162819K, capacity 166781K, committed 168532K, reserved 1196032K
  class space    used 20236K, capacity 21781K, committed 22272K, reserved 1048576K
}
Event: 5109.114 GC heap after
{Heap after GC invocations=117 (full 0):
 garbage-first heap   total 231424K, used 186559K [0x0000000080000000, 0x0000000100000000)
  region size 1024K, 5 young (5120K), 5 survivors (5120K)
 Metaspace       used 162819K, capacity 166781K, committed 168532K, reserved 1196032K
  class space    used 20236K, capacity 21781K, committed 22272K, reserved 1048576K
}
Event: 5109.180 GC heap before
{Heap before GC invocations=117 (full 0):
 garbage-first heap   total 231424K, used 197823K [0x0000000080000000, 0x0000000100000000)
  region size 1024K, 16 young (16384K), 5 survivors (5120K)
 Metaspace       used 162819K, capacity 166781K, committed 168532K, reserved 1196032K
  class space    used 20236K, capacity 21781K, committed 22272K, reserved 1048576K
}
Event: 5109.195 GC heap after
{Heap after GC invocations=118 (full 0):
 garbage-first heap   total 231424K, used 191232K [0x0000000080000000, 0x0000000100000000)
  region size 1024K, 2 young (2048K), 2 survivors (2048K)
 Metaspace       used 162819K, capacity 166781K, committed 168532K, reserved 1196032K
  class space    used 20236K, capacity 21781K, committed 22272K, reserved 1048576K
}
Event: 5109.263 GC heap before
{Heap before GC invocations=119 (full 0):
 garbage-first heap   total 231424K, used 201472K [0x0000000080000000, 0x0000000100000000)
  region size 1024K, 11 young (11264K), 2 survivors (2048K)
 Metaspace       used 162823K, capacity 166781K, committed 168532K, reserved 1196032K
  class space    used 20236K, capacity 21781K, committed 22272K, reserved 1048576K
}
Event: 5109.274 GC heap after
{Heap after GC invocations=120 (full 0):
 garbage-first heap   total 231424K, used 196163K [0x0000000080000000, 0x0000000100000000)
  region size 1024K, 2 young (2048K), 2 survivors (2048K)
 Metaspace       used 162823K, capacity 166781K, committed 168532K, reserved 1196032K
  class space    used 20236K, capacity 21781K, committed 22272K, reserved 1048576K
}
Event: 5109.370 GC heap before
{Heap before GC invocations=120 (full 0):
 garbage-first heap   total 231424K, used 205379K [0x0000000080000000, 0x0000000100000000)
  region size 1024K, 11 young (11264K), 2 survivors (2048K)
 Metaspace       used 162833K, capacity 166783K, committed 168532K, reserved 1196032K
  class space    used 20236K, capacity 21781K, committed 22272K, reserved 1048576K
}
Event: 5109.384 GC heap after
{Heap after GC invocations=121 (full 0):
 garbage-first heap   total 231424K, used 200256K [0x0000000080000000, 0x0000000100000000)
  region size 1024K, 2 young (2048K), 2 survivors (2048K)
 Metaspace       used 162833K, capacity 166783K, committed 168532K, reserved 1196032K
  class space    used 20236K, capacity 21781K, committed 22272K, reserved 1048576K
}
Event: 5109.505 GC heap before
{Heap before GC invocations=121 (full 0):
 garbage-first heap   total 231424K, used 209472K [0x0000000080000000, 0x0000000100000000)
  region size 1024K, 11 young (11264K), 2 survivors (2048K)
 Metaspace       used 162963K, capacity 166956K, committed 168788K, reserved 1196032K
  class space    used 20241K, capacity 21816K, committed 22272K, reserved 1048576K
}
Event: 5109.519 GC heap after
{Heap after GC invocations=122 (full 0):
 garbage-first heap   total 362496K, used 204800K [0x0000000080000000, 0x0000000100000000)
  region size 1024K, 2 young (2048K), 2 survivors (2048K)
 Metaspace       used 162963K, capacity 166956K, committed 168788K, reserved 1196032K
  class space    used 20241K, capacity 21816K, committed 22272K, reserved 1048576K
}

Deoptimization events (20 events):
Event: 5109.260 Thread 0x000001af30574000 DEOPT PACKING pc=0x000001af187efbf6 sp=0x00000034f7ffd620
Event: 5109.260 Thread 0x000001af30574000 DEOPT UNPACKING pc=0x000001af15a96dde sp=0x00000034f7ffccd0 mode 0
Event: 5109.261 Thread 0x000001af30574000 DEOPT PACKING pc=0x000001af187efbf6 sp=0x00000034f7ffd620
Event: 5109.261 Thread 0x000001af30574000 DEOPT UNPACKING pc=0x000001af15a96dde sp=0x00000034f7ffccd0 mode 0
Event: 5109.261 Thread 0x000001af30574000 DEOPT PACKING pc=0x000001af187efbf6 sp=0x00000034f7ffd620
Event: 5109.261 Thread 0x000001af30574000 DEOPT UNPACKING pc=0x000001af15a96dde sp=0x00000034f7ffccd0 mode 0
Event: 5109.262 Thread 0x000001af30574000 DEOPT PACKING pc=0x000001af187efbf6 sp=0x00000034f7ffd620
Event: 5109.262 Thread 0x000001af30574000 DEOPT UNPACKING pc=0x000001af15a96dde sp=0x00000034f7ffccd0 mode 0
Event: 5109.262 Thread 0x000001af30574000 DEOPT PACKING pc=0x000001af187efbf6 sp=0x00000034f7ffd620
Event: 5109.262 Thread 0x000001af30574000 DEOPT UNPACKING pc=0x000001af15a96dde sp=0x00000034f7ffccd0 mode 0
Event: 5109.351 Thread 0x000001af30574000 DEOPT PACKING pc=0x000001af187efbf6 sp=0x00000034f7ffd620
Event: 5109.351 Thread 0x000001af30574000 DEOPT UNPACKING pc=0x000001af15a96dde sp=0x00000034f7ffccd0 mode 0
Event: 5109.360 Thread 0x000001af38b76800 Uncommon trap: trap_request=0xffffff4d fr.pc=0x000001af1e0a1158 relative=0x0000000000000d58
Event: 5109.360 Thread 0x000001af38b76800 Uncommon trap: reason=unstable_if action=reinterpret pc=0x000001af1e0a1158 method=com.android.tools.r8.dex.r.i()Lcom/android/tools/r8/graph/c1; @ 64 c2
Event: 5109.360 Thread 0x000001af38b76800 DEOPT PACKING pc=0x000001af1e0a1158 sp=0x00000034f86fe9b0
Event: 5109.360 Thread 0x000001af38b76800 DEOPT UNPACKING pc=0x000001af15a9662f sp=0x00000034f86fe988 mode 2
Event: 5109.479 Thread 0x000001af38b7b800 DEOPT PACKING pc=0x000001af1941fcb9 sp=0x00000034f87fe760
Event: 5109.479 Thread 0x000001af38b7b800 DEOPT UNPACKING pc=0x000001af15a96dde sp=0x00000034f87fde20 mode 0
Event: 5109.969 Thread 0x000001af38b76800 DEOPT PACKING pc=0x000001af19429c38 sp=0x00000034f86fe950
Event: 5109.969 Thread 0x000001af38b76800 DEOPT UNPACKING pc=0x000001af15a96dde sp=0x00000034f86fdf10 mode 0

Classes redefined (0 events):
No events

Internal exceptions (20 events):
Event: 5107.733 Thread 0x000001af30572800 Exception <a 'java/lang/NoSuchMethodError'{0x000000008d962650}: <clinit>> (0x000000008d962650) thrown at [./src/hotspot/share/prims/jni.cpp, line 1362]
Event: 5108.101 Thread 0x000001af3ae9c800 Implicit null exception at 0x000001af1d9251bf to 0x000001af1d927a90
Event: 5108.191 Thread 0x000001af3ae9c800 Exception <a 'sun/nio/fs/WindowsException'{0x000000008dab15a8}> (0x000000008dab15a8) thrown at [./src/hotspot/share/prims/jni.cpp, line 615]
Event: 5108.234 Thread 0x000001af30570000 Exception <a 'sun/nio/fs/WindowsException'{0x000000008d61e688}> (0x000000008d61e688) thrown at [./src/hotspot/share/prims/jni.cpp, line 615]
Event: 5108.250 Thread 0x000001af30570000 Implicit null exception at 0x000001af1d9f2732 to 0x000001af1d9f894c
Event: 5108.637 Thread 0x000001af30570000 Exception <a 'java/lang/NoSuchMethodError'{0x000000008da3aed8}: <clinit>> (0x000000008da3aed8) thrown at [./src/hotspot/share/prims/jni.cpp, line 1362]
Event: 5108.637 Thread 0x000001af30570000 Exception <a 'java/lang/NoSuchMethodError'{0x000000008da3c4e0}: <clinit>> (0x000000008da3c4e0) thrown at [./src/hotspot/share/prims/jni.cpp, line 1362]
Event: 5108.637 Thread 0x000001af30570000 Exception <a 'java/lang/NoSuchMethodError'{0x000000008da3e8e0}: <clinit>> (0x000000008da3e8e0) thrown at [./src/hotspot/share/prims/jni.cpp, line 1362]
Event: 5108.638 Thread 0x000001af30570000 Exception <a 'java/lang/NoSuchMethodError'{0x000000008da561d0}: <clinit>> (0x000000008da561d0) thrown at [./src/hotspot/share/prims/jni.cpp, line 1362]
Event: 5108.638 Thread 0x000001af30570000 Exception <a 'java/lang/NoSuchMethodError'{0x000000008da576b0}: <clinit>> (0x000000008da576b0) thrown at [./src/hotspot/share/prims/jni.cpp, line 1362]
Event: 5108.669 Thread 0x000001af30570000 Exception <a 'java/lang/NoSuchMethodError'{0x000000008d5bac90}: <clinit>> (0x000000008d5bac90) thrown at [./src/hotspot/share/prims/jni.cpp, line 1362]
Event: 5108.671 Thread 0x000001af30570000 Exception <a 'java/lang/NoSuchMethodError'{0x000000008d5ee600}: <clinit>> (0x000000008d5ee600) thrown at [./src/hotspot/share/prims/jni.cpp, line 1362]
Event: 5108.672 Thread 0x000001af30570000 Exception <a 'java/lang/NoSuchMethodError'{0x000000008d201e88}: <clinit>> (0x000000008d201e88) thrown at [./src/hotspot/share/prims/jni.cpp, line 1362]
Event: 5108.768 Thread 0x000001af3ae9c800 Exception <a 'sun/nio/fs/WindowsException'{0x000000008c2046f0}> (0x000000008c2046f0) thrown at [./src/hotspot/share/prims/jni.cpp, line 615]
Event: 5108.768 Thread 0x000001af32676000 Exception <a 'sun/nio/fs/WindowsException'{0x000000008c215aa8}> (0x000000008c215aa8) thrown at [./src/hotspot/share/prims/jni.cpp, line 615]
Event: 5108.814 Thread 0x000001af3ae9c800 Exception <a 'sun/nio/fs/WindowsException'{0x000000008c0f9448}> (0x000000008c0f9448) thrown at [./src/hotspot/share/prims/jni.cpp, line 615]
Event: 5108.815 Thread 0x000001af32676000 Exception <a 'sun/nio/fs/WindowsException'{0x000000008bf47e48}> (0x000000008bf47e48) thrown at [./src/hotspot/share/prims/jni.cpp, line 615]
Event: 5108.819 Thread 0x000001af3ae9c800 Implicit null exception at 0x000001af1d5cc39b to 0x000001af1d5ccb5c
Event: 5108.819 Thread 0x000001af3ae9c800 Implicit null exception at 0x000001af1d5dd5a0 to 0x000001af1d5ddd14
Event: 5109.023 Thread 0x000001af30574000 Exception <a 'sun/nio/fs/WindowsException'{0x000000008d8d17f8}> (0x000000008d8d17f8) thrown at [./src/hotspot/share/prims/jni.cpp, line 615]

Events (20 events):
Event: 5109.636 Thread 0x000001af2cb9a000 flushing nmethod 0x000001af1840d490
Event: 5109.636 Thread 0x000001af2cb9a000 flushing nmethod 0x000001af1840d890
Event: 5109.636 Thread 0x000001af2cb9a000 flushing nmethod 0x000001af1840f210
Event: 5109.636 Thread 0x000001af2cb9a000 flushing nmethod 0x000001af18414a90
Event: 5109.636 Thread 0x000001af2cb9a000 flushing nmethod 0x000001af18414f10
Event: 5109.636 Thread 0x000001af2cb9a000 flushing nmethod 0x000001af18415790
Event: 5109.638 Thread 0x000001af2cb9a000 flushing nmethod 0x000001af1869c990
Event: 5109.638 Thread 0x000001af2cb9a000 flushing nmethod 0x000001af186b1290
Event: 5109.638 Thread 0x000001af2cb9a000 flushing nmethod 0x000001af186b5410
Event: 5109.638 Thread 0x000001af2cb9a000 flushing nmethod 0x000001af187b6310
Event: 5109.639 Thread 0x000001af2cb9a000 flushing nmethod 0x000001af18940d90
Event: 5109.639 Thread 0x000001af2cb9a000 flushing nmethod 0x000001af18958b10
Event: 5109.731 Executing VM operation: RevokeBias
Event: 5109.731 Executing VM operation: RevokeBias done
Event: 5109.801 Executing VM operation: CGC_Operation
Event: 5109.820 Executing VM operation: CGC_Operation done
Event: 5109.875 loading class com/android/tools/r8/graph/Z0
Event: 5109.875 loading class com/android/tools/r8/graph/Z0 done
Event: 5109.939 Executing VM operation: CGC_Operation
Event: 5109.940 Executing VM operation: CGC_Operation done


Dynamic libraries:
0x00007ff62cef0000 - 0x00007ff62cefa000 	C:\Program Files\Android\Android Studio\jre\bin\java.exe
0x00007ffab6350000 - 0x00007ffab6545000 	C:\WINDOWS\SYSTEM32\ntdll.dll
0x00007ffab54a0000 - 0x00007ffab555d000 	C:\WINDOWS\System32\KERNEL32.DLL
0x00007ffab3a60000 - 0x00007ffab3d2d000 	C:\WINDOWS\System32\KERNELBASE.dll
0x00007ffab4150000 - 0x00007ffab4250000 	C:\WINDOWS\System32\ucrtbase.dll
0x00007ffaaf270000 - 0x00007ffaaf289000 	C:\Program Files\Android\Android Studio\jre\bin\jli.dll
0x00007ffab4d30000 - 0x00007ffab4ed0000 	C:\WINDOWS\System32\USER32.dll
0x00007ffab4120000 - 0x00007ffab4142000 	C:\WINDOWS\System32\win32u.dll
0x00007ffab5f10000 - 0x00007ffab5f3a000 	C:\WINDOWS\System32\GDI32.dll
0x00007ffab3d30000 - 0x00007ffab3e3b000 	C:\WINDOWS\System32\gdi32full.dll
0x00007ffab4300000 - 0x00007ffab439d000 	C:\WINDOWS\System32\msvcp_win.dll
0x00007ffaa6920000 - 0x00007ffaa6bba000 	C:\WINDOWS\WinSxS\amd64_microsoft.windows.common-controls_6595b64144ccf1df_6.0.19041.1110_none_60b5254171f9507e\COMCTL32.dll
0x00007ffab43a0000 - 0x00007ffab443e000 	C:\WINDOWS\System32\msvcrt.dll
0x00007ffaaf210000 - 0x00007ffaaf227000 	C:\Program Files\Android\Android Studio\jre\bin\VCRUNTIME140.dll
0x00007ffab5470000 - 0x00007ffab54a0000 	C:\WINDOWS\System32\IMM32.DLL
0x00007ffa7e7d0000 - 0x00007ffa7e86d000 	C:\Program Files\Android\Android Studio\jre\bin\msvcp140.dll
0x00007ffa6d060000 - 0x00007ffa6db35000 	C:\Program Files\Android\Android Studio\jre\bin\server\jvm.dll
0x00007ffab6250000 - 0x00007ffab62fe000 	C:\WINDOWS\System32\ADVAPI32.dll
0x00007ffab4440000 - 0x00007ffab44dc000 	C:\WINDOWS\System32\sechost.dll
0x00007ffab5cc0000 - 0x00007ffab5de5000 	C:\WINDOWS\System32\RPCRT4.dll
0x00007ffab6300000 - 0x00007ffab6308000 	C:\WINDOWS\System32\PSAPI.DLL
0x00007ffaaee30000 - 0x00007ffaaee39000 	C:\WINDOWS\SYSTEM32\WSOCK32.dll
0x00007ffaacdd0000 - 0x00007ffaacdf7000 	C:\WINDOWS\SYSTEM32\WINMM.dll
0x00007ffaadb70000 - 0x00007ffaadb7a000 	C:\WINDOWS\SYSTEM32\VERSION.dll
0x00007ffab5560000 - 0x00007ffab55cb000 	C:\WINDOWS\System32\WS2_32.dll
0x00007ffab2310000 - 0x00007ffab2322000 	C:\WINDOWS\SYSTEM32\kernel.appcore.dll
0x00007ffa9af40000 - 0x00007ffa9af51000 	C:\Program Files\Android\Android Studio\jre\bin\verify.dll
0x00007ffa9c9d0000 - 0x00007ffa9cbb4000 	C:\WINDOWS\SYSTEM32\DBGHELP.DLL
0x00007ffa9dce0000 - 0x00007ffa9dd0c000 	C:\WINDOWS\SYSTEM32\dbgcore.DLL
0x00007ffab4010000 - 0x00007ffab4092000 	C:\WINDOWS\System32\bcryptPrimitives.dll
0x00007ffa99860000 - 0x00007ffa99889000 	C:\Program Files\Android\Android Studio\jre\bin\java.dll
0x00007ffaaee20000 - 0x00007ffaaee2b000 	C:\Program Files\Android\Android Studio\jre\bin\jimage.dll
0x00007ffa99840000 - 0x00007ffa99858000 	C:\Program Files\Android\Android Studio\jre\bin\zip.dll
0x00007ffab45d0000 - 0x00007ffab4d14000 	C:\WINDOWS\System32\SHELL32.dll
0x00007ffab1b60000 - 0x00007ffab22f4000 	C:\WINDOWS\SYSTEM32\windows.storage.dll
0x00007ffab5780000 - 0x00007ffab5ad4000 	C:\WINDOWS\System32\combase.dll
0x00007ffab33e0000 - 0x00007ffab340c000 	C:\WINDOWS\SYSTEM32\Wldp.dll
0x00007ffab5ae0000 - 0x00007ffab5b8d000 	C:\WINDOWS\System32\SHCORE.dll
0x00007ffab44e0000 - 0x00007ffab4535000 	C:\WINDOWS\System32\shlwapi.dll
0x00007ffab39a0000 - 0x00007ffab39bf000 	C:\WINDOWS\SYSTEM32\profapi.dll
0x00007ffa99820000 - 0x00007ffa9983a000 	C:\Program Files\Android\Android Studio\jre\bin\net.dll
0x00007ffaaa600000 - 0x00007ffaaa70a000 	C:\WINDOWS\SYSTEM32\WINHTTP.dll
0x00007ffab3150000 - 0x00007ffab31ba000 	C:\WINDOWS\system32\mswsock.dll
0x00007ffa99800000 - 0x00007ffa99814000 	C:\Program Files\Android\Android Studio\jre\bin\nio.dll
0x00007ffaaf230000 - 0x00007ffaaf257000 	C:\Users\Vik\.gradle\native\e1d6ef7f7dcc3fd88c89a11ec53ec762bb8ba0a96d01ffa2cd45eb1d1d8dd5c5\windows-amd64\native-platform.dll
0x00007ffa7a1f0000 - 0x00007ffa7a334000 	C:\Users\Vik\.gradle\native\5664cfc778a61ccfe75a443a1ab52a65af34e5dc3c78e0209fed803814484fcb\windows-amd64\native-platform-file-events.dll
0x00007ffaabcc0000 - 0x00007ffaabcca000 	C:\Program Files\Android\Android Studio\jre\bin\management.dll
0x00007ffa9c010000 - 0x00007ffa9c01d000 	C:\Program Files\Android\Android Studio\jre\bin\management_ext.dll
0x00007ffab3340000 - 0x00007ffab3358000 	C:\WINDOWS\SYSTEM32\CRYPTSP.dll
0x00007ffab2ad0000 - 0x00007ffab2b04000 	C:\WINDOWS\system32\rsaenh.dll
0x00007ffab40a0000 - 0x00007ffab40c7000 	C:\WINDOWS\System32\bcrypt.dll
0x00007ffab3960000 - 0x00007ffab398e000 	C:\WINDOWS\SYSTEM32\USERENV.dll
0x00007ffab37e0000 - 0x00007ffab37ec000 	C:\WINDOWS\SYSTEM32\CRYPTBASE.dll
0x00007ffab2e40000 - 0x00007ffab2e7b000 	C:\WINDOWS\SYSTEM32\IPHLPAPI.DLL
0x00007ffab5460000 - 0x00007ffab5468000 	C:\WINDOWS\System32\NSI.dll
0x00007ffaac640000 - 0x00007ffaac657000 	C:\WINDOWS\SYSTEM32\dhcpcsvc6.DLL
0x00007ffaad660000 - 0x00007ffaad67d000 	C:\WINDOWS\SYSTEM32\dhcpcsvc.DLL
0x00007ffab2e80000 - 0x00007ffab2f4b000 	C:\WINDOWS\SYSTEM32\DNSAPI.dll
0x00007ffab2760000 - 0x00007ffab2793000 	C:\WINDOWS\SYSTEM32\ntmarta.dll
0x00007ffa94890000 - 0x00007ffa948ae000 	C:\Users\Vik\AppData\Local\Temp\native-platform17755776800204214056dir\native-platform.dll
0x00007ffaabcb0000 - 0x00007ffaabcb8000 	C:\Program Files\Android\Android Studio\jre\bin\rmi.dll
0x00007ffa8f4f0000 - 0x00007ffa8f517000 	C:\Program Files\Android\Android Studio\jre\bin\sunec.dll
0x00007ffaa6fb0000 - 0x00007ffaa6fba000 	C:\Windows\System32\rasadhlp.dll
0x00007ffaa7a30000 - 0x00007ffaa7ab0000 	C:\WINDOWS\System32\fwpuclnt.dll

dbghelp: loaded successfully - version: 4.0.5 - missing functions: none
symbol engine: initialized successfully - sym options: 0x614 - pdb path: .;C:\Program Files\Android\Android Studio\jre\bin;C:\WINDOWS\SYSTEM32;C:\WINDOWS\WinSxS\amd64_microsoft.windows.common-controls_6595b64144ccf1df_6.0.19041.1110_none_60b5254171f9507e;C:\Program Files\Android\Android Studio\jre\bin\server;C:\Users\Vik\.gradle\native\e1d6ef7f7dcc3fd88c89a11ec53ec762bb8ba0a96d01ffa2cd45eb1d1d8dd5c5\windows-amd64;C:\Users\Vik\.gradle\native\5664cfc778a61ccfe75a443a1ab52a65af34e5dc3c78e0209fed803814484fcb\windows-amd64;C:\Users\Vik\AppData\Local\Temp\native-platform17755776800204214056dir

VM Arguments:
jvm_args: --add-opens=java.base/java.util=ALL-UNNAMED --add-opens=java.base/java.lang=ALL-UNNAMED --add-opens=java.base/java.lang.invoke=ALL-UNNAMED --add-opens=java.base/java.util=ALL-UNNAMED --add-opens=java.prefs/java.util.prefs=ALL-UNNAMED --add-opens=java.prefs/java.util.prefs=ALL-UNNAMED --add-opens=java.base/java.nio.charset=ALL-UNNAMED --add-opens=java.base/java.net=ALL-UNNAMED --add-opens=java.base/java.util.concurrent.atomic=ALL-UNNAMED -Xmx2048m -Dfile.encoding=UTF-8 -Duser.country=RU -Duser.language=ru -Duser.variant 
java_command: org.gradle.launcher.daemon.bootstrap.GradleDaemon 7.2
java_class_path (initial): C:\Users\Vik\.gradle\wrapper\dists\gradle-7.2-bin\2dnblmf4td7x66yl1d74lt32g\gradle-7.2\lib\gradle-launcher-7.2.jar
Launcher Type: SUN_STANDARD

[Global flags]
     intx CICompilerCount                          = 3                                         {product} {ergonomic}
     uint ConcGCThreads                            = 1                                         {product} {ergonomic}
     uint G1ConcRefinementThreads                  = 4                                         {product} {ergonomic}
   size_t G1HeapRegionSize                         = 1048576                                   {product} {ergonomic}
    uintx GCDrainStackTargetSize                   = 64                                        {product} {ergonomic}
   size_t InitialHeapSize                          = 134217728                                 {product} {ergonomic}
   size_t MarkStackSize                            = 4194304                                   {product} {ergonomic}
   size_t MaxHeapSize                              = 2147483648                                {product} {command line}
   size_t MaxNewSize                               = 1287651328                                {product} {ergonomic}
   size_t MinHeapDeltaBytes                        = 1048576                                   {product} {ergonomic}
    uintx NonNMethodCodeHeapSize                   = 5830732                                {pd product} {ergonomic}
    uintx NonProfiledCodeHeapSize                  = 122913754                              {pd product} {ergonomic}
    uintx ProfiledCodeHeapSize                     = 122913754                              {pd product} {ergonomic}
    uintx ReservedCodeCacheSize                    = 251658240                              {pd product} {ergonomic}
     bool SegmentedCodeCache                       = true                                      {product} {ergonomic}
     bool UseCompressedClassPointers               = true                                 {lp64_product} {ergonomic}
     bool UseCompressedOops                        = true                                 {lp64_product} {ergonomic}
     bool UseG1GC                                  = true                                      {product} {ergonomic}
     bool UseLargePagesIndividualAllocation        = false                                  {pd product} {ergonomic}

Logging:
Log output configuration:
 #0: stdout all=warning uptime,level,tags
 #1: stderr all=off uptime,level,tags

Environment Variables:
JAVA_HOME=c:\Program Files\Java\jdk-16.0.2
PATH=C:\Program Files\Common Files\Oracle\Java\javapath;C:\Program Files (x86)\Common Files\Oracle\Java\javapath;C:\ProgramData\Oracle\Java\javapath;C:\Windows\system32;C:\Windows;C:\Windows\System32\Wbem;C:\Windows\System32\WindowsPowerShell\v1.0\;C:\Program Files\Java\jdk-16.0.2\bin\;C:\WINDOWS\system32;C:\WINDOWS;C:\WINDOWS\System32\Wbem;C:\WINDOWS\System32\WindowsPowerShell\v1.0\;C:\WINDOWS\System32\OpenSSH\;C:\Program Files\dotnet\;C:\Program Files\Git\cmd;C:\Program Files (x86)\NVIDIA Corporation\PhysX\Common;C:\Users\Vik\AppData\Local\Microsoft\WindowsApps;C:\Program Files\JetBrains\IntelliJ IDEA Community Edition 2021.3\bin;C:\Users\Vik\AppData\Local\GitHubDesktop\bin;C:\Users\Vik\AppData\Local\gitkraken\bin
USERNAME=Vik
OS=Windows_NT
PROCESSOR_IDENTIFIER=Intel64 Family 6 Model 60 Stepping 3, GenuineIntel



---------------  S Y S T E M  ---------------

OS: Windows 10 , 64 bit Build 19041 (10.0.19041.1706)
OS uptime: 0 days 3:52 hours

CPU:total 4 (initial active 4) (4 cores per cpu, 1 threads per core) family 6 model 60 stepping 3 microcode 0x27, cmov, cx8, fxsr, mmx, sse, sse2, sse3, ssse3, sse4.1, sse4.2, popcnt, avx, avx2, aes, clmul, erms, lzcnt, tsc, tscinvbit, bmi1, bmi2, fma

Memory: 4k page, system-wide physical 8128M (623M free)
TotalPageFile size 10528M (AvailPageFile size 6M)
current process WorkingSet (physical memory assigned to process): 626M, peak: 640M
current process commit charge ("private bytes"): 808M, peak: 810M

vm_info: OpenJDK 64-Bit Server VM (11.0.11+9-b60-7590822) for windows-amd64 JRE (11.0.11+9-b60-7590822), built on Jul 29 2021 21:43:44 by "builder" with MS VC++ 14.0 (VS2015)

END.
