#
# There is insufficient memory for the Java Runtime Environment to continue.
# Native memory allocation (malloc) failed to allocate 32744 bytes for ChunkPool::allocate
# Possible reasons:
#   The system is out of physical RAM or swap space
#   The process is running with CompressedOops enabled, and the Java Heap may be blocking the growth of the native heap
# Possible solutions:
#   Reduce memory load on the system
#   Increase physical memory or swap space
#   Check if swap backing store is full
#   Decrease Java heap size (-Xmx/-Xms)
#   Decrease number of Java threads
#   Decrease Java thread stack sizes (-Xss)
#   Set larger code cache with -XX:ReservedCodeCacheSize=
#   JVM is running with Unscaled Compressed Oops mode in which the Java heap is
#     placed in the first 4GB address space. The Java Heap base address is the
#     maximum limit for the native heap growth. Please use -XX:HeapBaseMinAddress
#     to set the Java Heap base and to place the Java Heap above 4GB virtual address.
# This output file may be truncated or incomplete.
#
#  Out of Memory Error (./src/hotspot/share/memory/arena.cpp:81), pid=7752, tid=5108
#
# JRE version: OpenJDK Runtime Environment (11.0.11+9) (build 11.0.11+9-b60-7590822)
# Java VM: OpenJDK 64-Bit Server VM (11.0.11+9-b60-7590822, mixed mode, tiered, compressed oops, g1 gc, windows-amd64)
# No core dump will be written. Minidumps are not enabled by default on client versions of Windows
#

---------------  S U M M A R Y ------------

Command Line: org.jetbrains.kotlin.cli.jvm.K2JVMCompiler @D:\AndroidStudioProjects\KotlinLesson\SearchMovies\app\build\20220525_9189207018718602841.compiler.options

Host: Intel(R) Core(TM) i5-4690 CPU @ 3.50GHz, 4 cores, 7G,  Windows 10 , 64 bit Build 19041 (10.0.19041.1706)
Time: Wed May 25 19:34:17 2022 Финляндия (лето) elapsed time: 1.511051 seconds (0d 0h 0m 1s)

---------------  T H R E A D  ---------------

Current thread (0x000001c53c54e000):  JavaThread "C2 CompilerThread1" daemon [_thread_in_native, id=5108, stack(0x0000001a66600000,0x0000001a66700000)]


Current CompileTask:
C2:   1511 2011       4       jdk.internal.org.objectweb.asm.ByteVector::putByte (39 bytes)

Stack: [0x0000001a66600000,0x0000001a66700000]
Native frames: (J=compiled Java code, j=interpreted, Vv=VM code, C=native code)
V  [jvm.dll+0x5f214a]
V  [jvm.dll+0x726fb5]
V  [jvm.dll+0x7285cd]
V  [jvm.dll+0x728c83]
V  [jvm.dll+0x243278]
V  [jvm.dll+0xbc78b]
V  [jvm.dll+0xbca3c]
V  [jvm.dll+0x2aa7d0]
V  [jvm.dll+0x67835a]
V  [jvm.dll+0x518dd3]
V  [jvm.dll+0x508984]
V  [jvm.dll+0x203d53]
V  [jvm.dll+0x1fdbac]
V  [jvm.dll+0x1fb35f]
V  [jvm.dll+0x183d6c]
V  [jvm.dll+0x209a57]
V  [jvm.dll+0x2082a1]
V  [jvm.dll+0x6ef58f]
V  [jvm.dll+0x6e80b5]
V  [jvm.dll+0x5f1036]
C  [ucrtbase.dll+0x21bb2]
C  [KERNEL32.DLL+0x17034]
C  [ntdll.dll+0x52651]


---------------  P R O C E S S  ---------------

Threads class SMR info:
_java_thread_list=0x000001c53ceecd60, length=11, elements={
0x000001c520ccc000, 0x000001c53afe5800, 0x000001c53afe9800, 0x000001c53b005800,
0x000001c53b006000, 0x000001c53b008000, 0x000001c53b00a800, 0x000001c53b015000,
0x000001c53b019800, 0x000001c53b01a000, 0x000001c53c54e000
}

Java Threads: ( => current thread )
  0x000001c520ccc000 JavaThread "main" [_thread_blocked, id=208, stack(0x0000001a65500000,0x0000001a65600000)]
  0x000001c53afe5800 JavaThread "Reference Handler" daemon [_thread_blocked, id=2552, stack(0x0000001a65c00000,0x0000001a65d00000)]
  0x000001c53afe9800 JavaThread "Finalizer" daemon [_thread_blocked, id=1936, stack(0x0000001a65d00000,0x0000001a65e00000)]
  0x000001c53b005800 JavaThread "Signal Dispatcher" daemon [_thread_blocked, id=10564, stack(0x0000001a65e00000,0x0000001a65f00000)]
  0x000001c53b006000 JavaThread "Attach Listener" daemon [_thread_blocked, id=8780, stack(0x0000001a65f00000,0x0000001a66000000)]
  0x000001c53b008000 JavaThread "Service Thread" daemon [_thread_blocked, id=4376, stack(0x0000001a66000000,0x0000001a66100000)]
  0x000001c53b00a800 JavaThread "C2 CompilerThread0" daemon [_thread_in_native, id=3700, stack(0x0000001a66100000,0x0000001a66200000)]
  0x000001c53b015000 JavaThread "C1 CompilerThread0" daemon [_thread_in_native, id=8168, stack(0x0000001a66200000,0x0000001a66300000)]
  0x000001c53b019800 JavaThread "Sweeper thread" daemon [_thread_blocked, id=12092, stack(0x0000001a66300000,0x0000001a66400000)]
  0x000001c53b01a000 JavaThread "Common-Cleaner" daemon [_thread_blocked, id=11604, stack(0x0000001a66500000,0x0000001a66600000)]
=>0x000001c53c54e000 JavaThread "C2 CompilerThread1" daemon [_thread_in_native, id=5108, stack(0x0000001a66600000,0x0000001a66700000)]

Other Threads:
  0x000001c53afbd000 VMThread "VM Thread" [stack: 0x0000001a65b00000,0x0000001a65c00000] [id=11028]
  0x000001c53bae3000 WatcherThread [stack: 0x0000001a66400000,0x0000001a66500000] [id=2152]
  0x000001c520ce3800 GCTaskThread "GC Thread#0" [stack: 0x0000001a65600000,0x0000001a65700000] [id=11520]
  0x000001c53bfac800 GCTaskThread "GC Thread#1" [stack: 0x0000001a66700000,0x0000001a66800000] [id=8320]
  0x000001c53bf7d000 GCTaskThread "GC Thread#2" [stack: 0x0000001a66800000,0x0000001a66900000] [id=2424]
  0x000001c520d13000 ConcurrentGCThread "G1 Main Marker" [stack: 0x0000001a65700000,0x0000001a65800000] [id=1576]
  0x000001c520d15800 ConcurrentGCThread "G1 Conc#0" [stack: 0x0000001a65800000,0x0000001a65900000] [id=1996]
  0x000001c520da6800 ConcurrentGCThread "G1 Refine#0" [stack: 0x0000001a65900000,0x0000001a65a00000] [id=7688]
  0x000001c520da8800 ConcurrentGCThread "G1 Young RemSet Sampling" [stack: 0x0000001a65a00000,0x0000001a65b00000] [id=5832]

Threads with active compile tasks:
C2 CompilerThread0   1525 2003   !   4       jdk.internal.loader.BuiltinClassLoader::loadClassOrNull (143 bytes)
C1 CompilerThread0   1525 2013       3       java.lang.invoke.InvokerBytecodeGenerator::isStaticallyNameable (148 bytes)
C2 CompilerThread1   1525 2011       4       jdk.internal.org.objectweb.asm.ByteVector::putByte (39 bytes)

VM state:at safepoint (normal execution)

VM Mutex/Monitor currently owned by a thread:  ([mutex/lock_event])
[0x000001c520cc83b0] Threads_lock - owner thread: 0x000001c53afbd000
[0x000001c520cc8830] Heap_lock - owner thread: 0x000001c520ccc000

Heap address: 0x0000000080e00000, size: 2034 MB, Compressed Oops mode: 32-bit
Narrow klass base: 0x0000000000000000, Narrow klass shift: 3
Compressed class space size: 1073741824 Address: 0x0000000100000000

Heap:
 garbage-first heap   total 131072K, used 31345K [0x0000000080e00000, 0x0000000100000000)
  region size 1024K, 22 young (22528K), 3 survivors (3072K)
 Metaspace       used 26357K, capacity 26792K, committed 26880K, reserved 1081344K
  class space    used 2838K, capacity 2984K, committed 3072K, reserved 1048576K
Heap Regions: E=young(eden), S=young(survivor), O=old, HS=humongous(starts), HC=humongous(continues), CS=collection set, F=free, A=archive, TAMS=top-at-mark-start (previous, next)
|   0|0x0000000080e00000, 0x0000000080f00000, 0x0000000080f00000|100%|HS|  |TAMS 0x0000000080f00000, 0x0000000080f00000| Complete 
|   1|0x0000000080f00000, 0x0000000081000000, 0x0000000081000000|100%|HC|  |TAMS 0x0000000081000000, 0x0000000081000000| Complete 
|   2|0x0000000081000000, 0x0000000081100000, 0x0000000081100000|100%|HC|  |TAMS 0x0000000081100000, 0x0000000081100000| Complete 
|   3|0x0000000081100000, 0x0000000081200000, 0x0000000081200000|100%| O|  |TAMS 0x0000000081100000, 0x0000000081200000| Untracked 
|   4|0x0000000081200000, 0x0000000081300000, 0x0000000081300000|100%| O|  |TAMS 0x000000008121bc00, 0x0000000081300000| Untracked 
|   5|0x0000000081300000, 0x0000000081400000, 0x0000000081400000|100%|HS|  |TAMS 0x0000000081300000, 0x0000000081400000| Complete 
|   6|0x0000000081400000, 0x0000000081500000, 0x0000000081500000|100%|HC|  |TAMS 0x0000000081400000, 0x0000000081500000| Complete 
|   7|0x0000000081500000, 0x0000000081600000, 0x0000000081600000|100%|HC|  |TAMS 0x0000000081500000, 0x0000000081600000| Complete 
|   8|0x0000000081600000, 0x0000000081700000, 0x0000000081700000|100%| O|  |TAMS 0x0000000081600000, 0x0000000081700000| Untracked 
|   9|0x0000000081700000, 0x0000000081800000, 0x0000000081800000|100%| O|  |TAMS 0x0000000081700000, 0x0000000081800000| Untracked 
|  10|0x0000000081800000, 0x0000000081900000, 0x0000000081900000|100%| O|  |TAMS 0x0000000081800000, 0x0000000081900000| Untracked 
|  11|0x0000000081900000, 0x00000000819b17e8, 0x0000000081a00000| 69%| O|  |TAMS 0x0000000081900000, 0x0000000081a00000| Untracked 
|  12|0x0000000081a00000, 0x0000000081a00000, 0x0000000081b00000|  0%| F|  |TAMS 0x0000000081a00000, 0x0000000081a00000| Untracked 
|  13|0x0000000081b00000, 0x0000000081b00000, 0x0000000081c00000|  0%| F|  |TAMS 0x0000000081b00000, 0x0000000081b00000| Untracked 
|  14|0x0000000081c00000, 0x0000000081c00000, 0x0000000081d00000|  0%| F|  |TAMS 0x0000000081c00000, 0x0000000081c00000| Untracked 
|  15|0x0000000081d00000, 0x0000000081d00000, 0x0000000081e00000|  0%| F|  |TAMS 0x0000000081d00000, 0x0000000081d00000| Untracked 
|  16|0x0000000081e00000, 0x0000000081e00000, 0x0000000081f00000|  0%| F|  |TAMS 0x0000000081e00000, 0x0000000081e00000| Untracked 
|  17|0x0000000081f00000, 0x0000000081f00000, 0x0000000082000000|  0%| F|  |TAMS 0x0000000081f00000, 0x0000000081f00000| Untracked 
|  18|0x0000000082000000, 0x0000000082000000, 0x0000000082100000|  0%| F|  |TAMS 0x0000000082000000, 0x0000000082000000| Untracked 
|  19|0x0000000082100000, 0x0000000082100000, 0x0000000082200000|  0%| F|  |TAMS 0x0000000082100000, 0x0000000082100000| Untracked 
|  20|0x0000000082200000, 0x0000000082200000, 0x0000000082300000|  0%| F|  |TAMS 0x0000000082200000, 0x0000000082200000| Untracked 
|  21|0x0000000082300000, 0x0000000082300000, 0x0000000082400000|  0%| F|  |TAMS 0x0000000082300000, 0x0000000082300000| Untracked 
|  22|0x0000000082400000, 0x0000000082400000, 0x0000000082500000|  0%| F|  |TAMS 0x0000000082400000, 0x0000000082400000| Untracked 
|  23|0x0000000082500000, 0x0000000082500000, 0x0000000082600000|  0%| F|  |TAMS 0x0000000082500000, 0x0000000082500000| Untracked 
|  24|0x0000000082600000, 0x0000000082600000, 0x0000000082700000|  0%| F|  |TAMS 0x0000000082600000, 0x0000000082600000| Untracked 
|  25|0x0000000082700000, 0x0000000082700000, 0x0000000082800000|  0%| F|  |TAMS 0x0000000082700000, 0x0000000082700000| Untracked 
|  26|0x0000000082800000, 0x0000000082800000, 0x0000000082900000|  0%| F|  |TAMS 0x0000000082800000, 0x0000000082800000| Untracked 
|  27|0x0000000082900000, 0x0000000082900000, 0x0000000082a00000|  0%| F|  |TAMS 0x0000000082900000, 0x0000000082900000| Untracked 
|  28|0x0000000082a00000, 0x0000000082a00000, 0x0000000082b00000|  0%| F|  |TAMS 0x0000000082a00000, 0x0000000082a00000| Untracked 
|  29|0x0000000082b00000, 0x0000000082b00000, 0x0000000082c00000|  0%| F|  |TAMS 0x0000000082b00000, 0x0000000082b00000| Untracked 
|  30|0x0000000082c00000, 0x0000000082c00000, 0x0000000082d00000|  0%| F|  |TAMS 0x0000000082c00000, 0x0000000082c00000| Untracked 
|  31|0x0000000082d00000, 0x0000000082d00000, 0x0000000082e00000|  0%| F|  |TAMS 0x0000000082d00000, 0x0000000082d00000| Untracked 
|  32|0x0000000082e00000, 0x0000000082e00000, 0x0000000082f00000|  0%| F|  |TAMS 0x0000000082e00000, 0x0000000082e00000| Untracked 
|  33|0x0000000082f00000, 0x0000000082f00000, 0x0000000083000000|  0%| F|  |TAMS 0x0000000082f00000, 0x0000000082f00000| Untracked 
|  34|0x0000000083000000, 0x0000000083000000, 0x0000000083100000|  0%| F|  |TAMS 0x0000000083000000, 0x0000000083000000| Untracked 
|  35|0x0000000083100000, 0x0000000083100000, 0x0000000083200000|  0%| F|  |TAMS 0x0000000083100000, 0x0000000083100000| Untracked 
|  36|0x0000000083200000, 0x0000000083200000, 0x0000000083300000|  0%| F|  |TAMS 0x0000000083200000, 0x0000000083200000| Untracked 
|  37|0x0000000083300000, 0x0000000083300000, 0x0000000083400000|  0%| F|  |TAMS 0x0000000083300000, 0x0000000083300000| Untracked 
|  38|0x0000000083400000, 0x0000000083400000, 0x0000000083500000|  0%| F|  |TAMS 0x0000000083400000, 0x0000000083400000| Untracked 
|  39|0x0000000083500000, 0x0000000083500000, 0x0000000083600000|  0%| F|  |TAMS 0x0000000083500000, 0x0000000083500000| Untracked 
|  40|0x0000000083600000, 0x0000000083600000, 0x0000000083700000|  0%| F|  |TAMS 0x0000000083600000, 0x0000000083600000| Untracked 
|  41|0x0000000083700000, 0x0000000083700000, 0x0000000083800000|  0%| F|  |TAMS 0x0000000083700000, 0x0000000083700000| Untracked 
|  42|0x0000000083800000, 0x0000000083800000, 0x0000000083900000|  0%| F|  |TAMS 0x0000000083800000, 0x0000000083800000| Untracked 
|  43|0x0000000083900000, 0x0000000083900000, 0x0000000083a00000|  0%| F|  |TAMS 0x0000000083900000, 0x0000000083900000| Untracked 
|  44|0x0000000083a00000, 0x0000000083a00000, 0x0000000083b00000|  0%| F|  |TAMS 0x0000000083a00000, 0x0000000083a00000| Untracked 
|  45|0x0000000083b00000, 0x0000000083b00000, 0x0000000083c00000|  0%| F|  |TAMS 0x0000000083b00000, 0x0000000083b00000| Untracked 
|  46|0x0000000083c00000, 0x0000000083c00000, 0x0000000083d00000|  0%| F|  |TAMS 0x0000000083c00000, 0x0000000083c00000| Untracked 
|  47|0x0000000083d00000, 0x0000000083d00000, 0x0000000083e00000|  0%| F|  |TAMS 0x0000000083d00000, 0x0000000083d00000| Untracked 
|  48|0x0000000083e00000, 0x0000000083e00000, 0x0000000083f00000|  0%| F|  |TAMS 0x0000000083e00000, 0x0000000083e00000| Untracked 
|  49|0x0000000083f00000, 0x0000000083f00000, 0x0000000084000000|  0%| F|  |TAMS 0x0000000083f00000, 0x0000000083f00000| Untracked 
|  50|0x0000000084000000, 0x0000000084000000, 0x0000000084100000|  0%| F|  |TAMS 0x0000000084000000, 0x0000000084000000| Untracked 
|  51|0x0000000084100000, 0x0000000084100000, 0x0000000084200000|  0%| F|  |TAMS 0x0000000084100000, 0x0000000084100000| Untracked 
|  52|0x0000000084200000, 0x0000000084200000, 0x0000000084300000|  0%| F|  |TAMS 0x0000000084200000, 0x0000000084200000| Untracked 
|  53|0x0000000084300000, 0x0000000084300000, 0x0000000084400000|  0%| F|  |TAMS 0x0000000084300000, 0x0000000084300000| Untracked 
|  54|0x0000000084400000, 0x0000000084400000, 0x0000000084500000|  0%| F|  |TAMS 0x0000000084400000, 0x0000000084400000| Untracked 
|  55|0x0000000084500000, 0x0000000084500000, 0x0000000084600000|  0%| F|  |TAMS 0x0000000084500000, 0x0000000084500000| Untracked 
|  56|0x0000000084600000, 0x0000000084600000, 0x0000000084700000|  0%| F|  |TAMS 0x0000000084600000, 0x0000000084600000| Untracked 
|  57|0x0000000084700000, 0x0000000084700000, 0x0000000084800000|  0%| F|  |TAMS 0x0000000084700000, 0x0000000084700000| Untracked 
|  58|0x0000000084800000, 0x0000000084800000, 0x0000000084900000|  0%| F|  |TAMS 0x0000000084800000, 0x0000000084800000| Untracked 
|  59|0x0000000084900000, 0x0000000084900000, 0x0000000084a00000|  0%| F|  |TAMS 0x0000000084900000, 0x0000000084900000| Untracked 
|  60|0x0000000084a00000, 0x0000000084a00000, 0x0000000084b00000|  0%| F|  |TAMS 0x0000000084a00000, 0x0000000084a00000| Untracked 
|  61|0x0000000084b00000, 0x0000000084b00000, 0x0000000084c00000|  0%| F|  |TAMS 0x0000000084b00000, 0x0000000084b00000| Untracked 
|  62|0x0000000084c00000, 0x0000000084c00000, 0x0000000084d00000|  0%| F|  |TAMS 0x0000000084c00000, 0x0000000084c00000| Untracked 
|  63|0x0000000084d00000, 0x0000000084d00000, 0x0000000084e00000|  0%| F|  |TAMS 0x0000000084d00000, 0x0000000084d00000| Untracked 
|  64|0x0000000084e00000, 0x0000000084e00000, 0x0000000084f00000|  0%| F|  |TAMS 0x0000000084e00000, 0x0000000084e00000| Untracked 
|  65|0x0000000084f00000, 0x0000000084f00000, 0x0000000085000000|  0%| F|  |TAMS 0x0000000084f00000, 0x0000000084f00000| Untracked 
|  66|0x0000000085000000, 0x0000000085000000, 0x0000000085100000|  0%| F|  |TAMS 0x0000000085000000, 0x0000000085000000| Untracked 
|  67|0x0000000085100000, 0x0000000085100000, 0x0000000085200000|  0%| F|  |TAMS 0x0000000085100000, 0x0000000085100000| Untracked 
|  68|0x0000000085200000, 0x0000000085200000, 0x0000000085300000|  0%| F|  |TAMS 0x0000000085200000, 0x0000000085200000| Untracked 
|  69|0x0000000085300000, 0x0000000085300000, 0x0000000085400000|  0%| F|  |TAMS 0x0000000085300000, 0x0000000085300000| Untracked 
|  70|0x0000000085400000, 0x0000000085400000, 0x0000000085500000|  0%| F|  |TAMS 0x0000000085400000, 0x0000000085400000| Untracked 
|  71|0x0000000085500000, 0x0000000085500000, 0x0000000085600000|  0%| F|  |TAMS 0x0000000085500000, 0x0000000085500000| Untracked 
|  72|0x0000000085600000, 0x0000000085600000, 0x0000000085700000|  0%| F|  |TAMS 0x0000000085600000, 0x0000000085600000| Untracked 
|  73|0x0000000085700000, 0x0000000085700000, 0x0000000085800000|  0%| F|  |TAMS 0x0000000085700000, 0x0000000085700000| Untracked 
|  74|0x0000000085800000, 0x0000000085800000, 0x0000000085900000|  0%| F|  |TAMS 0x0000000085800000, 0x0000000085800000| Untracked 
|  75|0x0000000085900000, 0x0000000085a00000, 0x0000000085a00000|100%| E|CS|TAMS 0x0000000085900000, 0x0000000085a00000| Complete 
|  76|0x0000000085a00000, 0x0000000085b00000, 0x0000000085b00000|100%| E|CS|TAMS 0x0000000085a00000, 0x0000000085b00000| Complete 
|  77|0x0000000085b00000, 0x0000000085c00000, 0x0000000085c00000|100%| E|CS|TAMS 0x0000000085b00000, 0x0000000085c00000| Complete 
|  78|0x0000000085c00000, 0x0000000085d00000, 0x0000000085d00000|100%| E|CS|TAMS 0x0000000085c00000, 0x0000000085d00000| Complete 
|  79|0x0000000085d00000, 0x0000000085e00000, 0x0000000085e00000|100%| E|CS|TAMS 0x0000000085d00000, 0x0000000085e00000| Complete 
|  80|0x0000000085e00000, 0x0000000085f00000, 0x0000000085f00000|100%| E|CS|TAMS 0x0000000085e00000, 0x0000000085f00000| Complete 
|  81|0x0000000085f00000, 0x0000000085f00000, 0x0000000086000000|  0%| F|  |TAMS 0x0000000085f00000, 0x0000000085f00000| Untracked 
|  82|0x0000000086000000, 0x0000000086000000, 0x0000000086100000|  0%| F|  |TAMS 0x0000000086000000, 0x0000000086000000| Untracked 
|  83|0x0000000086100000, 0x0000000086100000, 0x0000000086200000|  0%| F|  |TAMS 0x0000000086100000, 0x0000000086100000| Untracked 
|  84|0x0000000086200000, 0x0000000086200000, 0x0000000086300000|  0%| F|  |TAMS 0x0000000086200000, 0x0000000086200000| Untracked 
|  85|0x0000000086300000, 0x0000000086300000, 0x0000000086400000|  0%| F|  |TAMS 0x0000000086300000, 0x0000000086300000| Untracked 
|  86|0x0000000086400000, 0x0000000086400000, 0x0000000086500000|  0%| F|  |TAMS 0x0000000086400000, 0x0000000086400000| Untracked 
|  87|0x0000000086500000, 0x0000000086500000, 0x0000000086600000|  0%| F|  |TAMS 0x0000000086500000, 0x0000000086500000| Untracked 
|  88|0x0000000086600000, 0x0000000086600000, 0x0000000086700000|  0%| F|  |TAMS 0x0000000086600000, 0x0000000086600000| Untracked 
|  89|0x0000000086700000, 0x0000000086700000, 0x0000000086800000|  0%| F|  |TAMS 0x0000000086700000, 0x0000000086700000| Untracked 
|  90|0x0000000086800000, 0x0000000086800000, 0x0000000086900000|  0%| F|  |TAMS 0x0000000086800000, 0x0000000086800000| Untracked 
|  91|0x0000000086900000, 0x0000000086900000, 0x0000000086a00000|  0%| F|  |TAMS 0x0000000086900000, 0x0000000086900000| Untracked 
|  92|0x0000000086a00000, 0x0000000086a00000, 0x0000000086b00000|  0%| F|  |TAMS 0x0000000086a00000, 0x0000000086a00000| Untracked 
|  93|0x0000000086b00000, 0x0000000086b00000, 0x0000000086c00000|  0%| F|  |TAMS 0x0000000086b00000, 0x0000000086b00000| Untracked 
|  94|0x0000000086c00000, 0x0000000086c00000, 0x0000000086d00000|  0%| F|  |TAMS 0x0000000086c00000, 0x0000000086c00000| Untracked 
|  95|0x0000000086d00000, 0x0000000086d00000, 0x0000000086e00000|  0%| F|  |TAMS 0x0000000086d00000, 0x0000000086d00000| Untracked 
|  96|0x0000000086e00000, 0x0000000086e00000, 0x0000000086f00000|  0%| F|  |TAMS 0x0000000086e00000, 0x0000000086e00000| Untracked 
|  97|0x0000000086f00000, 0x0000000086f00000, 0x0000000087000000|  0%| F|  |TAMS 0x0000000086f00000, 0x0000000086f00000| Untracked 
|  98|0x0000000087000000, 0x0000000087000000, 0x0000000087100000|  0%| F|  |TAMS 0x0000000087000000, 0x0000000087000000| Untracked 
|  99|0x0000000087100000, 0x0000000087100000, 0x0000000087200000|  0%| F|  |TAMS 0x0000000087100000, 0x0000000087100000| Untracked 
| 100|0x0000000087200000, 0x0000000087200000, 0x0000000087300000|  0%| F|  |TAMS 0x0000000087200000, 0x0000000087200000| Untracked 
| 101|0x0000000087300000, 0x0000000087300000, 0x0000000087400000|  0%| F|  |TAMS 0x0000000087300000, 0x0000000087300000| Untracked 
| 102|0x0000000087400000, 0x0000000087400000, 0x0000000087500000|  0%| F|  |TAMS 0x0000000087400000, 0x0000000087400000| Untracked 
| 103|0x0000000087500000, 0x0000000087500000, 0x0000000087600000|  0%| F|  |TAMS 0x0000000087500000, 0x0000000087500000| Untracked 
| 104|0x0000000087600000, 0x0000000087600000, 0x0000000087700000|  0%| F|  |TAMS 0x0000000087600000, 0x0000000087600000| Untracked 
| 105|0x0000000087700000, 0x0000000087700000, 0x0000000087800000|  0%| F|  |TAMS 0x0000000087700000, 0x0000000087700000| Untracked 
| 106|0x0000000087800000, 0x00000000878411f8, 0x0000000087900000| 25%| S|  |TAMS 0x0000000087800000, 0x0000000087800000| Complete 
| 107|0x0000000087900000, 0x0000000087a00000, 0x0000000087a00000|100%| S|  |TAMS 0x0000000087900000, 0x0000000087900000| Complete 
| 108|0x0000000087a00000, 0x0000000087b00000, 0x0000000087b00000|100%| S|  |TAMS 0x0000000087a00000, 0x0000000087a00000| Complete 
| 109|0x0000000087b00000, 0x0000000087b80800, 0x0000000087c00000| 50%| E|CS|TAMS 0x0000000087b00000, 0x0000000087b80800| Complete 
| 110|0x0000000087c00000, 0x0000000087d00000, 0x0000000087d00000|100%| E|CS|TAMS 0x0000000087c00000, 0x0000000087d00000| Complete 
| 111|0x0000000087d00000, 0x0000000087e00000, 0x0000000087e00000|100%| E|CS|TAMS 0x0000000087d00000, 0x0000000087e00000| Complete 
| 112|0x0000000087e00000, 0x0000000087f00000, 0x0000000087f00000|100%| E|CS|TAMS 0x0000000087e00000, 0x0000000087f00000| Complete 
| 113|0x0000000087f00000, 0x0000000088000000, 0x0000000088000000|100%| E|CS|TAMS 0x0000000087f00000, 0x0000000088000000| Complete 
| 114|0x0000000088000000, 0x0000000088100000, 0x0000000088100000|100%| E|CS|TAMS 0x0000000088000000, 0x0000000088100000| Complete 
| 115|0x0000000088100000, 0x0000000088200000, 0x0000000088200000|100%| E|CS|TAMS 0x0000000088100000, 0x0000000088200000| Complete 
| 116|0x0000000088200000, 0x0000000088300000, 0x0000000088300000|100%| E|CS|TAMS 0x0000000088200000, 0x0000000088300000| Complete 
| 117|0x0000000088300000, 0x0000000088400000, 0x0000000088400000|100%| E|CS|TAMS 0x0000000088300000, 0x0000000088400000| Complete 
| 118|0x0000000088400000, 0x0000000088500000, 0x0000000088500000|100%| E|CS|TAMS 0x0000000088400000, 0x0000000088500000| Complete 
| 119|0x0000000088500000, 0x0000000088600000, 0x0000000088600000|100%| E|CS|TAMS 0x0000000088500000, 0x0000000088600000| Complete 
| 120|0x0000000088600000, 0x0000000088700000, 0x0000000088700000|100%| E|CS|TAMS 0x0000000088600000, 0x0000000088700000| Complete 
| 121|0x0000000088700000, 0x0000000088800000, 0x0000000088800000|100%| E|CS|TAMS 0x0000000088700000, 0x0000000088800000| Complete 
| 122|0x0000000088800000, 0x0000000088900000, 0x0000000088900000|100%| E|CS|TAMS 0x0000000088800000, 0x0000000088900000| Complete 
| 123|0x0000000088900000, 0x0000000088a00000, 0x0000000088a00000|100%| E|CS|TAMS 0x0000000088900000, 0x0000000088a00000| Complete 
| 124|0x0000000088a00000, 0x0000000088b00000, 0x0000000088b00000|100%| E|CS|TAMS 0x0000000088a00000, 0x0000000088b00000| Complete 
| 125|0x0000000088b00000, 0x0000000088c00000, 0x0000000088c00000|100%| E|CS|TAMS 0x0000000088b00000, 0x0000000088c00000| Complete 
| 126|0x0000000088c00000, 0x0000000088d00000, 0x0000000088d00000|100%| E|CS|TAMS 0x0000000088c00000, 0x0000000088d00000| Complete 
| 127|0x0000000088d00000, 0x0000000088e00000, 0x0000000088e00000|100%| E|CS|TAMS 0x0000000088d00000, 0x0000000088e00000| Complete 

Card table byte_map: [0x000001c534200000,0x000001c534600000] _byte_map_base: 0x000001c533df9000

Marking Bits (Prev, Next): (CMBitMap*) 0x000001c520d0a4b0, (CMBitMap*) 0x000001c520d0a478
 Prev Bits: [0x000001c5369d0000, 0x000001c538998000)
 Next Bits: [0x000001c534a00000, 0x000001c5369c8000)

Polling page: 0x000001c51f3e0000

Metaspace:

Usage:
  Non-class:     23.25 MB capacity,    22.97 MB ( 99%) used,   248.48 KB (  1%) free+waste,    39.75 KB ( <1%) overhead. 
      Class:      2.91 MB capacity,     2.77 MB ( 95%) used,   127.41 KB (  4%) free+waste,    18.38 KB ( <1%) overhead. 
       Both:     26.16 MB capacity,    25.74 MB ( 98%) used,   375.89 KB (  1%) free+waste,    58.13 KB ( <1%) overhead. 

Virtual space:
  Non-class space:       32.00 MB reserved,      23.25 MB ( 73%) committed 
      Class space:        1.00 GB reserved,       3.00 MB ( <1%) committed 
             Both:        1.03 GB reserved,      26.25 MB (  2%) committed 

Chunk freelists:
   Non-Class:  0 bytes
       Class:  24.00 KB
        Both:  24.00 KB

MaxMetaspaceSize: 17179869184.00 GB
CompressedClassSpaceSize: 1.00 GB

CodeHeap 'non-profiled nmethods': size=120064Kb used=633Kb max_used=633Kb free=119430Kb
 bounds [0x000001c52c290000, 0x000001c52c500000, 0x000001c5337d0000]
CodeHeap 'profiled nmethods': size=120000Kb used=3784Kb max_used=3784Kb free=116215Kb
 bounds [0x000001c524d60000, 0x000001c525120000, 0x000001c52c290000]
CodeHeap 'non-nmethods': size=5696Kb used=1159Kb max_used=1171Kb free=4536Kb
 bounds [0x000001c5247d0000, 0x000001c524a40000, 0x000001c524d60000]
 total_blobs=2515 nmethods=2010 adapters=416
 compilation: enabled
              stopped_count=0, restarted_count=0
 full_count=0

Compilation events (20 events):
Event: 1.483 Thread 0x000001c53b015000 nmethod 2001 0x000001c52510c390 code [0x000001c52510c780, 0x000001c52510ddd8]
Event: 1.483 Thread 0x000001c53c54e000 2002       4       java.lang.ref.Cleaner$1::apply (9 bytes)
Event: 1.484 Thread 0x000001c53c54e000 nmethod 2002 0x000001c52c32df10 code [0x000001c52c32e0a0, 0x000001c52c32e138]
Event: 1.486 Thread 0x000001c53b00a800 2003   !   4       jdk.internal.loader.BuiltinClassLoader::loadClassOrNull (143 bytes)
Event: 1.492 Thread 0x000001c53c54e000 2004       4       java.util.Objects::equals (23 bytes)
Event: 1.493 Thread 0x000001c53c54e000 nmethod 2004 0x000001c52c32e210 code [0x000001c52c32e3a0, 0x000001c52c32e438]
Event: 1.493 Thread 0x000001c53b015000 2005       3       jdk.internal.loader.AbstractClassLoaderValue$Sub::hashCode (19 bytes)
Event: 1.493 Thread 0x000001c53b015000 nmethod 2005 0x000001c52510e490 code [0x000001c52510e660, 0x000001c52510e9b8]
Event: 1.493 Thread 0x000001c53b015000 2006  s    3       java.io.DataOutputStream::write (16 bytes)
Event: 1.494 Thread 0x000001c53b015000 nmethod 2006 0x000001c52510eb10 code [0x000001c52510ece0, 0x000001c52510f0c8]
Event: 1.494 Thread 0x000001c53b015000 2007       3       java.lang.reflect.ProxyGenerator$ConstantPool$IndirectEntry::write (61 bytes)
Event: 1.494 Thread 0x000001c53b015000 nmethod 2007 0x000001c52510f210 code [0x000001c52510f460, 0x000001c52510fda8]
Event: 1.494 Thread 0x000001c53b015000 2008       3       java.io.DataOutputStream::writeInt (65 bytes)
Event: 1.494 Thread 0x000001c53b015000 nmethod 2008 0x000001c525110090 code [0x000001c525110280, 0x000001c525110798]
Event: 1.499 Thread 0x000001c53b015000 2009       3       java.lang.Class::newReflectionData (66 bytes)
Event: 1.500 Thread 0x000001c53b015000 nmethod 2009 0x000001c525110910 code [0x000001c525110b40, 0x000001c525111488]
Event: 1.505 Thread 0x000001c53b015000 2010       3       java.util.ImmutableCollections$Set12::contains (28 bytes)
Event: 1.505 Thread 0x000001c53b015000 nmethod 2010 0x000001c525111790 code [0x000001c525111960, 0x000001c525111c98]
Event: 1.510 Thread 0x000001c53c54e000 2011       4       jdk.internal.org.objectweb.asm.ByteVector::putByte (39 bytes)
Event: 1.510 Thread 0x000001c53b015000 2012       3       jdk.internal.org.objectweb.asm.AnnotationVisitor::<init> (35 bytes)

GC Heap History (4 events):
Event: 0.326 GC heap before
{Heap before GC invocations=0 (full 0):
 garbage-first heap   total 131072K, used 17408K [0x0000000080e00000, 0x0000000100000000)
  region size 1024K, 14 young (14336K), 0 survivors (0K)
 Metaspace       used 9836K, capacity 9938K, committed 10112K, reserved 1058816K
  class space    used 845K, capacity 885K, committed 896K, reserved 1048576K
}
Event: 0.328 GC heap after
{Heap after GC invocations=1 (full 0):
 garbage-first heap   total 131072K, used 5231K [0x0000000080e00000, 0x0000000100000000)
  region size 1024K, 2 young (2048K), 2 survivors (2048K)
 Metaspace       used 9836K, capacity 9938K, committed 10112K, reserved 1058816K
  class space    used 845K, capacity 885K, committed 896K, reserved 1048576K
}
Event: 1.198 GC heap before
{Heap before GC invocations=1 (full 0):
 garbage-first heap   total 131072K, used 50287K [0x0000000080e00000, 0x0000000100000000)
  region size 1024K, 47 young (48128K), 2 survivors (2048K)
 Metaspace       used 20774K, capacity 20986K, committed 21248K, reserved 1069056K
  class space    used 2199K, capacity 2276K, committed 2304K, reserved 1048576K
}
Event: 1.210 GC heap after
{Heap after GC invocations=2 (full 0):
 garbage-first heap   total 131072K, used 9327K [0x0000000080e00000, 0x0000000100000000)
  region size 1024K, 6 young (6144K), 6 survivors (6144K)
 Metaspace       used 20774K, capacity 20986K, committed 21248K, reserved 1069056K
  class space    used 2199K, capacity 2276K, committed 2304K, reserved 1048576K
}

Deoptimization events (20 events):
Event: 1.395 Thread 0x000001c520ccc000 DEOPT PACKING pc=0x000001c5250d5638 sp=0x0000001a655fe870
Event: 1.395 Thread 0x000001c520ccc000 DEOPT UNPACKING pc=0x000001c5247f6dde sp=0x0000001a655fdce8 mode 0
Event: 1.395 Thread 0x000001c520ccc000 DEOPT PACKING pc=0x000001c5250d5638 sp=0x0000001a655fe870
Event: 1.395 Thread 0x000001c520ccc000 DEOPT UNPACKING pc=0x000001c5247f6dde sp=0x0000001a655fdce8 mode 0
Event: 1.395 Thread 0x000001c520ccc000 DEOPT PACKING pc=0x000001c5250d5638 sp=0x0000001a655fe870
Event: 1.395 Thread 0x000001c520ccc000 DEOPT UNPACKING pc=0x000001c5247f6dde sp=0x0000001a655fdce8 mode 0
Event: 1.395 Thread 0x000001c520ccc000 DEOPT PACKING pc=0x000001c5250d5638 sp=0x0000001a655fe870
Event: 1.395 Thread 0x000001c520ccc000 DEOPT UNPACKING pc=0x000001c5247f6dde sp=0x0000001a655fdce8 mode 0
Event: 1.395 Thread 0x000001c520ccc000 DEOPT PACKING pc=0x000001c5250d5638 sp=0x0000001a655fe870
Event: 1.395 Thread 0x000001c520ccc000 DEOPT UNPACKING pc=0x000001c5247f6dde sp=0x0000001a655fdce8 mode 0
Event: 1.396 Thread 0x000001c520ccc000 DEOPT PACKING pc=0x000001c5250d5638 sp=0x0000001a655fe870
Event: 1.396 Thread 0x000001c520ccc000 DEOPT UNPACKING pc=0x000001c5247f6dde sp=0x0000001a655fdce8 mode 0
Event: 1.480 Thread 0x000001c520ccc000 Uncommon trap: trap_request=0xffffff4d fr.pc=0x000001c52c30a664 relative=0x00000000000005a4
Event: 1.480 Thread 0x000001c520ccc000 Uncommon trap: reason=unstable_if action=reinterpret pc=0x000001c52c30a664 method=java.lang.Integer.getChars(II[B)I @ 25 c2
Event: 1.480 Thread 0x000001c520ccc000 DEOPT PACKING pc=0x000001c52c30a664 sp=0x0000001a655fe9b0
Event: 1.480 Thread 0x000001c520ccc000 DEOPT UNPACKING pc=0x000001c5247f662f sp=0x0000001a655fe8a0 mode 2
Event: 1.497 Thread 0x000001c520ccc000 Uncommon trap: trap_request=0xffffffcc fr.pc=0x000001c52c32c3ec relative=0x00000000000001ac
Event: 1.497 Thread 0x000001c520ccc000 Uncommon trap: reason=intrinsic_or_type_checked_inlining action=make_not_entrant pc=0x000001c52c32c3ec method=java.util.Arrays.copyOf([Ljava/lang/Object;ILjava/lang/Class;)[Ljava/lang/Object; @ 35 c2
Event: 1.497 Thread 0x000001c520ccc000 DEOPT PACKING pc=0x000001c52c32c3ec sp=0x0000001a655fdc90
Event: 1.497 Thread 0x000001c520ccc000 DEOPT UNPACKING pc=0x000001c5247f662f sp=0x0000001a655fdc20 mode 2

Classes redefined (0 events):
No events

Internal exceptions (20 events):
Event: 0.896 Thread 0x000001c520ccc000 Exception <a 'java/lang/NoSuchMethodError'{0x0000000086d52cd0}: 'int java.lang.invoke.DelegatingMethodHandle$Holder.reinvoke_L(java.lang.Object, java.lang.Object, java.lang.Object, long, int)'> (0x0000000086d52cd0) thrown at [./src/hotspot/share/interpreter/linkResolver.cpp, line 773]
Event: 1.006 Thread 0x000001c520ccc000 Exception <a 'java/lang/NoSuchMethodError'{0x00000000869b51b8}: 'int java.lang.invoke.DirectMethodHandle$Holder.invokeSpecialIFC(java.lang.Object, java.lang.Object, int)'> (0x00000000869b51b8) thrown at [./src/hotspot/share/interpreter/linkResolver.cpp, line 773]
Event: 1.174 Thread 0x000001c520ccc000 Exception <a 'java/lang/NoSuchMethodError'{0x00000000861807d0}: 'java.lang.Object java.lang.invoke.DirectMethodHandle$Holder.invokeStaticInit(java.lang.Object, int)'> (0x00000000861807d0) thrown at [./src/hotspot/share/interpreter/linkResolver.cpp, line 773]
Event: 1.220 Thread 0x000001c520ccc000 Exception <a 'java/lang/NoSuchMethodError'{0x0000000088d56130}: 'long java.lang.invoke.DirectMethodHandle$Holder.invokeStatic(java.lang.Object)'> (0x0000000088d56130) thrown at [./src/hotspot/share/interpreter/linkResolver.cpp, line 773]
Event: 1.220 Thread 0x000001c520ccc000 Exception <a 'java/lang/NoSuchMethodError'{0x0000000088d58f88}: 'long java.lang.invoke.DirectMethodHandle$Holder.invokeStaticInit(java.lang.Object)'> (0x0000000088d58f88) thrown at [./src/hotspot/share/interpreter/linkResolver.cpp, line 773]
Event: 1.263 Thread 0x000001c520ccc000 Exception <a 'java/lang/NoSuchMethodError'{0x0000000088afed58}: 'int java.lang.invoke.DirectMethodHandle$Holder.invokeStaticInit(java.lang.Object, java.lang.Object, java.lang.Object)'> (0x0000000088afed58) thrown at [./src/hotspot/share/interpreter/linkResolver.cpp, line 773]
Event: 1.268 Thread 0x000001c520ccc000 Exception <a 'java/lang/NoSuchMethodError'{0x000000008892d548}: 'int java.lang.invoke.DirectMethodHandle$Holder.invokeStaticInit(java.lang.Object, java.lang.Object)'> (0x000000008892d548) thrown at [./src/hotspot/share/interpreter/linkResolver.cpp, line 773]
Event: 1.307 Thread 0x000001c520ccc000 Exception <a 'java/lang/NoSuchMethodError'{0x0000000088742258}: 'void java.lang.invoke.DirectMethodHandle$Holder.invokeSpecial(java.lang.Object, java.lang.Object)'> (0x0000000088742258) thrown at [./src/hotspot/share/interpreter/linkResolver.cpp, line 773]
Event: 1.446 Thread 0x000001c520ccc000 Exception <a 'java/lang/NoSuchMethodError'{0x0000000087fd1470}: 'java.lang.Object java.lang.invoke.DirectMethodHandle$Holder.invokeStatic(java.lang.Object, java.lang.Object, java.lang.Object, java.lang.Object, java.lang.Object, java.lang.Object, java.lang.Object, java.lang.Object, java.lang.Object, java.lang.Object, java.lang.Object, java.lang.Object, java.lang.Object, java.lang.Object, java.lang.Object)'> (0x0000000087fd1470) thrown at [./src/hotspot/share/interpreter/linkResolver.cpp, line 773]
Event: 1.447 Thread 0x000001c520ccc000 Exception <a 'java/lang/NoSuchMethodError'{0x0000000087fdf478}: 'java.lang.Object java.lang.invoke.DirectMethodHandle$Holder.invokeStatic(java.lang.Object, java.lang.Object, java.lang.Object, java.lang.Object, java.lang.Object, java.lang.Object, java.lang.Object, java.lang.Object, java.lang.Object, java.lang.Object, java.lang.Object, java.lang.Object, java.lang.Object, java.lang.Object, java.lang.Object, java.lang.Object)'> (0x0000000087fdf478) thrown at [./src/hotspot/share/interpreter/linkResolver.cpp, l
Event: 1.449 Thread 0x000001c520ccc000 Exception <a 'java/lang/NoSuchMethodError'{0x0000000087fed390}: 'java.lang.Object java.lang.invoke.DirectMethodHandle$Holder.invokeSpecial(java.lang.Object, java.lang.Object, int, int, java.lang.Object, java.lang.Object, java.lang.Object)'> (0x0000000087fed390) thrown at [./src/hotspot/share/interpreter/linkResolver.cpp, line 773]
Event: 1.449 Thread 0x000001c520ccc000 Exception <a 'java/lang/NoSuchMethodError'{0x0000000087ff0bc8}: 'java.lang.Object java.lang.invoke.DelegatingMethodHandle$Holder.reinvoke_L(java.lang.Object, int, int, java.lang.Object, java.lang.Object, java.lang.Object)'> (0x0000000087ff0bc8) thrown at [./src/hotspot/share/interpreter/linkResolver.cpp, line 773]
Event: 1.449 Thread 0x000001c520ccc000 Exception <a 'java/lang/NoSuchMethodError'{0x0000000087ff4f50}: 'java.lang.Object java.lang.invoke.DirectMethodHandle$Holder.invokeStatic(java.lang.Object, java.lang.Object, java.lang.Object, java.lang.Object, int)'> (0x0000000087ff4f50) thrown at [./src/hotspot/share/interpreter/linkResolver.cpp, line 773]
Event: 1.479 Thread 0x000001c520ccc000 Exception <a 'sun/nio/fs/WindowsException'{0x0000000087d36720}> (0x0000000087d36720) thrown at [./src/hotspot/share/prims/jni.cpp, line 615]
Event: 1.479 Thread 0x000001c520ccc000 Exception <a 'sun/nio/fs/WindowsException'{0x0000000087d36f98}> (0x0000000087d36f98) thrown at [./src/hotspot/share/prims/jni.cpp, line 615]
Event: 1.479 Thread 0x000001c520ccc000 Exception <a 'sun/nio/fs/WindowsException'{0x0000000087d37820}> (0x0000000087d37820) thrown at [./src/hotspot/share/prims/jni.cpp, line 615]
Event: 1.480 Thread 0x000001c520ccc000 Exception <a 'sun/nio/fs/WindowsException'{0x0000000087d38208}> (0x0000000087d38208) thrown at [./src/hotspot/share/prims/jni.cpp, line 615]
Event: 1.480 Thread 0x000001c520ccc000 Exception <a 'sun/nio/fs/WindowsException'{0x0000000087d38af0}> (0x0000000087d38af0) thrown at [./src/hotspot/share/prims/jni.cpp, line 615]
Event: 1.480 Thread 0x000001c520ccc000 Exception <a 'sun/nio/fs/WindowsException'{0x0000000087d39408}> (0x0000000087d39408) thrown at [./src/hotspot/share/prims/jni.cpp, line 615]
Event: 1.482 Thread 0x000001c520ccc000 Exception <a 'java/lang/NoSuchMethodError'{0x0000000087d3fb78}: 'void java.lang.invoke.DirectMethodHandle$Holder.invokeStatic(java.lang.Object, java.lang.Object, java.lang.Object, java.lang.Object)'> (0x0000000087d3fb78) thrown at [./src/hotspot/share/interpreter/linkResolver.cpp, line 773]

Events (20 events):
Event: 1.507 loading class org/jetbrains/kotlin/com/intellij/core/CorePsiDocumentManager
Event: 1.507 loading class org/jetbrains/kotlin/com/intellij/core/CorePsiDocumentManager done
Event: 1.507 loading class org/jetbrains/kotlin/com/intellij/psi/impl/PsiDocumentManagerBase
Event: 1.507 loading class org/jetbrains/kotlin/com/intellij/psi/impl/PsiDocumentManagerBase done
Event: 1.508 loading class org/jetbrains/kotlin/com/intellij/openapi/editor/event/DocumentListener
Event: 1.508 loading class org/jetbrains/kotlin/com/intellij/openapi/editor/event/DocumentListener done
Event: 1.509 loading class org/jetbrains/kotlin/com/intellij/psi/PsiElementVisitor
Event: 1.509 loading class org/jetbrains/kotlin/com/intellij/psi/PsiElementVisitor done
Event: 1.509 loading class org/jetbrains/kotlin/com/intellij/psi/impl/PsiDocumentManagerBase$2
Event: 1.509 loading class org/jetbrains/kotlin/com/intellij/psi/impl/PsiDocumentManagerBase$2 done
Event: 1.509 loading class org/jetbrains/kotlin/com/intellij/psi/PsiRecursiveElementWalkingVisitor
Event: 1.509 loading class org/jetbrains/kotlin/com/intellij/psi/PsiRecursiveElementWalkingVisitor done
Event: 1.509 loading class org/jetbrains/kotlin/com/intellij/psi/PsiRecursiveVisitor
Event: 1.509 loading class org/jetbrains/kotlin/com/intellij/psi/PsiRecursiveVisitor done
Event: 1.509 loading class org/jetbrains/kotlin/com/intellij/openapi/editor/event/DocumentListener
Event: 1.509 loading class org/jetbrains/kotlin/com/intellij/openapi/editor/event/DocumentListener done
Event: 1.510 loading class org/jetbrains/kotlin/com/intellij/openapi/editor/event/DocumentListener
Event: 1.510 loading class org/jetbrains/kotlin/com/intellij/openapi/editor/event/DocumentListener done
Event: 1.510 loading class org/jetbrains/kotlin/com/intellij/util/ArrayFactory
Event: 1.510 loading class org/jetbrains/kotlin/com/intellij/util/ArrayFactory done


Dynamic libraries:
0x00007ff62cef0000 - 0x00007ff62cefa000 	C:\Program Files\Android\Android Studio\jre\bin\java.exe
0x00007ffab6350000 - 0x00007ffab6545000 	C:\WINDOWS\SYSTEM32\ntdll.dll
0x00007ffab54a0000 - 0x00007ffab555d000 	C:\WINDOWS\System32\KERNEL32.DLL
0x00007ffab3a60000 - 0x00007ffab3d2d000 	C:\WINDOWS\System32\KERNELBASE.dll
0x00007ffab4150000 - 0x00007ffab4250000 	C:\WINDOWS\System32\ucrtbase.dll
0x00007ffaaf210000 - 0x00007ffaaf227000 	C:\Program Files\Android\Android Studio\jre\bin\VCRUNTIME140.dll
0x00007ffaaf270000 - 0x00007ffaaf289000 	C:\Program Files\Android\Android Studio\jre\bin\jli.dll
0x00007ffab4d30000 - 0x00007ffab4ed0000 	C:\WINDOWS\System32\USER32.dll
0x00007ffaa6920000 - 0x00007ffaa6bba000 	C:\WINDOWS\WinSxS\amd64_microsoft.windows.common-controls_6595b64144ccf1df_6.0.19041.1110_none_60b5254171f9507e\COMCTL32.dll
0x00007ffab4120000 - 0x00007ffab4142000 	C:\WINDOWS\System32\win32u.dll
0x00007ffab43a0000 - 0x00007ffab443e000 	C:\WINDOWS\System32\msvcrt.dll
0x00007ffab5f10000 - 0x00007ffab5f3a000 	C:\WINDOWS\System32\GDI32.dll
0x00007ffab3d30000 - 0x00007ffab3e3b000 	C:\WINDOWS\System32\gdi32full.dll
0x00007ffab4300000 - 0x00007ffab439d000 	C:\WINDOWS\System32\msvcp_win.dll
0x00007ffab5470000 - 0x00007ffab54a0000 	C:\WINDOWS\System32\IMM32.DLL
0x00007ffa7e7d0000 - 0x00007ffa7e86d000 	C:\Program Files\Android\Android Studio\jre\bin\msvcp140.dll
0x00007ffa6d060000 - 0x00007ffa6db35000 	C:\Program Files\Android\Android Studio\jre\bin\server\jvm.dll
0x00007ffab6250000 - 0x00007ffab62fe000 	C:\WINDOWS\System32\ADVAPI32.dll
0x00007ffab4440000 - 0x00007ffab44dc000 	C:\WINDOWS\System32\sechost.dll
0x00007ffab5cc0000 - 0x00007ffab5de5000 	C:\WINDOWS\System32\RPCRT4.dll
0x00007ffab6300000 - 0x00007ffab6308000 	C:\WINDOWS\System32\PSAPI.DLL
0x00007ffaacdd0000 - 0x00007ffaacdf7000 	C:\WINDOWS\SYSTEM32\WINMM.dll
0x00007ffaadb70000 - 0x00007ffaadb7a000 	C:\WINDOWS\SYSTEM32\VERSION.dll
0x00007ffaaee30000 - 0x00007ffaaee39000 	C:\WINDOWS\SYSTEM32\WSOCK32.dll
0x00007ffab5560000 - 0x00007ffab55cb000 	C:\WINDOWS\System32\WS2_32.dll
0x00007ffab2310000 - 0x00007ffab2322000 	C:\WINDOWS\SYSTEM32\kernel.appcore.dll
0x00007ffa9af40000 - 0x00007ffa9af51000 	C:\Program Files\Android\Android Studio\jre\bin\verify.dll
0x00007ffa9c9d0000 - 0x00007ffa9cbb4000 	C:\WINDOWS\SYSTEM32\DBGHELP.DLL
0x00007ffa9dce0000 - 0x00007ffa9dd0c000 	C:\WINDOWS\SYSTEM32\dbgcore.DLL
0x00007ffab4010000 - 0x00007ffab4092000 	C:\WINDOWS\System32\bcryptPrimitives.dll
0x00007ffa99860000 - 0x00007ffa99889000 	C:\Program Files\Android\Android Studio\jre\bin\java.dll
0x00007ffaaee20000 - 0x00007ffaaee2b000 	C:\Program Files\Android\Android Studio\jre\bin\jimage.dll
0x00007ffa99840000 - 0x00007ffa99858000 	C:\Program Files\Android\Android Studio\jre\bin\zip.dll
0x00007ffab45d0000 - 0x00007ffab4d14000 	C:\WINDOWS\System32\SHELL32.dll
0x00007ffab1b60000 - 0x00007ffab22f4000 	C:\WINDOWS\SYSTEM32\windows.storage.dll
0x00007ffab5780000 - 0x00007ffab5ad4000 	C:\WINDOWS\System32\combase.dll
0x00007ffab33e0000 - 0x00007ffab340c000 	C:\WINDOWS\SYSTEM32\Wldp.dll
0x00007ffab5ae0000 - 0x00007ffab5b8d000 	C:\WINDOWS\System32\SHCORE.dll
0x00007ffab44e0000 - 0x00007ffab4535000 	C:\WINDOWS\System32\shlwapi.dll
0x00007ffab39a0000 - 0x00007ffab39bf000 	C:\WINDOWS\SYSTEM32\profapi.dll
0x00007ffa99820000 - 0x00007ffa9983a000 	C:\Program Files\Android\Android Studio\jre\bin\net.dll
0x00007ffaaa600000 - 0x00007ffaaa70a000 	C:\WINDOWS\SYSTEM32\WINHTTP.dll
0x00007ffab3150000 - 0x00007ffab31ba000 	C:\WINDOWS\system32\mswsock.dll
0x00007ffa99800000 - 0x00007ffa99814000 	C:\Program Files\Android\Android Studio\jre\bin\nio.dll

dbghelp: loaded successfully - version: 4.0.5 - missing functions: none
symbol engine: initialized successfully - sym options: 0x614 - pdb path: .;C:\Program Files\Android\Android Studio\jre\bin;C:\WINDOWS\SYSTEM32;C:\WINDOWS\WinSxS\amd64_microsoft.windows.common-controls_6595b64144ccf1df_6.0.19041.1110_none_60b5254171f9507e;C:\Program Files\Android\Android Studio\jre\bin\server

VM Arguments:
java_command: org.jetbrains.kotlin.cli.jvm.K2JVMCompiler @D:\AndroidStudioProjects\KotlinLesson\SearchMovies\app\build\20220525_9189207018718602841.compiler.options
java_class_path (initial): C:\Users\Vik\.gradle\caches\modules-2\files-2.1\org.jetbrains.kotlin\kotlin-compiler-embeddable\1.6.21\97bdd5a752ce73b58ef16c17bc7f0ea2faff7a2e\kotlin-compiler-embeddable-1.6.21.jar;C:\Users\Vik\.gradle\caches\modules-2\files-2.1\org.jetbrains.kotlin\kotlin-reflect\1.6.21\5dc3574d9b7bebfcb4ec6b10ada4aaa9e140bd0b\kotlin-reflect-1.6.21.jar;C:\Users\Vik\.gradle\caches\modules-2\files-2.1\org.jetbrains.kotlin\kotlin-stdlib\1.6.21\11ef67f1900634fd951bad28c53ec957fabbe5b8\kotlin-stdlib-1.6.21.jar;C:\Users\Vik\.gradle\caches\modules-2\files-2.1\org.jetbrains.kotlin\kotlin-script-runtime\1.6.21\99c6675100da5d6d5b1c5a1032f27f28008d101b\kotlin-script-runtime-1.6.21.jar;C:\Users\Vik\.gradle\caches\modules-2\files-2.1\org.jetbrains.kotlin\kotlin-daemon-embeddable\1.6.21\46b78cf392e1c4f10854c3cadba44abb7b82250f\kotlin-daemon-embeddable-1.6.21.jar;C:\Users\Vik\.gradle\caches\modules-2\files-2.1\org.jetbrains.intellij.deps\trove4j\1.0.20200330\3afb14d5f9ceb459d724e907a21145e8ff394f02\trove4j-1.0.20200330.jar;C:\Users\Vik\.gradle\caches\modules-2\files-2.1\net.java.dev.jna\jna\5.6.0\330f2244e9030119ab3030fc3fededc86713d9cc\jna-5.6.0.jar;C:\Users\Vik\.gradle\caches\modules-2\files-2.1\org.jetbrains.kotlin\kotlin-stdlib-common\1.6.21\5e5b55c26dbc80372a920aef60eb774b714559b8\kotlin-stdlib-common-1.6.21.jar;C:\Users\Vik\.gradle\caches\modules-2\files-2.1\org.jetbrains\annotations\13.0\919f0dfe192fb4e063e7dacadee7f8bb9a2672a9\annotations-13.0.jar
Launcher Type: SUN_STANDARD

[Global flags]
     intx CICompilerCount                          = 3                                         {product} {ergonomic}
     uint ConcGCThreads                            = 1                                         {product} {ergonomic}
     uint G1ConcRefinementThreads                  = 4                                         {product} {ergonomic}
   size_t G1HeapRegionSize                         = 1048576                                   {product} {ergonomic}
    uintx GCDrainStackTargetSize                   = 64                                        {product} {ergonomic}
   size_t InitialHeapSize                          = 134217728                                 {product} {ergonomic}
   size_t MarkStackSize                            = 4194304                                   {product} {ergonomic}
   size_t MaxHeapSize                              = 2132803584                                {product} {ergonomic}
   size_t MaxNewSize                               = 1279262720                                {product} {ergonomic}
   size_t MinHeapDeltaBytes                        = 1048576                                   {product} {ergonomic}
    uintx NonNMethodCodeHeapSize                   = 5830732                                {pd product} {ergonomic}
    uintx NonProfiledCodeHeapSize                  = 122913754                              {pd product} {ergonomic}
    uintx ProfiledCodeHeapSize                     = 122913754                              {pd product} {ergonomic}
    uintx ReservedCodeCacheSize                    = 251658240                              {pd product} {ergonomic}
     bool SegmentedCodeCache                       = true                                      {product} {ergonomic}
     bool UseCompressedClassPointers               = true                                 {lp64_product} {ergonomic}
     bool UseCompressedOops                        = true                                 {lp64_product} {ergonomic}
     bool UseG1GC                                  = true                                      {product} {ergonomic}
     bool UseLargePagesIndividualAllocation        = false                                  {pd product} {ergonomic}

Logging:
Log output configuration:
 #0: stdout all=warning uptime,level,tags
 #1: stderr all=off uptime,level,tags

Environment Variables:
JAVA_HOME=c:\Program Files\Java\jdk-16.0.2
PATH=C:\Program Files\Common Files\Oracle\Java\javapath;C:\Program Files (x86)\Common Files\Oracle\Java\javapath;C:\ProgramData\Oracle\Java\javapath;C:\Windows\system32;C:\Windows;C:\Windows\System32\Wbem;C:\Windows\System32\WindowsPowerShell\v1.0\;C:\Program Files\Java\jdk-16.0.2\bin\;C:\WINDOWS\system32;C:\WINDOWS;C:\WINDOWS\System32\Wbem;C:\WINDOWS\System32\WindowsPowerShell\v1.0\;C:\WINDOWS\System32\OpenSSH\;C:\Program Files\dotnet\;C:\Program Files\Git\cmd;C:\Program Files (x86)\NVIDIA Corporation\PhysX\Common;C:\Users\Vik\AppData\Local\Microsoft\WindowsApps;C:\Program Files\JetBrains\IntelliJ IDEA Community Edition 2021.3\bin;C:\Users\Vik\AppData\Local\GitHubDesktop\bin;C:\Users\Vik\AppData\Local\gitkraken\bin
USERNAME=Vik
OS=Windows_NT
PROCESSOR_IDENTIFIER=Intel64 Family 6 Model 60 Stepping 3, GenuineIntel



---------------  S Y S T E M  ---------------

OS: Windows 10 , 64 bit Build 19041 (10.0.19041.1706)
OS uptime: 0 days 3:53 hours

CPU:total 4 (initial active 4) (4 cores per cpu, 1 threads per core) family 6 model 60 stepping 3 microcode 0x27, cmov, cx8, fxsr, mmx, sse, sse2, sse3, ssse3, sse4.1, sse4.2, popcnt, avx, avx2, aes, clmul, erms, lzcnt, tsc, tscinvbit, bmi1, bmi2, fma

Memory: 4k page, system-wide physical 8128M (653M free)
TotalPageFile size 10528M (AvailPageFile size 3M)
current process WorkingSet (physical memory assigned to process): 145M, peak: 145M
current process commit charge ("private bytes"): 237M, peak: 237M

vm_info: OpenJDK 64-Bit Server VM (11.0.11+9-b60-7590822) for windows-amd64 JRE (11.0.11+9-b60-7590822), built on Jul 29 2021 21:43:44 by "builder" with MS VC++ 14.0 (VS2015)

END.
