#
# There is insufficient memory for the Java Runtime Environment to continue.
# Native memory allocation (mmap) failed to map 32505856 bytes for Failed to commit area from 0x0000000089a00000 to 0x000000008b900000 of length 32505856.
# Possible reasons:
#   The system is out of physical RAM or swap space
#   The process is running with CompressedOops enabled, and the Java Heap may be blocking the growth of the native heap
# Possible solutions:
#   Reduce memory load on the system
#   Increase physical memory or swap space
#   Check if swap backing store is full
#   Decrease Java heap size (-Xmx/-Xms)
#   Decrease number of Java threads
#   Decrease Java thread stack sizes (-Xss)
#   Set larger code cache with -XX:ReservedCodeCacheSize=
#   JVM is running with Unscaled Compressed Oops mode in which the Java heap is
#     placed in the first 4GB address space. The Java Heap base address is the
#     maximum limit for the native heap growth. Please use -XX:HeapBaseMinAddress
#     to set the Java Heap base and to place the Java Heap above 4GB virtual address.
# This output file may be truncated or incomplete.
#
#  Out of Memory Error (./src/hotspot/os/windows/os_windows.cpp:3301), pid=6572, tid=8956
#
# JRE version: OpenJDK Runtime Environment (11.0.11+9) (build 11.0.11+9-b60-7590822)
# Java VM: OpenJDK 64-Bit Server VM (11.0.11+9-b60-7590822, mixed mode, tiered, compressed oops, g1 gc, windows-amd64)
# No core dump will be written. Minidumps are not enabled by default on client versions of Windows
#

---------------  S U M M A R Y ------------

Command Line: --add-opens=java.base/java.util=ALL-UNNAMED --add-opens=java.base/java.lang=ALL-UNNAMED --add-opens=java.base/java.lang.invoke=ALL-UNNAMED --add-opens=java.base/java.util=ALL-UNNAMED --add-opens=java.prefs/java.util.prefs=ALL-UNNAMED --add-opens=java.prefs/java.util.prefs=ALL-UNNAMED --add-opens=java.base/java.nio.charset=ALL-UNNAMED --add-opens=java.base/java.net=ALL-UNNAMED --add-opens=java.base/java.util.concurrent.atomic=ALL-UNNAMED -Xmx2048m -Dfile.encoding=UTF-8 -Duser.country=RU -Duser.language=ru -Duser.variant org.gradle.launcher.daemon.bootstrap.GradleDaemon 7.2

Host: Intel(R) Core(TM) i5-4690 CPU @ 3.50GHz, 4 cores, 7G,  Windows 10 , 64 bit Build 19041 (10.0.19041.1706)
Time: Tue May 24 20:40:11 2022 Финляндия (лето) elapsed time: 5.093495 seconds (0d 0h 0m 5s)

---------------  T H R E A D  ---------------

Current thread (0x000002a122d9c000):  VMThread "VM Thread" [stack: 0x000000e705400000,0x000000e705500000] [id=8956]

Stack: [0x000000e705400000,0x000000e705500000]
[error occurred during error reporting (printing stack bounds), id 0xc0000005, EXCEPTION_ACCESS_VIOLATION (0xc0000005) at pc=0x000002a10c530f2d]

Native frames: (J=compiled Java code, j=interpreted, Vv=VM code, C=native code)
V  [jvm.dll+0x5f214a]
V  [jvm.dll+0x726fb5]
V  [jvm.dll+0x7285cd]
V  [jvm.dll+0x728be5]
V  [jvm.dll+0x728b9b]
V  [jvm.dll+0x5f14e8]
V  [jvm.dll+0x5f1c78]
C  [ntdll.dll+0xa209f]
C  [ntdll.dll+0x51454]
C  [ntdll.dll+0xa0bce]
C  0x000002a10c530f2d

VM_Operation (0x000000e7068f3fb0): G1CollectForAllocation, mode: safepoint, requested by thread 0x000002a125c87000


---------------  P R O C E S S  ---------------

Threads class SMR info:
_java_thread_list=0x000002a1271965c0, length=78, elements={
0x000002a10725e000, 0x000002a122da3800, 0x000002a122da4800, 0x000002a122dbf800,
0x000002a122dc2000, 0x000002a122dc3000, 0x000002a122dc6000, 0x000002a122dcc800,
0x000002a122dd0000, 0x000002a1238b2000, 0x000002a123972800, 0x000002a1248cc000,
0x000002a125017800, 0x000002a125827800, 0x000002a125c1c800, 0x000002a125dae000,
0x000002a125c86000, 0x000002a125c87000, 0x000002a125c72800, 0x000002a12657c000,
0x000002a125ade800, 0x000002a125adf000, 0x000002a125adb000, 0x000002a125ad9800,
0x000002a125ae0000, 0x000002a125adc000, 0x000002a125add800, 0x000002a125ada800,
0x000002a125adc800, 0x000002a126e97000, 0x000002a126e94000, 0x000002a126e94800,
0x000002a126e92800, 0x000002a126e9d000, 0x000002a126e9b800, 0x000002a126e9a800,
0x000002a126e9c000, 0x000002a126e9d800, 0x000002a126e9e800, 0x000002a126e9f800,
0x000002a126e99800, 0x000002a126ea0000, 0x000002a126ea1000, 0x000002a12aa41800,
0x000002a12aa3e000, 0x000002a12aa3c800, 0x000002a12aa3b800, 0x000002a12aa3f800,
0x000002a12aa40800, 0x000002a12aa42000, 0x000002a12aa3d800, 0x000002a12aa43000,
0x000002a12aa44800, 0x000002a12aa44000, 0x000002a12aa3f000, 0x000002a12aa45800,
0x000002a12aa47000, 0x000002a12aa46000, 0x000002a12aa48000, 0x000002a12aa48800,
0x000002a12aa49800, 0x000002a12aa4a800, 0x000002a127075800, 0x000002a127074000,
0x000002a12707a000, 0x000002a127076800, 0x000002a127075000, 0x000002a12707c800,
0x000002a127079000, 0x000002a12707a800, 0x000002a12707b800, 0x000002a12707d000,
0x000002a127077800, 0x000002a127078000, 0x000002a12707f800, 0x000002a127080800,
0x000002a127081000, 0x000002a12707e800
}

Java Threads: ( => current thread )
  0x000002a10725e000 JavaThread "main" [_thread_blocked, id=7828, stack(0x000000e704e00000,0x000000e704f00000)]
  0x000002a122da3800 JavaThread "Reference Handler" daemon [_thread_blocked, id=2160, stack(0x000000e705500000,0x000000e705600000)]
  0x000002a122da4800 JavaThread "Finalizer" daemon [_thread_blocked, id=2192, stack(0x000000e705600000,0x000000e705700000)]
  0x000002a122dbf800 JavaThread "Signal Dispatcher" daemon [_thread_blocked, id=9916, stack(0x000000e705700000,0x000000e705800000)]
  0x000002a122dc2000 JavaThread "Attach Listener" daemon [_thread_blocked, id=6024, stack(0x000000e705800000,0x000000e705900000)]
  0x000002a122dc3000 JavaThread "Service Thread" daemon [_thread_blocked, id=3684, stack(0x000000e705900000,0x000000e705a00000)]
  0x000002a122dc6000 JavaThread "C2 CompilerThread0" daemon [_thread_in_native, id=3168, stack(0x000000e705a00000,0x000000e705b00000)]
  0x000002a122dcc800 JavaThread "C1 CompilerThread0" daemon [_thread_blocked, id=13168, stack(0x000000e705b00000,0x000000e705c00000)]
  0x000002a122dd0000 JavaThread "Sweeper thread" daemon [_thread_blocked, id=864, stack(0x000000e705c00000,0x000000e705d00000)]
  0x000002a1238b2000 JavaThread "Common-Cleaner" daemon [_thread_blocked, id=9688, stack(0x000000e705d00000,0x000000e705e00000)]
  0x000002a123972800 JavaThread "C2 CompilerThread1" daemon [_thread_in_native, id=7324, stack(0x000000e705f00000,0x000000e706000000)]
  0x000002a1248cc000 JavaThread "Daemon health stats" [_thread_blocked, id=9948, stack(0x000000e706200000,0x000000e706300000)]
  0x000002a125017800 JavaThread "Incoming local TCP Connector on port 61014" [_thread_in_native, id=11676, stack(0x000000e706300000,0x000000e706400000)]
  0x000002a125827800 JavaThread "Daemon periodic checks" [_thread_blocked, id=8264, stack(0x000000e706400000,0x000000e706500000)]
  0x000002a125c1c800 JavaThread "Daemon" [_thread_blocked, id=4324, stack(0x000000e706500000,0x000000e706600000)]
  0x000002a125dae000 JavaThread "Handler for socket connection from /127.0.0.1:61014 to /127.0.0.1:61015" [_thread_in_native, id=1700, stack(0x000000e706600000,0x000000e706700000)]
  0x000002a125c86000 JavaThread "Cancel handler" [_thread_blocked, id=12284, stack(0x000000e706700000,0x000000e706800000)]
  0x000002a125c87000 JavaThread "Daemon worker" [_thread_blocked, id=12576, stack(0x000000e706800000,0x000000e706900000)]
  0x000002a125c72800 JavaThread "Asynchronous log dispatcher for DefaultDaemonConnection: socket connection from /127.0.0.1:61014 to /127.0.0.1:61015" [_thread_blocked, id=12556, stack(0x000000e706900000,0x000000e706a00000)]
  0x000002a12657c000 JavaThread "Stdin handler" [_thread_blocked, id=10100, stack(0x000000e706a00000,0x000000e706b00000)]
  0x000002a125ade800 JavaThread "Daemon client event forwarder" [_thread_blocked, id=1196, stack(0x000000e706b00000,0x000000e706c00000)]
  0x000002a125adf000 JavaThread "Cache worker for journal cache (C:\Users\Vik\.gradle\caches\journal-1)" [_thread_blocked, id=2592, stack(0x000000e706d00000,0x000000e706e00000)]
  0x000002a125adb000 JavaThread "File lock request listener" [_thread_in_native, id=13128, stack(0x000000e706e00000,0x000000e706f00000)]
  0x000002a125ad9800 JavaThread "Cache worker for file hash cache (C:\Users\Vik\.gradle\caches\7.2\fileHashes)" [_thread_blocked, id=9856, stack(0x000000e706f00000,0x000000e707000000)]
  0x000002a125ae0000 JavaThread "Cache worker for file hash cache (D:\AndroidStudioProjects\KotlinLesson\SearchMovies\.gradle\7.2\fileHashes)" [_thread_blocked, id=11208, stack(0x000000e707000000,0x000000e707100000)]
  0x000002a125adc000 JavaThread "File watcher server" daemon [_thread_in_native, id=13100, stack(0x000000e707100000,0x000000e707200000)]
  0x000002a125add800 JavaThread "File watcher consumer" daemon [_thread_blocked, id=13084, stack(0x000000e707200000,0x000000e707300000)]
  0x000002a125ada800 JavaThread "Cache worker for checksums cache (D:\AndroidStudioProjects\KotlinLesson\SearchMovies\.gradle\checksums)" [_thread_blocked, id=9872, stack(0x000000e707300000,0x000000e707400000)]
  0x000002a125adc800 JavaThread "Cache worker for cache directory md-supplier (C:\Users\Vik\.gradle\caches\7.2\md-supplier)" [_thread_blocked, id=9880, stack(0x000000e707400000,0x000000e707500000)]
  0x000002a126e97000 JavaThread "Cache worker for cache directory md-rule (C:\Users\Vik\.gradle\caches\7.2\md-rule)" [_thread_blocked, id=12476, stack(0x000000e707500000,0x000000e707600000)]
  0x000002a126e94000 JavaThread "Cache worker for execution history cache (C:\Users\Vik\.gradle\caches\7.2\executionHistory)" [_thread_blocked, id=4676, stack(0x000000e707600000,0x000000e707700000)]
  0x000002a126e94800 JavaThread "jar transforms" [_thread_blocked, id=10432, stack(0x000000e707700000,0x000000e707800000)]
  0x000002a126e92800 JavaThread "Cache worker for file content cache (C:\Users\Vik\.gradle\caches\7.2\fileContent)" [_thread_blocked, id=8444, stack(0x000000e707800000,0x000000e707900000)]
  0x000002a126e9d000 JavaThread "jar transforms Thread 2" [_thread_blocked, id=11428, stack(0x000000e707900000,0x000000e707a00000)]
  0x000002a126e9b800 JavaThread "Cache worker for dependencies-accessors (D:\AndroidStudioProjects\KotlinLesson\SearchMovies\.gradle\7.2\dependencies-accessors)" [_thread_blocked, id=2676, stack(0x000000e707a00000,0x000000e707b00000)]
  0x000002a126e9a800 JavaThread "jar transforms Thread 3" [_thread_blocked, id=8484, stack(0x000000e707b00000,0x000000e707c00000)]
  0x000002a126e9c000 JavaThread "Cache worker for Build Output Cleanup Cache (D:\AndroidStudioProjects\KotlinLesson\SearchMovies\.gradle\buildOutputCleanup)" [_thread_blocked, id=7424, stack(0x000000e707c00000,0x000000e707d00000)]
  0x000002a126e9d800 JavaThread "Unconstrained build operations" [_thread_blocked, id=1896, stack(0x000000e707d00000,0x000000e707e00000)]
  0x000002a126e9e800 JavaThread "Unconstrained build operations Thread 2" [_thread_blocked, id=9460, stack(0x000000e707e00000,0x000000e707f00000)]
  0x000002a126e9f800 JavaThread "Unconstrained build operations Thread 3" [_thread_blocked, id=9920, stack(0x000000e707f00000,0x000000e708000000)]
  0x000002a126e99800 JavaThread "Unconstrained build operations Thread 4" [_thread_blocked, id=12844, stack(0x000000e708000000,0x000000e708100000)]
  0x000002a126ea0000 JavaThread "Unconstrained build operations Thread 5" [_thread_blocked, id=8860, stack(0x000000e708100000,0x000000e708200000)]
  0x000002a126ea1000 JavaThread "Unconstrained build operations Thread 6" [_thread_blocked, id=8696, stack(0x000000e708200000,0x000000e708300000)]
  0x000002a12aa41800 JavaThread "Unconstrained build operations Thread 7" [_thread_blocked, id=4772, stack(0x000000e708300000,0x000000e708400000)]
  0x000002a12aa3e000 JavaThread "Unconstrained build operations Thread 8" [_thread_blocked, id=1296, stack(0x000000e708400000,0x000000e708500000)]
  0x000002a12aa3c800 JavaThread "Unconstrained build operations Thread 9" [_thread_blocked, id=9236, stack(0x000000e708500000,0x000000e708600000)]
  0x000002a12aa3b800 JavaThread "Unconstrained build operations Thread 10" [_thread_blocked, id=3204, stack(0x000000e708600000,0x000000e708700000)]
  0x000002a12aa3f800 JavaThread "Unconstrained build operations Thread 11" [_thread_blocked, id=11044, stack(0x000000e708700000,0x000000e708800000)]
  0x000002a12aa40800 JavaThread "Unconstrained build operations Thread 12" [_thread_blocked, id=6780, stack(0x000000e708800000,0x000000e708900000)]
  0x000002a12aa42000 JavaThread "Unconstrained build operations Thread 13" [_thread_blocked, id=1236, stack(0x000000e708900000,0x000000e708a00000)]
  0x000002a12aa3d800 JavaThread "Unconstrained build operations Thread 14" [_thread_blocked, id=7908, stack(0x000000e708a00000,0x000000e708b00000)]
  0x000002a12aa43000 JavaThread "Unconstrained build operations Thread 15" [_thread_blocked, id=11544, stack(0x000000e708b00000,0x000000e708c00000)]
  0x000002a12aa44800 JavaThread "Unconstrained build operations Thread 16" [_thread_blocked, id=4920, stack(0x000000e708c00000,0x000000e708d00000)]
  0x000002a12aa44000 JavaThread "Unconstrained build operations Thread 17" [_thread_blocked, id=9416, stack(0x000000e708d00000,0x000000e708e00000)]
  0x000002a12aa3f000 JavaThread "Unconstrained build operations Thread 18" [_thread_blocked, id=3524, stack(0x000000e708e00000,0x000000e708f00000)]
  0x000002a12aa45800 JavaThread "Unconstrained build operations Thread 19" [_thread_blocked, id=12336, stack(0x000000e708f00000,0x000000e709000000)]
  0x000002a12aa47000 JavaThread "Unconstrained build operations Thread 20" [_thread_blocked, id=3076, stack(0x000000e709000000,0x000000e709100000)]
  0x000002a12aa46000 JavaThread "Unconstrained build operations Thread 21" [_thread_blocked, id=6700, stack(0x000000e709100000,0x000000e709200000)]
  0x000002a12aa48000 JavaThread "Unconstrained build operations Thread 22" [_thread_blocked, id=11184, stack(0x000000e709200000,0x000000e709300000)]
  0x000002a12aa48800 JavaThread "Unconstrained build operations Thread 23" [_thread_blocked, id=5880, stack(0x000000e709300000,0x000000e709400000)]
  0x000002a12aa49800 JavaThread "Unconstrained build operations Thread 24" [_thread_blocked, id=6928, stack(0x000000e709400000,0x000000e709500000)]
  0x000002a12aa4a800 JavaThread "Unconstrained build operations Thread 25" [_thread_blocked, id=5548, stack(0x000000e709500000,0x000000e709600000)]
  0x000002a127075800 JavaThread "Unconstrained build operations Thread 26" [_thread_blocked, id=9932, stack(0x000000e709600000,0x000000e709700000)]
  0x000002a127074000 JavaThread "Unconstrained build operations Thread 27" [_thread_blocked, id=1208, stack(0x000000e709700000,0x000000e709800000)]
  0x000002a12707a000 JavaThread "Unconstrained build operations Thread 28" [_thread_blocked, id=11928, stack(0x000000e709800000,0x000000e709900000)]
  0x000002a127076800 JavaThread "Unconstrained build operations Thread 29" [_thread_blocked, id=11484, stack(0x000000e709900000,0x000000e709a00000)]
  0x000002a127075000 JavaThread "Unconstrained build operations Thread 30" [_thread_blocked, id=2840, stack(0x000000e709a00000,0x000000e709b00000)]
  0x000002a12707c800 JavaThread "Unconstrained build operations Thread 31" [_thread_blocked, id=12368, stack(0x000000e709b00000,0x000000e709c00000)]
  0x000002a127079000 JavaThread "Unconstrained build operations Thread 32" [_thread_blocked, id=3324, stack(0x000000e709c00000,0x000000e709d00000)]
  0x000002a12707a800 JavaThread "Unconstrained build operations Thread 33" [_thread_blocked, id=7592, stack(0x000000e709d00000,0x000000e709e00000)]
  0x000002a12707b800 JavaThread "Unconstrained build operations Thread 34" [_thread_blocked, id=6364, stack(0x000000e709e00000,0x000000e709f00000)]
  0x000002a12707d000 JavaThread "Unconstrained build operations Thread 35" [_thread_blocked, id=8044, stack(0x000000e709f00000,0x000000e70a000000)]
  0x000002a127077800 JavaThread "Unconstrained build operations Thread 36" [_thread_blocked, id=7700, stack(0x000000e70a000000,0x000000e70a100000)]
  0x000002a127078000 JavaThread "Unconstrained build operations Thread 37" [_thread_blocked, id=6348, stack(0x000000e70a100000,0x000000e70a200000)]
  0x000002a12707f800 JavaThread "Unconstrained build operations Thread 38" [_thread_blocked, id=11684, stack(0x000000e70a200000,0x000000e70a300000)]
  0x000002a127080800 JavaThread "Unconstrained build operations Thread 39" [_thread_blocked, id=240, stack(0x000000e70a300000,0x000000e70a400000)]
  0x000002a127081000 JavaThread "Unconstrained build operations Thread 40" [_thread_blocked, id=9852, stack(0x000000e70a400000,0x000000e70a500000)]
  0x000002a12707e800 JavaThread "jar transforms Thread 4" [_thread_blocked, id=2996, stack(0x000000e70a500000,0x000000e70a600000)]

Other Threads:
=>0x000002a122d9c000 VMThread "VM Thread" [stack: 0x000000e705400000,0x000000e705500000] [id=8956]
  0x000002a1238b9800 WatcherThread [stack: 0x000000e705e00000,0x000000e705f00000] [id=4288]
  0x000002a107276000 GCTaskThread "GC Thread#0" [stack: 0x000000e704f00000,0x000000e705000000] [id=13116]
  0x000002a1244d5800 GCTaskThread "GC Thread#1" [stack: 0x000000e706000000,0x000000e706100000] [id=10272]
  0x000002a1244bc000 GCTaskThread "GC Thread#2" [stack: 0x000000e706100000,0x000000e706200000] [id=6864]
  0x000002a1261b6800 GCTaskThread "GC Thread#3" [stack: 0x000000e706c00000,0x000000e706d00000] [id=13216]
  0x000002a1072a8000 ConcurrentGCThread "G1 Main Marker" [stack: 0x000000e705000000,0x000000e705100000] [id=8748]
  0x000002a1072a9800 ConcurrentGCThread "G1 Conc#0" [stack: 0x000000e705100000,0x000000e705200000] [id=2436]
  0x000002a107335800 ConcurrentGCThread "G1 Refine#0" [stack: 0x000000e705200000,0x000000e705300000] [id=4760]
  0x000002a107337000 ConcurrentGCThread "G1 Young RemSet Sampling" [stack: 0x000000e705300000,0x000000e705400000] [id=4112]

Threads with active compile tasks:
C2 CompilerThread0   5129 5697       4       org.objectweb.asm.SymbolTable::addConstantMemberReference (147 bytes)
C2 CompilerThread1   5129 5714       4       org.objectweb.asm.SymbolTable::addConstantUtf8Reference (101 bytes)

VM state:at safepoint (normal execution)

VM Mutex/Monitor currently owned by a thread:  ([mutex/lock_event])
[0x000002a107259300] Threads_lock - owner thread: 0x000002a122d9c000
[0x000002a10725a080] Heap_lock - owner thread: 0x000002a125c87000

Heap address: 0x0000000080000000, size: 2048 MB, Compressed Oops mode: 32-bit
Narrow klass base: 0x0000000000000000, Narrow klass shift: 3
Compressed class space size: 1073741824 Address: 0x0000000100000000

Heap:
 garbage-first heap   total 189440K, used 51200K [0x0000000080000000, 0x0000000100000000)
  region size 1024K, 12 young (12288K), 12 survivors (12288K)
 Metaspace       used 56080K, capacity 57417K, committed 57756K, reserved 1099776K
  class space    used 7101K, capacity 7581K, committed 7680K, reserved 1048576K
Heap Regions: E=young(eden), S=young(survivor), O=old, HS=humongous(starts), HC=humongous(continues), CS=collection set, F=free, A=archive, TAMS=top-at-mark-start (previous, next)
|   0|0x0000000080000000, 0x0000000080100000, 0x0000000080100000|100%| O|  |TAMS 0x0000000080100000, 0x0000000080000000| Untracked 
|   1|0x0000000080100000, 0x0000000080200000, 0x0000000080200000|100%| O|  |TAMS 0x0000000080200000, 0x0000000080100000| Untracked 
|   2|0x0000000080200000, 0x0000000080300000, 0x0000000080300000|100%| O|  |TAMS 0x0000000080300000, 0x0000000080200000| Untracked 
|   3|0x0000000080300000, 0x0000000080400000, 0x0000000080400000|100%|HS|  |TAMS 0x0000000080400000, 0x0000000080300000| Complete 
|   4|0x0000000080400000, 0x0000000080500000, 0x0000000080500000|100%|HC|  |TAMS 0x0000000080500000, 0x0000000080400000| Complete 
|   5|0x0000000080500000, 0x0000000080600000, 0x0000000080600000|100%|HC|  |TAMS 0x0000000080600000, 0x0000000080500000| Complete 
|   6|0x0000000080600000, 0x0000000080700000, 0x0000000080700000|100%| O|  |TAMS 0x0000000080700000, 0x0000000080600000| Untracked 
|   7|0x0000000080700000, 0x0000000080800000, 0x0000000080800000|100%| O|  |TAMS 0x0000000080800000, 0x0000000080700000| Untracked 
|   8|0x0000000080800000, 0x0000000080900000, 0x0000000080900000|100%| O|  |TAMS 0x0000000080900000, 0x0000000080800000| Untracked 
|   9|0x0000000080900000, 0x0000000080a00000, 0x0000000080a00000|100%| O|  |TAMS 0x0000000080a00000, 0x0000000080900000| Untracked 
|  10|0x0000000080a00000, 0x0000000080b00000, 0x0000000080b00000|100%| O|  |TAMS 0x0000000080b00000, 0x0000000080a00000| Untracked 
|  11|0x0000000080b00000, 0x0000000080c00000, 0x0000000080c00000|100%| O|  |TAMS 0x0000000080c00000, 0x0000000080b00000| Untracked 
|  12|0x0000000080c00000, 0x0000000080d00000, 0x0000000080d00000|100%| O|  |TAMS 0x0000000080d00000, 0x0000000080c00000| Untracked 
|  13|0x0000000080d00000, 0x0000000080e00000, 0x0000000080e00000|100%| O|  |TAMS 0x0000000080e00000, 0x0000000080d00000| Untracked 
|  14|0x0000000080e00000, 0x0000000080f00000, 0x0000000080f00000|100%| O|  |TAMS 0x0000000080f00000, 0x0000000080e00000| Untracked 
|  15|0x0000000080f00000, 0x0000000081000000, 0x0000000081000000|100%| O|  |TAMS 0x0000000080f7ee00, 0x0000000080f00000| Untracked 
|  16|0x0000000081000000, 0x0000000081100000, 0x0000000081100000|100%|HS|  |TAMS 0x0000000081000000, 0x0000000081000000| Complete 
|  17|0x0000000081100000, 0x0000000081200000, 0x0000000081200000|100%| O|  |TAMS 0x0000000081100000, 0x0000000081100000| Untracked 
|  18|0x0000000081200000, 0x0000000081300000, 0x0000000081300000|100%| O|  |TAMS 0x0000000081200000, 0x0000000081200000| Untracked 
|  19|0x0000000081300000, 0x0000000081400000, 0x0000000081400000|100%| O|  |TAMS 0x0000000081300000, 0x0000000081300000| Untracked 
|  20|0x0000000081400000, 0x0000000081500000, 0x0000000081500000|100%| O|  |TAMS 0x0000000081400000, 0x0000000081400000| Untracked 
|  21|0x0000000081500000, 0x0000000081600000, 0x0000000081600000|100%| O|  |TAMS 0x0000000081500000, 0x0000000081500000| Untracked 
|  22|0x0000000081600000, 0x0000000081700000, 0x0000000081700000|100%| O|  |TAMS 0x0000000081600000, 0x0000000081600000| Untracked 
|  23|0x0000000081700000, 0x0000000081800000, 0x0000000081800000|100%|HS|  |TAMS 0x0000000081700000, 0x0000000081700000| Complete 
|  24|0x0000000081800000, 0x0000000081900000, 0x0000000081900000|100%|HS|  |TAMS 0x0000000081800000, 0x0000000081800000| Complete 
|  25|0x0000000081900000, 0x0000000081a00000, 0x0000000081a00000|100%|HS|  |TAMS 0x0000000081900000, 0x0000000081900000| Complete 
|  26|0x0000000081a00000, 0x0000000081b00000, 0x0000000081b00000|100%|HS|  |TAMS 0x0000000081a00000, 0x0000000081a00000| Complete 
|  27|0x0000000081b00000, 0x0000000081c00000, 0x0000000081c00000|100%|HC|  |TAMS 0x0000000081b00000, 0x0000000081b00000| Complete 
|  28|0x0000000081c00000, 0x0000000081d00000, 0x0000000081d00000|100%|HC|  |TAMS 0x0000000081c00000, 0x0000000081c00000| Complete 
|  29|0x0000000081d00000, 0x0000000081e00000, 0x0000000081e00000|100%|HS|  |TAMS 0x0000000081d00000, 0x0000000081d00000| Complete 
|  30|0x0000000081e00000, 0x0000000081f00000, 0x0000000081f00000|100%|HC|  |TAMS 0x0000000081e00000, 0x0000000081e00000| Complete 
|  31|0x0000000081f00000, 0x0000000082000000, 0x0000000082000000|100%| O|  |TAMS 0x0000000081f00000, 0x0000000081f00000| Untracked 
|  32|0x0000000082000000, 0x0000000082100000, 0x0000000082100000|100%| O|  |TAMS 0x0000000082000000, 0x0000000082000000| Untracked 
|  33|0x0000000082100000, 0x0000000082200000, 0x0000000082200000|100%| O|  |TAMS 0x0000000082100000, 0x0000000082100000| Untracked 
|  34|0x0000000082200000, 0x0000000082300000, 0x0000000082300000|100%| O|  |TAMS 0x0000000082200000, 0x0000000082200000| Untracked 
|  35|0x0000000082300000, 0x0000000082400000, 0x0000000082400000|100%| O|  |TAMS 0x0000000082300000, 0x0000000082300000| Untracked 
|  36|0x0000000082400000, 0x0000000082500000, 0x0000000082500000|100%| O|  |TAMS 0x0000000082400000, 0x0000000082400000| Untracked 
|  37|0x0000000082500000, 0x0000000082600000, 0x0000000082600000|100%| O|  |TAMS 0x0000000082500000, 0x0000000082500000| Untracked 
|  38|0x0000000082600000, 0x0000000082600000, 0x0000000082700000|  0%| F|  |TAMS 0x0000000082600000, 0x0000000082600000| Untracked 
|  39|0x0000000082700000, 0x0000000082700000, 0x0000000082800000|  0%| F|  |TAMS 0x0000000082700000, 0x0000000082700000| Untracked 
|  40|0x0000000082800000, 0x0000000082800000, 0x0000000082900000|  0%| F|  |TAMS 0x0000000082800000, 0x0000000082800000| Untracked 
|  41|0x0000000082900000, 0x0000000082900000, 0x0000000082a00000|  0%| F|  |TAMS 0x0000000082900000, 0x0000000082900000| Untracked 
|  42|0x0000000082a00000, 0x0000000082a00000, 0x0000000082b00000|  0%| F|  |TAMS 0x0000000082a00000, 0x0000000082a00000| Untracked 
|  43|0x0000000082b00000, 0x0000000082b00000, 0x0000000082c00000|  0%| F|  |TAMS 0x0000000082b00000, 0x0000000082b00000| Untracked 
|  44|0x0000000082c00000, 0x0000000082c00000, 0x0000000082d00000|  0%| F|  |TAMS 0x0000000082c00000, 0x0000000082c00000| Untracked 
|  45|0x0000000082d00000, 0x0000000082d00000, 0x0000000082e00000|  0%| F|  |TAMS 0x0000000082d00000, 0x0000000082d00000| Untracked 
|  46|0x0000000082e00000, 0x0000000082e00000, 0x0000000082f00000|  0%| F|  |TAMS 0x0000000082e00000, 0x0000000082e00000| Untracked 
|  47|0x0000000082f00000, 0x0000000082f00000, 0x0000000083000000|  0%| F|  |TAMS 0x0000000082f00000, 0x0000000082f00000| Untracked 
|  48|0x0000000083000000, 0x0000000083000000, 0x0000000083100000|  0%| F|  |TAMS 0x0000000083000000, 0x0000000083000000| Untracked 
|  49|0x0000000083100000, 0x0000000083100000, 0x0000000083200000|  0%| F|  |TAMS 0x0000000083100000, 0x0000000083100000| Untracked 
|  50|0x0000000083200000, 0x0000000083300000, 0x0000000083300000|100%| S|CS|TAMS 0x0000000083200000, 0x0000000083200000| Complete 
|  51|0x0000000083300000, 0x0000000083400000, 0x0000000083400000|100%| S|CS|TAMS 0x0000000083300000, 0x0000000083300000| Complete 
|  52|0x0000000083400000, 0x0000000083500000, 0x0000000083500000|100%| S|CS|TAMS 0x0000000083400000, 0x0000000083400000| Complete 
|  53|0x0000000083500000, 0x0000000083600000, 0x0000000083600000|100%| S|CS|TAMS 0x0000000083500000, 0x0000000083500000| Complete 
|  54|0x0000000083600000, 0x0000000083700000, 0x0000000083700000|100%| S|CS|TAMS 0x0000000083600000, 0x0000000083600000| Complete 
|  55|0x0000000083700000, 0x0000000083800000, 0x0000000083800000|100%| S|CS|TAMS 0x0000000083700000, 0x0000000083700000| Complete 
|  56|0x0000000083800000, 0x0000000083900000, 0x0000000083900000|100%| S|CS|TAMS 0x0000000083800000, 0x0000000083800000| Complete 
|  57|0x0000000083900000, 0x0000000083a00000, 0x0000000083a00000|100%| S|CS|TAMS 0x0000000083900000, 0x0000000083900000| Complete 
|  58|0x0000000083a00000, 0x0000000083b00000, 0x0000000083b00000|100%| S|CS|TAMS 0x0000000083a00000, 0x0000000083a00000| Complete 
|  59|0x0000000083b00000, 0x0000000083c00000, 0x0000000083c00000|100%| S|CS|TAMS 0x0000000083b00000, 0x0000000083b00000| Complete 
|  60|0x0000000083c00000, 0x0000000083d00000, 0x0000000083d00000|100%| S|CS|TAMS 0x0000000083c00000, 0x0000000083c00000| Complete 
|  61|0x0000000083d00000, 0x0000000083e00000, 0x0000000083e00000|100%| S|CS|TAMS 0x0000000083d00000, 0x0000000083d00000| Complete 
|  62|0x0000000083e00000, 0x0000000083e00000, 0x0000000083f00000|  0%| F|  |TAMS 0x0000000083e00000, 0x0000000083e00000| Untracked 
|  63|0x0000000083f00000, 0x0000000083f00000, 0x0000000084000000|  0%| F|  |TAMS 0x0000000083f00000, 0x0000000083f00000| Untracked 
|  64|0x0000000084000000, 0x0000000084000000, 0x0000000084100000|  0%| F|  |TAMS 0x0000000084000000, 0x0000000084000000| Untracked 
|  65|0x0000000084100000, 0x0000000084100000, 0x0000000084200000|  0%| F|  |TAMS 0x0000000084100000, 0x0000000084100000| Untracked 
|  66|0x0000000084200000, 0x0000000084200000, 0x0000000084300000|  0%| F|  |TAMS 0x0000000084200000, 0x0000000084200000| Untracked 
|  67|0x0000000084300000, 0x0000000084300000, 0x0000000084400000|  0%| F|  |TAMS 0x0000000084300000, 0x0000000084300000| Untracked 
|  68|0x0000000084400000, 0x0000000084400000, 0x0000000084500000|  0%| F|  |TAMS 0x0000000084400000, 0x0000000084400000| Untracked 
|  69|0x0000000084500000, 0x0000000084500000, 0x0000000084600000|  0%| F|  |TAMS 0x0000000084500000, 0x0000000084500000| Untracked 
|  70|0x0000000084600000, 0x0000000084600000, 0x0000000084700000|  0%| F|  |TAMS 0x0000000084600000, 0x0000000084600000| Untracked 
|  71|0x0000000084700000, 0x0000000084700000, 0x0000000084800000|  0%| F|  |TAMS 0x0000000084700000, 0x0000000084700000| Untracked 
|  72|0x0000000084800000, 0x0000000084800000, 0x0000000084900000|  0%| F|  |TAMS 0x0000000084800000, 0x0000000084800000| Untracked 
|  73|0x0000000084900000, 0x0000000084900000, 0x0000000084a00000|  0%| F|  |TAMS 0x0000000084900000, 0x0000000084900000| Untracked 
|  74|0x0000000084a00000, 0x0000000084a00000, 0x0000000084b00000|  0%| F|  |TAMS 0x0000000084a00000, 0x0000000084a00000| Untracked 
|  75|0x0000000084b00000, 0x0000000084b00000, 0x0000000084c00000|  0%| F|  |TAMS 0x0000000084b00000, 0x0000000084b00000| Untracked 
|  76|0x0000000084c00000, 0x0000000084c00000, 0x0000000084d00000|  0%| F|  |TAMS 0x0000000084c00000, 0x0000000084c00000| Untracked 
|  77|0x0000000084d00000, 0x0000000084d00000, 0x0000000084e00000|  0%| F|  |TAMS 0x0000000084d00000, 0x0000000084d00000| Untracked 
|  78|0x0000000084e00000, 0x0000000084e00000, 0x0000000084f00000|  0%| F|  |TAMS 0x0000000084e00000, 0x0000000084e00000| Untracked 
|  79|0x0000000084f00000, 0x0000000084f00000, 0x0000000085000000|  0%| F|  |TAMS 0x0000000084f00000, 0x0000000084f00000| Untracked 
|  80|0x0000000085000000, 0x0000000085000000, 0x0000000085100000|  0%| F|  |TAMS 0x0000000085000000, 0x0000000085000000| Untracked 
|  81|0x0000000085100000, 0x0000000085100000, 0x0000000085200000|  0%| F|  |TAMS 0x0000000085100000, 0x0000000085100000| Untracked 
|  82|0x0000000085200000, 0x0000000085200000, 0x0000000085300000|  0%| F|  |TAMS 0x0000000085200000, 0x0000000085200000| Untracked 
|  83|0x0000000085300000, 0x0000000085300000, 0x0000000085400000|  0%| F|  |TAMS 0x0000000085300000, 0x0000000085300000| Untracked 
|  84|0x0000000085400000, 0x0000000085400000, 0x0000000085500000|  0%| F|  |TAMS 0x0000000085400000, 0x0000000085400000| Untracked 
|  85|0x0000000085500000, 0x0000000085500000, 0x0000000085600000|  0%| F|  |TAMS 0x0000000085500000, 0x0000000085500000| Untracked 
|  86|0x0000000085600000, 0x0000000085600000, 0x0000000085700000|  0%| F|  |TAMS 0x0000000085600000, 0x0000000085600000| Untracked 
|  87|0x0000000085700000, 0x0000000085700000, 0x0000000085800000|  0%| F|  |TAMS 0x0000000085700000, 0x0000000085700000| Untracked 
|  88|0x0000000085800000, 0x0000000085800000, 0x0000000085900000|  0%| F|  |TAMS 0x0000000085800000, 0x0000000085800000| Untracked 
|  89|0x0000000085900000, 0x0000000085900000, 0x0000000085a00000|  0%| F|  |TAMS 0x0000000085900000, 0x0000000085900000| Untracked 
|  90|0x0000000085a00000, 0x0000000085a00000, 0x0000000085b00000|  0%| F|  |TAMS 0x0000000085a00000, 0x0000000085a00000| Untracked 
|  91|0x0000000085b00000, 0x0000000085b00000, 0x0000000085c00000|  0%| F|  |TAMS 0x0000000085b00000, 0x0000000085b00000| Untracked 
|  92|0x0000000085c00000, 0x0000000085c00000, 0x0000000085d00000|  0%| F|  |TAMS 0x0000000085c00000, 0x0000000085c00000| Untracked 
|  93|0x0000000085d00000, 0x0000000085d00000, 0x0000000085e00000|  0%| F|  |TAMS 0x0000000085d00000, 0x0000000085d00000| Untracked 
|  94|0x0000000085e00000, 0x0000000085e00000, 0x0000000085f00000|  0%| F|  |TAMS 0x0000000085e00000, 0x0000000085e00000| Untracked 
|  95|0x0000000085f00000, 0x0000000085f00000, 0x0000000086000000|  0%| F|  |TAMS 0x0000000085f00000, 0x0000000085f00000| Untracked 
|  96|0x0000000086000000, 0x0000000086000000, 0x0000000086100000|  0%| F|  |TAMS 0x0000000086000000, 0x0000000086000000| Untracked 
|  97|0x0000000086100000, 0x0000000086100000, 0x0000000086200000|  0%| F|  |TAMS 0x0000000086100000, 0x0000000086100000| Untracked 
|  98|0x0000000086200000, 0x0000000086200000, 0x0000000086300000|  0%| F|  |TAMS 0x0000000086200000, 0x0000000086200000| Untracked 
|  99|0x0000000086300000, 0x0000000086300000, 0x0000000086400000|  0%| F|  |TAMS 0x0000000086300000, 0x0000000086300000| Untracked 
| 100|0x0000000086400000, 0x0000000086400000, 0x0000000086500000|  0%| F|  |TAMS 0x0000000086400000, 0x0000000086400000| Untracked 
| 101|0x0000000086500000, 0x0000000086500000, 0x0000000086600000|  0%| F|  |TAMS 0x0000000086500000, 0x0000000086500000| Untracked 
| 102|0x0000000086600000, 0x0000000086600000, 0x0000000086700000|  0%| F|  |TAMS 0x0000000086600000, 0x0000000086600000| Untracked 
| 103|0x0000000086700000, 0x0000000086700000, 0x0000000086800000|  0%| F|  |TAMS 0x0000000086700000, 0x0000000086700000| Untracked 
| 104|0x0000000086800000, 0x0000000086800000, 0x0000000086900000|  0%| F|  |TAMS 0x0000000086800000, 0x0000000086800000| Untracked 
| 105|0x0000000086900000, 0x0000000086900000, 0x0000000086a00000|  0%| F|  |TAMS 0x0000000086900000, 0x0000000086900000| Untracked 
| 106|0x0000000086a00000, 0x0000000086a00000, 0x0000000086b00000|  0%| F|  |TAMS 0x0000000086a00000, 0x0000000086a00000| Untracked 
| 107|0x0000000086b00000, 0x0000000086b00000, 0x0000000086c00000|  0%| F|  |TAMS 0x0000000086b00000, 0x0000000086b00000| Untracked 
| 108|0x0000000086c00000, 0x0000000086c00000, 0x0000000086d00000|  0%| F|  |TAMS 0x0000000086c00000, 0x0000000086c00000| Untracked 
| 109|0x0000000086d00000, 0x0000000086d00000, 0x0000000086e00000|  0%| F|  |TAMS 0x0000000086d00000, 0x0000000086d00000| Untracked 
| 110|0x0000000086e00000, 0x0000000086e00000, 0x0000000086f00000|  0%| F|  |TAMS 0x0000000086e00000, 0x0000000086e00000| Untracked 
| 111|0x0000000086f00000, 0x0000000086f00000, 0x0000000087000000|  0%| F|  |TAMS 0x0000000086f00000, 0x0000000086f00000| Untracked 
| 112|0x0000000087000000, 0x0000000087000000, 0x0000000087100000|  0%| F|  |TAMS 0x0000000087000000, 0x0000000087000000| Untracked 
| 113|0x0000000087100000, 0x0000000087100000, 0x0000000087200000|  0%| F|  |TAMS 0x0000000087100000, 0x0000000087100000| Untracked 
| 114|0x0000000087200000, 0x0000000087200000, 0x0000000087300000|  0%| F|  |TAMS 0x0000000087200000, 0x0000000087200000| Untracked 
| 115|0x0000000087300000, 0x0000000087300000, 0x0000000087400000|  0%| F|  |TAMS 0x0000000087300000, 0x0000000087300000| Untracked 
| 116|0x0000000087400000, 0x0000000087400000, 0x0000000087500000|  0%| F|  |TAMS 0x0000000087400000, 0x0000000087400000| Untracked 
| 117|0x0000000087500000, 0x0000000087500000, 0x0000000087600000|  0%| F|  |TAMS 0x0000000087500000, 0x0000000087500000| Untracked 
| 118|0x0000000087600000, 0x0000000087600000, 0x0000000087700000|  0%| F|  |TAMS 0x0000000087600000, 0x0000000087600000| Untracked 
| 119|0x0000000087700000, 0x0000000087700000, 0x0000000087800000|  0%| F|  |TAMS 0x0000000087700000, 0x0000000087700000| Untracked 
| 120|0x0000000087800000, 0x0000000087800000, 0x0000000087900000|  0%| F|  |TAMS 0x0000000087800000, 0x0000000087800000| Untracked 
| 121|0x0000000087900000, 0x0000000087900000, 0x0000000087a00000|  0%| F|  |TAMS 0x0000000087900000, 0x0000000087900000| Untracked 
| 122|0x0000000087a00000, 0x0000000087a00000, 0x0000000087b00000|  0%| F|  |TAMS 0x0000000087a00000, 0x0000000087a00000| Untracked 
| 123|0x0000000087b00000, 0x0000000087b00000, 0x0000000087c00000|  0%| F|  |TAMS 0x0000000087b00000, 0x0000000087b00000| Untracked 
| 124|0x0000000087c00000, 0x0000000087c00000, 0x0000000087d00000|  0%| F|  |TAMS 0x0000000087c00000, 0x0000000087c00000| Untracked 
| 125|0x0000000087d00000, 0x0000000087d00000, 0x0000000087e00000|  0%| F|  |TAMS 0x0000000087d00000, 0x0000000087d00000| Untracked 
| 126|0x0000000087e00000, 0x0000000087e00000, 0x0000000087f00000|  0%| F|  |TAMS 0x0000000087e00000, 0x0000000087e00000| Untracked 
| 127|0x0000000087f00000, 0x0000000087f00000, 0x0000000088000000|  0%| F|  |TAMS 0x0000000087f00000, 0x0000000087f00000| Untracked 
| 128|0x0000000088000000, 0x0000000088000000, 0x0000000088100000|  0%| F|  |TAMS 0x0000000088000000, 0x0000000088000000| Untracked 
| 129|0x0000000088100000, 0x0000000088100000, 0x0000000088200000|  0%| F|  |TAMS 0x0000000088100000, 0x0000000088100000| Untracked 
| 130|0x0000000088200000, 0x0000000088200000, 0x0000000088300000|  0%| F|  |TAMS 0x0000000088200000, 0x0000000088200000| Untracked 
| 131|0x0000000088300000, 0x0000000088300000, 0x0000000088400000|  0%| F|  |TAMS 0x0000000088300000, 0x0000000088300000| Untracked 
| 132|0x0000000088400000, 0x0000000088400000, 0x0000000088500000|  0%| F|  |TAMS 0x0000000088400000, 0x0000000088400000| Untracked 
| 133|0x0000000088500000, 0x0000000088500000, 0x0000000088600000|  0%| F|  |TAMS 0x0000000088500000, 0x0000000088500000| Untracked 
| 134|0x0000000088600000, 0x0000000088600000, 0x0000000088700000|  0%| F|  |TAMS 0x0000000088600000, 0x0000000088600000| Untracked 
| 135|0x0000000088700000, 0x0000000088700000, 0x0000000088800000|  0%| F|  |TAMS 0x0000000088700000, 0x0000000088700000| Untracked 
| 136|0x0000000088800000, 0x0000000088800000, 0x0000000088900000|  0%| F|  |TAMS 0x0000000088800000, 0x0000000088800000| Untracked 
| 137|0x0000000088900000, 0x0000000088900000, 0x0000000088a00000|  0%| F|  |TAMS 0x0000000088900000, 0x0000000088900000| Untracked 
| 138|0x0000000088a00000, 0x0000000088a00000, 0x0000000088b00000|  0%| F|  |TAMS 0x0000000088a00000, 0x0000000088a00000| Untracked 
| 139|0x0000000088b00000, 0x0000000088b00000, 0x0000000088c00000|  0%| F|  |TAMS 0x0000000088b00000, 0x0000000088b00000| Untracked 
| 140|0x0000000088c00000, 0x0000000088c00000, 0x0000000088d00000|  0%| F|  |TAMS 0x0000000088c00000, 0x0000000088c00000| Untracked 
| 141|0x0000000088d00000, 0x0000000088d00000, 0x0000000088e00000|  0%| F|  |TAMS 0x0000000088d00000, 0x0000000088d00000| Untracked 
| 142|0x0000000088e00000, 0x0000000088e00000, 0x0000000088f00000|  0%| F|  |TAMS 0x0000000088e00000, 0x0000000088e00000| Untracked 
| 143|0x0000000088f00000, 0x0000000088f00000, 0x0000000089000000|  0%| F|  |TAMS 0x0000000088f00000, 0x0000000088f00000| Untracked 
| 144|0x0000000089000000, 0x0000000089000000, 0x0000000089100000|  0%| F|  |TAMS 0x0000000089000000, 0x0000000089000000| Untracked 
| 145|0x0000000089100000, 0x0000000089100000, 0x0000000089200000|  0%| F|  |TAMS 0x0000000089100000, 0x0000000089100000| Untracked 
| 146|0x0000000089200000, 0x0000000089200000, 0x0000000089300000|  0%| F|  |TAMS 0x0000000089200000, 0x0000000089200000| Untracked 
| 147|0x0000000089300000, 0x0000000089300000, 0x0000000089400000|  0%| F|  |TAMS 0x0000000089300000, 0x0000000089300000| Untracked 
| 148|0x0000000089400000, 0x0000000089400000, 0x0000000089500000|  0%| F|  |TAMS 0x0000000089400000, 0x0000000089400000| Untracked 
| 149|0x0000000089500000, 0x0000000089500000, 0x0000000089600000|  0%| F|  |TAMS 0x0000000089500000, 0x0000000089500000| Untracked 
| 150|0x0000000089600000, 0x0000000089600000, 0x0000000089700000|  0%| F|  |TAMS 0x0000000089600000, 0x0000000089600000| Untracked 
| 151|0x0000000089700000, 0x0000000089700000, 0x0000000089800000|  0%| F|  |TAMS 0x0000000089700000, 0x0000000089700000| Untracked 
| 152|0x0000000089800000, 0x0000000089800000, 0x0000000089900000|  0%| F|  |TAMS 0x0000000089800000, 0x0000000089800000| Untracked 
| 153|0x0000000089900000, 0x0000000089900000, 0x0000000089a00000|  0%| F|  |TAMS 0x0000000089900000, 0x0000000089900000| Untracked 

Card table byte_map: [0x000002a11bf60000,0x000002a11c360000] _byte_map_base: 0x000002a11bb60000

Marking Bits (Prev, Next): (CMBitMap*) 0x000002a10729f3f8, (CMBitMap*) 0x000002a10729f430
 Prev Bits: [0x000002a11c760000, 0x000002a11e760000)
 Next Bits: [0x000002a11e760000, 0x000002a120760000)

Polling page: 0x000002a107340000

Metaspace:

Usage:
  Non-class:     48.67 MB capacity,    47.83 MB ( 98%) used,   714.78 KB (  1%) free+waste,   142.69 KB ( <1%) overhead. 
      Class:      7.40 MB capacity,     6.94 MB ( 94%) used,   411.91 KB (  5%) free+waste,    67.38 KB ( <1%) overhead. 
       Both:     56.07 MB capacity,    54.77 MB ( 98%) used,     1.10 MB (  2%) free+waste,   210.06 KB ( <1%) overhead. 

Virtual space:
  Non-class space:       50.00 MB reserved,      48.90 MB ( 98%) committed 
      Class space:        1.00 GB reserved,       7.50 MB ( <1%) committed 
             Both:        1.05 GB reserved,      56.40 MB (  5%) committed 

Chunk freelists:
   Non-Class:  48.00 KB
       Class:  3.00 KB
        Both:  51.00 KB

MaxMetaspaceSize: 17179869184.00 GB
CompressedClassSpaceSize: 1.00 GB

CodeHeap 'non-profiled nmethods': size=120064Kb used=2887Kb max_used=2887Kb free=117176Kb
 bounds [0x000002a113ff0000, 0x000002a1142d0000, 0x000002a11b530000]
CodeHeap 'profiled nmethods': size=120000Kb used=11356Kb max_used=11356Kb free=108644Kb
 bounds [0x000002a10cac0000, 0x000002a10d5e0000, 0x000002a113ff0000]
CodeHeap 'non-nmethods': size=5696Kb used=2238Kb max_used=2270Kb free=3457Kb
 bounds [0x000002a10c530000, 0x000002a10c7a0000, 0x000002a10cac0000]
 total_blobs=6519 nmethods=5701 adapters=729
 compilation: enabled
              stopped_count=0, restarted_count=0
 full_count=0

Compilation events (20 events):
Event: 5.009 Thread 0x000002a123972800 nmethod 5704 0x000002a1142c0810 code [0x000002a1142c09c0, 0x000002a1142c0e08]
Event: 5.009 Thread 0x000002a123972800 5705       4       java.lang.ClassLoader::addClass (9 bytes)
Event: 5.011 Thread 0x000002a123972800 nmethod 5705 0x000002a1142c0f90 code [0x000002a1142c1140, 0x000002a1142c15e8]
Event: 5.026 Thread 0x000002a123972800 5706       4       java.util.concurrent.locks.ReentrantLock$NonfairSync::tryAcquire (6 bytes)
Event: 5.027 Thread 0x000002a123972800 nmethod 5706 0x000002a1142c1810 code [0x000002a1142c19a0, 0x000002a1142c1b38]
Event: 5.044 Thread 0x000002a122dcc800 5707       3       java.util.concurrent.ConcurrentHashMap$Traverser::<init> (36 bytes)
Event: 5.044 Thread 0x000002a122dcc800 nmethod 5707 0x000002a10d5d5210 code [0x000002a10d5d53c0, 0x000002a10d5d55b8]
Event: 5.053 Thread 0x000002a122dcc800 5708       3       java.util.concurrent.ConcurrentHashMap$BaseIterator::<init> (21 bytes)
Event: 5.053 Thread 0x000002a122dcc800 nmethod 5708 0x000002a10d5d5690 code [0x000002a10d5d5860, 0x000002a10d5d5a38]
Event: 5.060 Thread 0x000002a122dcc800 5709       3       java.lang.invoke.BoundMethodHandle$Species_L::<init> (12 bytes)
Event: 5.060 Thread 0x000002a122dcc800 nmethod 5709 0x000002a10d5d5b10 code [0x000002a10d5d5ce0, 0x000002a10d5d5ee8]
Event: 5.062 Thread 0x000002a122dcc800 5710       1       com.google.common.collect.ImmutableMapEntry$NonTerminalImmutableMapEntry::getNextInKeyBucket (5 bytes)
Event: 5.062 Thread 0x000002a122dcc800 nmethod 5710 0x000002a1142c1c10 code [0x000002a1142c1dc0, 0x000002a1142c1e78]
Event: 5.062 Thread 0x000002a122dcc800 5711       3       java.util.HashMap$EntrySet::iterator (12 bytes)
Event: 5.063 Thread 0x000002a122dcc800 nmethod 5711 0x000002a10d5d6010 code [0x000002a10d5d61e0, 0x000002a10d5d6448]
Event: 5.063 Thread 0x000002a122dcc800 5712       3       java.util.HashMap$EntryIterator::<init> (11 bytes)
Event: 5.063 Thread 0x000002a122dcc800 nmethod 5712 0x000002a10d5d6510 code [0x000002a10d5d66c0, 0x000002a10d5d6848]
Event: 5.063 Thread 0x000002a122dcc800 5713       3       java.util.HashMap::entrySet (27 bytes)
Event: 5.064 Thread 0x000002a122dcc800 nmethod 5713 0x000002a10d5d6910 code [0x000002a10d5d6ae0, 0x000002a10d5d6eb8]
Event: 5.066 Thread 0x000002a123972800 5714       4       org.objectweb.asm.SymbolTable::addConstantUtf8Reference (101 bytes)

GC Heap History (19 events):
Event: 0.388 GC heap before
{Heap before GC invocations=0 (full 0):
 garbage-first heap   total 131072K, used 19456K [0x0000000080000000, 0x0000000100000000)
  region size 1024K, 14 young (14336K), 0 survivors (0K)
 Metaspace       used 6753K, capacity 6933K, committed 7168K, reserved 1056768K
  class space    used 584K, capacity 650K, committed 768K, reserved 1048576K
}
Event: 0.392 GC heap after
{Heap after GC invocations=1 (full 0):
 garbage-first heap   total 131072K, used 7833K [0x0000000080000000, 0x0000000100000000)
  region size 1024K, 2 young (2048K), 2 survivors (2048K)
 Metaspace       used 6753K, capacity 6933K, committed 7168K, reserved 1056768K
  class space    used 584K, capacity 650K, committed 768K, reserved 1048576K
}
Event: 0.677 GC heap before
{Heap before GC invocations=1 (full 0):
 garbage-first heap   total 131072K, used 24217K [0x0000000080000000, 0x0000000100000000)
  region size 1024K, 18 young (18432K), 2 survivors (2048K)
 Metaspace       used 10760K, capacity 11075K, committed 11264K, reserved 1058816K
  class space    used 1129K, capacity 1204K, committed 1280K, reserved 1048576K
}
Event: 0.680 GC heap after
{Heap after GC invocations=2 (full 0):
 garbage-first heap   total 131072K, used 9525K [0x0000000080000000, 0x0000000100000000)
  region size 1024K, 2 young (2048K), 2 survivors (2048K)
 Metaspace       used 10760K, capacity 11075K, committed 11264K, reserved 1058816K
  class space    used 1129K, capacity 1204K, committed 1280K, reserved 1048576K
}
Event: 0.929 GC heap before
{Heap before GC invocations=2 (full 0):
 garbage-first heap   total 131072K, used 33077K [0x0000000080000000, 0x0000000100000000)
  region size 1024K, 25 young (25600K), 2 survivors (2048K)
 Metaspace       used 11241K, capacity 11516K, committed 11776K, reserved 1060864K
  class space    used 1176K, capacity 1244K, committed 1280K, reserved 1048576K
}
Event: 0.931 GC heap after
{Heap after GC invocations=3 (full 0):
 garbage-first heap   total 131072K, used 12407K [0x0000000080000000, 0x0000000100000000)
  region size 1024K, 4 young (4096K), 4 survivors (4096K)
 Metaspace       used 11241K, capacity 11516K, committed 11776K, reserved 1060864K
  class space    used 1176K, capacity 1244K, committed 1280K, reserved 1048576K
}
Event: 1.533 GC heap before
{Heap before GC invocations=3 (full 0):
 garbage-first heap   total 131072K, used 49271K [0x0000000080000000, 0x0000000100000000)
  region size 1024K, 41 young (41984K), 4 survivors (4096K)
 Metaspace       used 17368K, capacity 17808K, committed 18048K, reserved 1064960K
  class space    used 2036K, capacity 2155K, committed 2176K, reserved 1048576K
}
Event: 1.538 GC heap after
{Heap after GC invocations=4 (full 0):
 garbage-first heap   total 131072K, used 15680K [0x0000000080000000, 0x0000000100000000)
  region size 1024K, 6 young (6144K), 6 survivors (6144K)
 Metaspace       used 17368K, capacity 17808K, committed 18048K, reserved 1064960K
  class space    used 2036K, capacity 2155K, committed 2176K, reserved 1048576K
}
Event: 1.747 GC heap before
{Heap before GC invocations=4 (full 0):
 garbage-first heap   total 131072K, used 44352K [0x0000000080000000, 0x0000000100000000)
  region size 1024K, 35 young (35840K), 6 survivors (6144K)
 Metaspace       used 20639K, capacity 21112K, committed 21296K, reserved 1069056K
  class space    used 2532K, capacity 2660K, committed 2688K, reserved 1048576K
}
Event: 1.753 GC heap after
{Heap after GC invocations=5 (full 0):
 garbage-first heap   total 131072K, used 16820K [0x0000000080000000, 0x0000000100000000)
  region size 1024K, 7 young (7168K), 7 survivors (7168K)
 Metaspace       used 20639K, capacity 21112K, committed 21296K, reserved 1069056K
  class space    used 2532K, capacity 2660K, committed 2688K, reserved 1048576K
}
Event: 2.187 GC heap before
{Heap before GC invocations=6 (full 0):
 garbage-first heap   total 131072K, used 68020K [0x0000000080000000, 0x0000000100000000)
  region size 1024K, 58 young (59392K), 7 survivors (7168K)
 Metaspace       used 25967K, capacity 26644K, committed 26752K, reserved 1073152K
  class space    used 3401K, capacity 3617K, committed 3712K, reserved 1048576K
}
Event: 2.193 GC heap after
{Heap after GC invocations=7 (full 0):
 garbage-first heap   total 157696K, used 19130K [0x0000000080000000, 0x0000000100000000)
  region size 1024K, 4 young (4096K), 4 survivors (4096K)
 Metaspace       used 25967K, capacity 26644K, committed 26752K, reserved 1073152K
  class space    used 3401K, capacity 3617K, committed 3712K, reserved 1048576K
}
Event: 2.769 GC heap before
{Heap before GC invocations=7 (full 0):
 garbage-first heap   total 157696K, used 78522K [0x0000000080000000, 0x0000000100000000)
  region size 1024K, 63 young (64512K), 4 survivors (4096K)
 Metaspace       used 35043K, capacity 35854K, committed 36048K, reserved 1081344K
  class space    used 4558K, capacity 4863K, committed 4864K, reserved 1048576K
}
Event: 2.777 GC heap after
{Heap after GC invocations=8 (full 0):
 garbage-first heap   total 157696K, used 22642K [0x0000000080000000, 0x0000000100000000)
  region size 1024K, 7 young (7168K), 7 survivors (7168K)
 Metaspace       used 35043K, capacity 35854K, committed 36048K, reserved 1081344K
  class space    used 4558K, capacity 4863K, committed 4864K, reserved 1048576K
}
Event: 3.479 GC heap before
{Heap before GC invocations=9 (full 0):
 garbage-first heap   total 157696K, used 111730K [0x0000000080000000, 0x0000000100000000)
  region size 1024K, 92 young (94208K), 7 survivors (7168K)
 Metaspace       used 42032K, capacity 43028K, committed 43164K, reserved 1087488K
  class space    used 5435K, capacity 5791K, committed 5888K, reserved 1048576K
}
Event: 3.490 GC heap after
{Heap after GC invocations=10 (full 0):
 garbage-first heap   total 157696K, used 28830K [0x0000000080000000, 0x0000000100000000)
  region size 1024K, 12 young (12288K), 12 survivors (12288K)
 Metaspace       used 42032K, capacity 43028K, committed 43164K, reserved 1087488K
  class space    used 5435K, capacity 5791K, committed 5888K, reserved 1048576K
}
Event: 4.242 GC heap before
{Heap before GC invocations=10 (full 0):
 garbage-first heap   total 157696K, used 110750K [0x0000000080000000, 0x0000000100000000)
  region size 1024K, 92 young (94208K), 12 survivors (12288K)
 Metaspace       used 47653K, capacity 48769K, committed 49052K, reserved 1091584K
  class space    used 6084K, capacity 6529K, committed 6656K, reserved 1048576K
}
Event: 4.253 GC heap after
{Heap after GC invocations=11 (full 0):
 garbage-first heap   total 157696K, used 32442K [0x0000000080000000, 0x0000000100000000)
  region size 1024K, 10 young (10240K), 10 survivors (10240K)
 Metaspace       used 47653K, capacity 48769K, committed 49052K, reserved 1091584K
  class space    used 6084K, capacity 6529K, committed 6656K, reserved 1048576K
}
Event: 5.076 GC heap before
{Heap before GC invocations=11 (full 0):
 garbage-first heap   total 157696K, used 124602K [0x0000000080000000, 0x0000000100000000)
  region size 1024K, 92 young (94208K), 10 survivors (10240K)
 Metaspace       used 56080K, capacity 57417K, committed 57756K, reserved 1099776K
  class space    used 7101K, capacity 7581K, committed 7680K, reserved 1048576K
}

Deoptimization events (20 events):
Event: 4.665 Thread 0x000002a125c87000 Uncommon trap: trap_request=0xffffff45 fr.pc=0x000002a1141143ec relative=0x000000000000020c
Event: 4.665 Thread 0x000002a125c87000 Uncommon trap: reason=unstable_fused_if action=reinterpret pc=0x000002a1141143ec method=org.objectweb.asm.ByteVector.putUTF8(Ljava/lang/String;)Lorg/objectweb/asm/ByteVector; @ 93 c2
Event: 4.665 Thread 0x000002a125c87000 DEOPT PACKING pc=0x000002a1141143ec sp=0x000000e7068f8140
Event: 4.665 Thread 0x000002a125c87000 DEOPT UNPACKING pc=0x000002a10c55662f sp=0x000000e7068f80c0 mode 2
Event: 4.761 Thread 0x000002a125c87000 Uncommon trap: trap_request=0xffffff4d fr.pc=0x000002a11402380c relative=0x000000000000044c
Event: 4.761 Thread 0x000002a125c87000 Uncommon trap: reason=unstable_if action=reinterpret pc=0x000002a11402380c method=java.lang.AbstractStringBuilder.putStringAt(ILjava/lang/String;)V @ 8 c2
Event: 4.761 Thread 0x000002a125c87000 DEOPT PACKING pc=0x000002a11402380c sp=0x000000e7068f6f80
Event: 4.761 Thread 0x000002a125c87000 DEOPT UNPACKING pc=0x000002a10c55662f sp=0x000000e7068f6ef0 mode 2
Event: 4.761 Thread 0x000002a125c87000 Uncommon trap: trap_request=0xffffff4d fr.pc=0x000002a11407575c relative=0x000000000000057c
Event: 4.761 Thread 0x000002a125c87000 Uncommon trap: reason=unstable_if action=reinterpret pc=0x000002a11407575c method=java.lang.AbstractStringBuilder.isLatin1()Z @ 10 c2
Event: 4.761 Thread 0x000002a125c87000 DEOPT PACKING pc=0x000002a11407575c sp=0x000000e7068f6f60
Event: 4.761 Thread 0x000002a125c87000 DEOPT UNPACKING pc=0x000002a10c55662f sp=0x000000e7068f6e50 mode 2
Event: 4.761 Thread 0x000002a125c87000 Uncommon trap: trap_request=0xffffff4d fr.pc=0x000002a11402306c relative=0x00000000000000cc
Event: 4.761 Thread 0x000002a125c87000 Uncommon trap: reason=unstable_if action=reinterpret pc=0x000002a11402306c method=java.lang.String.getBytes([BIB)V @ 5 c2
Event: 4.761 Thread 0x000002a125c87000 DEOPT PACKING pc=0x000002a11402306c sp=0x000000e7068f6eb0
Event: 4.761 Thread 0x000002a125c87000 DEOPT UNPACKING pc=0x000002a10c55662f sp=0x000000e7068f6e58 mode 2
Event: 4.761 Thread 0x000002a125c87000 Uncommon trap: trap_request=0xffffff4d fr.pc=0x000002a11401b44c relative=0x000000000000022c
Event: 4.761 Thread 0x000002a125c87000 Uncommon trap: reason=unstable_if action=reinterpret pc=0x000002a11401b44c method=java.lang.AbstractStringBuilder.isLatin1()Z @ 10 c2
Event: 4.761 Thread 0x000002a125c87000 DEOPT PACKING pc=0x000002a11401b44c sp=0x000000e7068f6f10
Event: 4.761 Thread 0x000002a125c87000 DEOPT UNPACKING pc=0x000002a10c55662f sp=0x000000e7068f6e50 mode 2

Classes redefined (0 events):
No events

Internal exceptions (20 events):
Event: 4.493 Thread 0x000002a125c87000 Exception <a 'java/lang/ClassNotFoundException'{0x0000000087e20e60}: org/gradle/api/tasks/Delete_DecoratedCustomizer> (0x0000000087e20e60) thrown at [./src/hotspot/share/classfile/systemDictionary.cpp, line 231]
Event: 4.508 Thread 0x000002a125c87000 Exception <a 'java/lang/NoSuchMethodError'{0x0000000087d33b28}: 'long java.lang.invoke.DirectMethodHandle$Holder.invokeVirtual(java.lang.Object, java.lang.Object)'> (0x0000000087d33b28) thrown at [./src/hotspot/share/interpreter/linkResolver.cpp, line 773]
Event: 4.510 Thread 0x000002a125ade800 Exception <a 'java/lang/NoSuchMethodError'{0x00000000899e7a20}: <clinit>> (0x00000000899e7a20) thrown at [./src/hotspot/share/prims/jni.cpp, line 1362]
Event: 4.513 Thread 0x000002a125ade800 Exception <a 'java/lang/NoSuchMethodError'{0x0000000087d93010}: <clinit>> (0x0000000087d93010) thrown at [./src/hotspot/share/prims/jni.cpp, line 1362]
Event: 4.513 Thread 0x000002a125ade800 Exception <a 'java/lang/NoSuchMethodError'{0x0000000087dc0910}: <clinit>> (0x0000000087dc0910) thrown at [./src/hotspot/share/prims/jni.cpp, line 1362]
Event: 4.513 Thread 0x000002a125ade800 Exception <a 'java/lang/NoSuchMethodError'{0x0000000087dc1c18}: <clinit>> (0x0000000087dc1c18) thrown at [./src/hotspot/share/prims/jni.cpp, line 1362]
Event: 4.513 Thread 0x000002a125ade800 Exception <a 'java/lang/NoSuchMethodError'{0x0000000087dc2c38}: <clinit>> (0x0000000087dc2c38) thrown at [./src/hotspot/share/prims/jni.cpp, line 1362]
Event: 4.515 Thread 0x000002a125ade800 Exception <a 'java/lang/NoSuchMethodError'{0x0000000087dd4f90}: <clinit>> (0x0000000087dd4f90) thrown at [./src/hotspot/share/prims/jni.cpp, line 1362]
Event: 4.516 Thread 0x000002a125ade800 Exception <a 'java/lang/NoSuchMethodError'{0x0000000087ddf298}: <clinit>> (0x0000000087ddf298) thrown at [./src/hotspot/share/prims/jni.cpp, line 1362]
Event: 4.520 Thread 0x000002a125ade800 Exception <a 'java/lang/NoSuchMethodError'{0x0000000087c0ca20}: <clinit>> (0x0000000087c0ca20) thrown at [./src/hotspot/share/prims/jni.cpp, line 1362]
Event: 4.527 Thread 0x000002a125c87000 Exception <a 'java/lang/ClassNotFoundException'{0x0000000087c981c0}: build_9kaiafnc01kjnrrmmxzadnm0rBeanInfo> (0x0000000087c981c0) thrown at [./src/hotspot/share/classfile/systemDictionary.cpp, line 231]
Event: 4.527 Thread 0x000002a125c87000 Exception <a 'java/lang/ClassNotFoundException'{0x0000000087ca3178}: build_9kaiafnc01kjnrrmmxzadnm0rCustomizer> (0x0000000087ca3178) thrown at [./src/hotspot/share/classfile/systemDictionary.cpp, line 231]
Event: 4.548 Thread 0x000002a125c87000 Exception <a 'java/lang/ClassNotFoundException'{0x0000000087a4aa50}: org/gradle/api/internal/plugins/DefaultObjectConfigurationActionBeanInfo> (0x0000000087a4aa50) thrown at [./src/hotspot/share/classfile/systemDictionary.cpp, line 231]
Event: 4.549 Thread 0x000002a125c87000 Exception <a 'java/lang/ClassNotFoundException'{0x0000000087a812f0}: org/gradle/api/internal/plugins/DefaultObjectConfigurationActionCustomizer> (0x0000000087a812f0) thrown at [./src/hotspot/share/classfile/systemDictionary.cpp, line 231]
Event: 4.642 Thread 0x000002a125c87000 Exception <a 'java/lang/NoSuchMethodError'{0x00000000870dec28}: 'java.lang.Object java.lang.invoke.DirectMethodHandle$Holder.invokeStatic(java.lang.Object, java.lang.Object, java.lang.Object, java.lang.Object, int)'> (0x00000000870dec28) thrown at [./src/hotspot/share/interpreter/linkResolver.cpp, line 773]
Event: 4.642 Thread 0x000002a125c87000 Exception <a 'java/lang/NoSuchMethodError'{0x00000000870e3620}: 'java.lang.Object java.lang.invoke.DirectMethodHandle$Holder.invokeSpecial(java.lang.Object, java.lang.Object, java.lang.Object, java.lang.Object, java.lang.Object, int)'> (0x00000000870e3620) thrown at [./src/hotspot/share/interpreter/linkResolver.cpp, line 773]
Event: 4.642 Thread 0x000002a125c87000 Exception <a 'java/lang/NoSuchMethodError'{0x00000000870e7c60}: 'java.lang.Object java.lang.invoke.Invokers$Holder.linkToTargetMethod(java.lang.Object, java.lang.Object, java.lang.Object, int, java.lang.Object)'> (0x00000000870e7c60) thrown at [./src/hotspot/share/interpreter/linkResolver.cpp, line 773]
Event: 4.801 Thread 0x000002a125c87000 Exception <a 'java/lang/NoSuchMethodError'{0x0000000086096070}: 'java.lang.Object java.lang.invoke.DirectMethodHandle$Holder.invokeSpecial(java.lang.Object, java.lang.Object, int, int, java.lang.Object, java.lang.Object, java.lang.Object)'> (0x0000000086096070) thrown at [./src/hotspot/share/interpreter/linkResolver.cpp, line 773]
Event: 4.801 Thread 0x000002a125c87000 Exception <a 'java/lang/NoSuchMethodError'{0x000000008609a5f0}: 'java.lang.Object java.lang.invoke.DelegatingMethodHandle$Holder.reinvoke_L(java.lang.Object, int, int, java.lang.Object, java.lang.Object, java.lang.Object)'> (0x000000008609a5f0) thrown at [./src/hotspot/share/interpreter/linkResolver.cpp, line 773]
Event: 4.946 Thread 0x000002a125c87000 Exception <a 'java/lang/NoSuchMethodError'{0x000000008537a1d0}: 'int java.lang.invoke.DirectMethodHandle$Holder.invokeInterface(java.lang.Object, java.lang.Object, java.lang.Object, java.lang.Object)'> (0x000000008537a1d0) thrown at [./src/hotspot/share/interpreter/linkResolver.cpp, line 773]

Events (20 events):
Event: 5.071 loading class com/android/build/gradle/internal/profile/AnalyticsConfiguratorService$createAnalyticsService$2 done
Event: 5.071 loading class com/android/build/gradle/internal/profile/AnalyticsResourceManager$getProjectBuilder$1
Event: 5.071 loading class com/android/build/gradle/internal/profile/AnalyticsResourceManager$getProjectBuilder$1 done
Event: 5.072 loading class com/google/protobuf/Internal$ListAdapter$Converter
Event: 5.072 loading class com/google/protobuf/Internal$ListAdapter$Converter done
Event: 5.072 loading class com/google/wireless/android/sdk/stats/GradleBuildProjectMetricsOrBuilder
Event: 5.072 loading class com/google/wireless/android/sdk/stats/GradleBuildProjectMetricsOrBuilder done
Event: 5.072 loading class com/google/wireless/android/sdk/stats/GradleProjectOptionsSettingsOrBuilder
Event: 5.072 loading class com/google/wireless/android/sdk/stats/GradleProjectOptionsSettingsOrBuilder done
Event: 5.073 loading class com/google/wireless/android/sdk/stats/GradleBuildSplitsOrBuilder
Event: 5.073 loading class com/google/wireless/android/sdk/stats/GradleBuildSplitsOrBuilder done
Event: 5.074 loading class com/google/wireless/android/sdk/stats/ProjectApiUseOrBuilder
Event: 5.074 loading class com/google/wireless/android/sdk/stats/ProjectApiUseOrBuilder done
Event: 5.074 loading class com/google/wireless/android/sdk/stats/GradleBuildProject$1
Event: 5.074 loading class com/google/wireless/android/sdk/stats/GradleBuildProject$1 done
Event: 5.075 loading class com/google/wireless/android/sdk/stats/GradleBuildProject$2
Event: 5.075 loading class com/google/wireless/android/sdk/stats/GradleBuildProject$2 done
Event: 5.075 loading class com/google/wireless/android/sdk/stats/GradleBuildVariant
Event: 5.075 loading class com/google/wireless/android/sdk/stats/GradleBuildVariant done
Event: 5.076 Executing VM operation: G1CollectForAllocation


Dynamic libraries:
0x00007ff762970000 - 0x00007ff76297a000 	C:\Program Files\Android\Android Studio\jre\bin\java.exe
0x00007ff8730b0000 - 0x00007ff8732a5000 	C:\WINDOWS\SYSTEM32\ntdll.dll
0x00007ff8712c0000 - 0x00007ff87137d000 	C:\WINDOWS\System32\KERNEL32.DLL
0x00007ff870b60000 - 0x00007ff870e2d000 	C:\WINDOWS\System32\KERNELBASE.dll
0x00007ff870fd0000 - 0x00007ff8710d0000 	C:\WINDOWS\System32\ucrtbase.dll
0x00007ff86c160000 - 0x00007ff86c177000 	C:\Program Files\Android\Android Studio\jre\bin\VCRUNTIME140.dll
0x00007ff86bfa0000 - 0x00007ff86bfb9000 	C:\Program Files\Android\Android Studio\jre\bin\jli.dll
0x00007ff871380000 - 0x00007ff871520000 	C:\WINDOWS\System32\USER32.dll
0x00007ff857f70000 - 0x00007ff85820a000 	C:\WINDOWS\WinSxS\amd64_microsoft.windows.common-controls_6595b64144ccf1df_6.0.19041.1110_none_60b5254171f9507e\COMCTL32.dll
0x00007ff8710d0000 - 0x00007ff8710f2000 	C:\WINDOWS\System32\win32u.dll
0x00007ff871130000 - 0x00007ff87115a000 	C:\WINDOWS\System32\GDI32.dll
0x00007ff871520000 - 0x00007ff8715be000 	C:\WINDOWS\System32\msvcrt.dll
0x00007ff870a50000 - 0x00007ff870b5b000 	C:\WINDOWS\System32\gdi32full.dll
0x00007ff870920000 - 0x00007ff8709bd000 	C:\WINDOWS\System32\msvcp_win.dll
0x00007ff871100000 - 0x00007ff871130000 	C:\WINDOWS\System32\IMM32.DLL
0x00007ff853a00000 - 0x00007ff853a9d000 	C:\Program Files\Android\Android Studio\jre\bin\msvcp140.dll
0x00007ff820430000 - 0x00007ff820f05000 	C:\Program Files\Android\Android Studio\jre\bin\server\jvm.dll
0x00007ff871210000 - 0x00007ff8712be000 	C:\WINDOWS\System32\ADVAPI32.dll
0x00007ff872d00000 - 0x00007ff872d9c000 	C:\WINDOWS\System32\sechost.dll
0x00007ff872540000 - 0x00007ff872665000 	C:\WINDOWS\System32\RPCRT4.dll
0x00007ff8715c0000 - 0x00007ff8715c8000 	C:\WINDOWS\System32\PSAPI.DLL
0x00007ff867940000 - 0x00007ff867949000 	C:\WINDOWS\SYSTEM32\WSOCK32.dll
0x00007ff869ff0000 - 0x00007ff86a017000 	C:\WINDOWS\SYSTEM32\WINMM.dll
0x00007ff86a4f0000 - 0x00007ff86a4fa000 	C:\WINDOWS\SYSTEM32\VERSION.dll
0x00007ff8724d0000 - 0x00007ff87253b000 	C:\WINDOWS\System32\WS2_32.dll
0x00007ff86f0a0000 - 0x00007ff86f0b2000 	C:\WINDOWS\SYSTEM32\kernel.appcore.dll
0x00007ff858610000 - 0x00007ff858621000 	C:\Program Files\Android\Android Studio\jre\bin\verify.dll
0x00007ff8583c0000 - 0x00007ff8585a4000 	C:\WINDOWS\SYSTEM32\DBGHELP.DLL
0x00007ff857e20000 - 0x00007ff857e4c000 	C:\WINDOWS\SYSTEM32\dbgcore.DLL
0x00007ff8709c0000 - 0x00007ff870a42000 	C:\WINDOWS\System32\bcryptPrimitives.dll
0x00007ff84a500000 - 0x00007ff84a529000 	C:\Program Files\Android\Android Studio\jre\bin\java.dll
0x00007ff861d70000 - 0x00007ff861d7b000 	C:\Program Files\Android\Android Studio\jre\bin\jimage.dll
0x00007ff8582f0000 - 0x00007ff858308000 	C:\Program Files\Android\Android Studio\jre\bin\zip.dll
0x00007ff871d00000 - 0x00007ff872444000 	C:\WINDOWS\System32\SHELL32.dll
0x00007ff86e8a0000 - 0x00007ff86f034000 	C:\WINDOWS\SYSTEM32\windows.storage.dll
0x00007ff8715d0000 - 0x00007ff871924000 	C:\WINDOWS\System32\combase.dll
0x00007ff870150000 - 0x00007ff87017c000 	C:\WINDOWS\SYSTEM32\Wldp.dll
0x00007ff871160000 - 0x00007ff87120d000 	C:\WINDOWS\System32\SHCORE.dll
0x00007ff871ba0000 - 0x00007ff871bf5000 	C:\WINDOWS\System32\shlwapi.dll
0x00007ff870700000 - 0x00007ff87071f000 	C:\WINDOWS\SYSTEM32\profapi.dll
0x00007ff8562c0000 - 0x00007ff8562da000 	C:\Program Files\Android\Android Studio\jre\bin\net.dll
0x00007ff8671e0000 - 0x00007ff8672ea000 	C:\WINDOWS\SYSTEM32\WINHTTP.dll
0x00007ff86feb0000 - 0x00007ff86ff1a000 	C:\WINDOWS\system32\mswsock.dll
0x00007ff8549b0000 - 0x00007ff8549c4000 	C:\Program Files\Android\Android Studio\jre\bin\nio.dll
0x00007ff858340000 - 0x00007ff858367000 	C:\Users\Vik\.gradle\native\e1d6ef7f7dcc3fd88c89a11ec53ec762bb8ba0a96d01ffa2cd45eb1d1d8dd5c5\windows-amd64\native-platform.dll
0x00007ff851b70000 - 0x00007ff851cb4000 	C:\Users\Vik\.gradle\native\5664cfc778a61ccfe75a443a1ab52a65af34e5dc3c78e0209fed803814484fcb\windows-amd64\native-platform-file-events.dll
0x00007ff85b970000 - 0x00007ff85b97a000 	C:\Program Files\Android\Android Studio\jre\bin\management.dll
0x00007ff85b240000 - 0x00007ff85b24d000 	C:\Program Files\Android\Android Studio\jre\bin\management_ext.dll
0x00007ff8700b0000 - 0x00007ff8700c8000 	C:\WINDOWS\SYSTEM32\CRYPTSP.dll
0x00007ff86f830000 - 0x00007ff86f864000 	C:\WINDOWS\system32\rsaenh.dll
0x00007ff870f50000 - 0x00007ff870f77000 	C:\WINDOWS\System32\bcrypt.dll
0x00007ff8706c0000 - 0x00007ff8706ee000 	C:\WINDOWS\SYSTEM32\USERENV.dll
0x00007ff8700a0000 - 0x00007ff8700ac000 	C:\WINDOWS\SYSTEM32\CRYPTBASE.dll
0x00007ff86fba0000 - 0x00007ff86fbdb000 	C:\WINDOWS\SYSTEM32\IPHLPAPI.DLL
0x00007ff871c90000 - 0x00007ff871c98000 	C:\WINDOWS\System32\NSI.dll
0x00007ff86a500000 - 0x00007ff86a517000 	C:\WINDOWS\SYSTEM32\dhcpcsvc6.DLL
0x00007ff86aa00000 - 0x00007ff86aa1d000 	C:\WINDOWS\SYSTEM32\dhcpcsvc.DLL
0x00007ff86fbe0000 - 0x00007ff86fcab000 	C:\WINDOWS\SYSTEM32\DNSAPI.dll

dbghelp: loaded successfully - version: 4.0.5 - missing functions: none
symbol engine: initialized successfully - sym options: 0x614 - pdb path: .;C:\Program Files\Android\Android Studio\jre\bin;C:\WINDOWS\SYSTEM32;C:\WINDOWS\WinSxS\amd64_microsoft.windows.common-controls_6595b64144ccf1df_6.0.19041.1110_none_60b5254171f9507e;C:\Program Files\Android\Android Studio\jre\bin\server;C:\Users\Vik\.gradle\native\e1d6ef7f7dcc3fd88c89a11ec53ec762bb8ba0a96d01ffa2cd45eb1d1d8dd5c5\windows-amd64;C:\Users\Vik\.gradle\native\5664cfc778a61ccfe75a443a1ab52a65af34e5dc3c78e0209fed803814484fcb\windows-amd64

VM Arguments:
jvm_args: --add-opens=java.base/java.util=ALL-UNNAMED --add-opens=java.base/java.lang=ALL-UNNAMED --add-opens=java.base/java.lang.invoke=ALL-UNNAMED --add-opens=java.base/java.util=ALL-UNNAMED --add-opens=java.prefs/java.util.prefs=ALL-UNNAMED --add-opens=java.prefs/java.util.prefs=ALL-UNNAMED --add-opens=java.base/java.nio.charset=ALL-UNNAMED --add-opens=java.base/java.net=ALL-UNNAMED --add-opens=java.base/java.util.concurrent.atomic=ALL-UNNAMED -Xmx2048m -Dfile.encoding=UTF-8 -Duser.country=RU -Duser.language=ru -Duser.variant 
java_command: org.gradle.launcher.daemon.bootstrap.GradleDaemon 7.2
java_class_path (initial): C:\Users\Vik\.gradle\wrapper\dists\gradle-7.2-bin\2dnblmf4td7x66yl1d74lt32g\gradle-7.2\lib\gradle-launcher-7.2.jar
Launcher Type: SUN_STANDARD

[Global flags]
     intx CICompilerCount                          = 3                                         {product} {ergonomic}
     uint ConcGCThreads                            = 1                                         {product} {ergonomic}
     uint G1ConcRefinementThreads                  = 4                                         {product} {ergonomic}
   size_t G1HeapRegionSize                         = 1048576                                   {product} {ergonomic}
    uintx GCDrainStackTargetSize                   = 64                                        {product} {ergonomic}
   size_t InitialHeapSize                          = 134217728                                 {product} {ergonomic}
   size_t MarkStackSize                            = 4194304                                   {product} {ergonomic}
   size_t MaxHeapSize                              = 2147483648                                {product} {command line}
   size_t MaxNewSize                               = 1287651328                                {product} {ergonomic}
   size_t MinHeapDeltaBytes                        = 1048576                                   {product} {ergonomic}
    uintx NonNMethodCodeHeapSize                   = 5830732                                {pd product} {ergonomic}
    uintx NonProfiledCodeHeapSize                  = 122913754                              {pd product} {ergonomic}
    uintx ProfiledCodeHeapSize                     = 122913754                              {pd product} {ergonomic}
    uintx ReservedCodeCacheSize                    = 251658240                              {pd product} {ergonomic}
     bool SegmentedCodeCache                       = true                                      {product} {ergonomic}
     bool UseCompressedClassPointers               = true                                 {lp64_product} {ergonomic}
     bool UseCompressedOops                        = true                                 {lp64_product} {ergonomic}
     bool UseG1GC                                  = true                                      {product} {ergonomic}
     bool UseLargePagesIndividualAllocation        = false                                  {pd product} {ergonomic}

Logging:
Log output configuration:
 #0: stdout all=warning uptime,level,tags
 #1: stderr all=off uptime,level,tags

Environment Variables:
JAVA_HOME=c:\Program Files\Java\jdk-16.0.2
PATH=C:\Program Files\Common Files\Oracle\Java\javapath;C:\Program Files (x86)\Common Files\Oracle\Java\javapath;C:\ProgramData\Oracle\Java\javapath;C:\Windows\system32;C:\Windows;C:\Windows\System32\Wbem;C:\Windows\System32\WindowsPowerShell\v1.0\;C:\Program Files\Java\jdk-16.0.2\bin\;C:\WINDOWS\system32;C:\WINDOWS;C:\WINDOWS\System32\Wbem;C:\WINDOWS\System32\WindowsPowerShell\v1.0\;C:\WINDOWS\System32\OpenSSH\;C:\Program Files\dotnet\;C:\Program Files\Git\cmd;C:\Program Files (x86)\NVIDIA Corporation\PhysX\Common;C:\Users\Vik\AppData\Local\Microsoft\WindowsApps;C:\Program Files\JetBrains\IntelliJ IDEA Community Edition 2021.3\bin;C:\Users\Vik\AppData\Local\GitHubDesktop\bin;C:\Users\Vik\AppData\Local\gitkraken\bin
USERNAME=Vik
OS=Windows_NT
PROCESSOR_IDENTIFIER=Intel64 Family 6 Model 60 Stepping 3, GenuineIntel



---------------  S Y S T E M  ---------------

OS: Windows 10 , 64 bit Build 19041 (10.0.19041.1706)
OS uptime: 0 days 20:37 hours

CPU:total 4 (initial active 4) (4 cores per cpu, 1 threads per core) family 6 model 60 stepping 3 microcode 0x27, cmov, cx8, fxsr, mmx, sse, sse2, sse3, ssse3, sse4.1, sse4.2, popcnt, avx, avx2, aes, clmul, erms, lzcnt, tsc, tscinvbit, bmi1, bmi2, fma

Memory: 4k page, system-wide physical 8128M (807M free)
TotalPageFile size 10528M (AvailPageFile size 5M)
current process WorkingSet (physical memory assigned to process): 335M, peak: 335M
current process commit charge ("private bytes"): 377M, peak: 408M

vm_info: OpenJDK 64-Bit Server VM (11.0.11+9-b60-7590822) for windows-amd64 JRE (11.0.11+9-b60-7590822), built on Jul 29 2021 21:43:44 by "builder" with MS VC++ 14.0 (VS2015)

END.
