#
# There is insufficient memory for the Java Runtime Environment to continue.
# Native memory allocation (mmap) failed to map 32505856 bytes for Failed to commit area from 0x0000000089a00000 to 0x000000008b900000 of length 32505856.
# Possible reasons:
#   The system is out of physical RAM or swap space
#   The process is running with CompressedOops enabled, and the Java Heap may be blocking the growth of the native heap
# Possible solutions:
#   Reduce memory load on the system
#   Increase physical memory or swap space
#   Check if swap backing store is full
#   Decrease Java heap size (-Xmx/-Xms)
#   Decrease number of Java threads
#   Decrease Java thread stack sizes (-Xss)
#   Set larger code cache with -XX:ReservedCodeCacheSize=
#   JVM is running with Unscaled Compressed Oops mode in which the Java heap is
#     placed in the first 4GB address space. The Java Heap base address is the
#     maximum limit for the native heap growth. Please use -XX:HeapBaseMinAddress
#     to set the Java Heap base and to place the Java Heap above 4GB virtual address.
# This output file may be truncated or incomplete.
#
#  Out of Memory Error (./src/hotspot/os/windows/os_windows.cpp:3301), pid=8596, tid=10028
#
# JRE version: OpenJDK Runtime Environment (11.0.11+9) (build 11.0.11+9-b60-7590822)
# Java VM: OpenJDK 64-Bit Server VM (11.0.11+9-b60-7590822, mixed mode, tiered, compressed oops, g1 gc, windows-amd64)
# No core dump will be written. Minidumps are not enabled by default on client versions of Windows
#

---------------  S U M M A R Y ------------

Command Line: --add-opens=java.base/java.util=ALL-UNNAMED --add-opens=java.base/java.lang=ALL-UNNAMED --add-opens=java.base/java.lang.invoke=ALL-UNNAMED --add-opens=java.base/java.util=ALL-UNNAMED --add-opens=java.prefs/java.util.prefs=ALL-UNNAMED --add-opens=java.prefs/java.util.prefs=ALL-UNNAMED --add-opens=java.base/java.nio.charset=ALL-UNNAMED --add-opens=java.base/java.net=ALL-UNNAMED --add-opens=java.base/java.util.concurrent.atomic=ALL-UNNAMED -Xmx2048m -Dfile.encoding=UTF-8 -Duser.country=RU -Duser.language=ru -Duser.variant org.gradle.launcher.daemon.bootstrap.GradleDaemon 7.2

Host: Intel(R) Core(TM) i5-4690 CPU @ 3.50GHz, 4 cores, 7G,  Windows 10 , 64 bit Build 19041 (10.0.19041.1706)
Time: Tue May 24 20:39:45 2022 Финляндия (лето) elapsed time: 4.628853 seconds (0d 0h 0m 4s)

---------------  T H R E A D  ---------------

Current thread (0x000002497ee3b800):  VMThread "VM Thread" [stack: 0x000000b89e800000,0x000000b89e900000] [id=10028]

Stack: [0x000000b89e800000,0x000000b89e900000]
[error occurred during error reporting (printing stack bounds), id 0xc0000005, EXCEPTION_ACCESS_VIOLATION (0xc0000005) at pc=0x0000024903a20f2d]

Native frames: (J=compiled Java code, j=interpreted, Vv=VM code, C=native code)
V  [jvm.dll+0x5f214a]
V  [jvm.dll+0x726fb5]
V  [jvm.dll+0x7285cd]
V  [jvm.dll+0x728be5]
V  [jvm.dll+0x728b9b]
V  [jvm.dll+0x5f14e8]
V  [jvm.dll+0x5f1c78]
C  [ntdll.dll+0xa209f]
C  [ntdll.dll+0x51454]
C  [ntdll.dll+0xa0bce]
C  0x0000024903a20f2d

VM_Operation (0x000000b89fceb4b0): G1CollectForAllocation, mode: safepoint, requested by thread 0x0000024919da9800


---------------  P R O C E S S  ---------------

Threads class SMR info:
_java_thread_list=0x000002491d7b4d30, length=78, elements={
0x000002497dc7c000, 0x000002497ee3f800, 0x000002497ee4d000, 0x000002497ee60800,
0x000002497ee62800, 0x000002497ee64000, 0x000002497ee65000, 0x000002497ee74800,
0x000002497ee78000, 0x000002497f93a800, 0x000002497fb9d000, 0x000002491a181800,
0x0000024919894000, 0x000002491ae0c800, 0x0000024919266800, 0x000002491af94800,
0x000002491a80e000, 0x0000024919da9800, 0x000002491a8e3000, 0x000002491a0e1800,
0x000002491b1bd000, 0x000002491b1bd800, 0x000002491b1bc000, 0x000002491b1bb000,
0x000002491c3b0000, 0x000002491c3b2800, 0x000002491c3b3800, 0x000002491c3b1000,
0x000002491c3ae800, 0x000002491c3b1800, 0x000002491c3ad800, 0x000002491c3b5000,
0x000002491c3af800, 0x000002491c3b7800, 0x000002491c3bb800, 0x000002491c3bc800,
0x000002491c3b8800, 0x000002491c3b9000, 0x000002491c3ba000, 0x000002491c6fb000,
0x000002491c6ff800, 0x000002491c6fc800, 0x000002491c701800, 0x000002491c6fb800,
0x000002491c702000, 0x000002491c703000, 0x000002491c6fd800, 0x000002491c700800,
0x000002491c6ff000, 0x000002491c6fe000, 0x000002491c706800, 0x000002491c707000,
0x000002491c704000, 0x000002491c708800, 0x000002491c708000, 0x000002491c704800,
0x000002491c705800, 0x000002491c709800, 0x000002491d3d3000, 0x000002491d3d5800,
0x000002491d3d3800, 0x000002491d3d6000, 0x000002491d3d4800, 0x000002491d3d7000,
0x000002491d3d1000, 0x000002491d3d8000, 0x000002491d3d2000, 0x000002491d3dc800,
0x000002491d3d9800, 0x000002491d3da000, 0x000002491d3db000, 0x000002491d3dd800,
0x000002491d3d8800, 0x000002491d3de800, 0x000002491d3dc000, 0x000002491d3df000,
0x000002491d3e0000, 0x000002491d625000
}

Java Threads: ( => current thread )
  0x000002497dc7c000 JavaThread "main" [_thread_blocked, id=4576, stack(0x000000b89e200000,0x000000b89e300000)]
  0x000002497ee3f800 JavaThread "Reference Handler" daemon [_thread_blocked, id=8244, stack(0x000000b89e900000,0x000000b89ea00000)]
  0x000002497ee4d000 JavaThread "Finalizer" daemon [_thread_blocked, id=1100, stack(0x000000b89ea00000,0x000000b89eb00000)]
  0x000002497ee60800 JavaThread "Signal Dispatcher" daemon [_thread_blocked, id=10864, stack(0x000000b89eb00000,0x000000b89ec00000)]
  0x000002497ee62800 JavaThread "Attach Listener" daemon [_thread_blocked, id=11764, stack(0x000000b89ec00000,0x000000b89ed00000)]
  0x000002497ee64000 JavaThread "Service Thread" daemon [_thread_blocked, id=9500, stack(0x000000b89ed00000,0x000000b89ee00000)]
  0x000002497ee65000 JavaThread "C2 CompilerThread0" daemon [_thread_blocked, id=4396, stack(0x000000b89ee00000,0x000000b89ef00000)]
  0x000002497ee74800 JavaThread "C1 CompilerThread0" daemon [_thread_blocked, id=3772, stack(0x000000b89ef00000,0x000000b89f000000)]
  0x000002497ee78000 JavaThread "Sweeper thread" daemon [_thread_blocked, id=380, stack(0x000000b89f000000,0x000000b89f100000)]
  0x000002497f93a800 JavaThread "Common-Cleaner" daemon [_thread_blocked, id=9816, stack(0x000000b89f100000,0x000000b89f200000)]
  0x000002497fb9d000 JavaThread "C2 CompilerThread1" daemon [_thread_blocked, id=9876, stack(0x000000b89f300000,0x000000b89f400000)]
  0x000002491a181800 JavaThread "Daemon health stats" [_thread_blocked, id=9380, stack(0x000000b89f600000,0x000000b89f700000)]
  0x0000024919894000 JavaThread "Incoming local TCP Connector on port 60964" [_thread_in_native, id=948, stack(0x000000b89f700000,0x000000b89f800000)]
  0x000002491ae0c800 JavaThread "Daemon periodic checks" [_thread_blocked, id=12248, stack(0x000000b89f800000,0x000000b89f900000)]
  0x0000024919266800 JavaThread "Daemon" [_thread_blocked, id=9776, stack(0x000000b89f900000,0x000000b89fa00000)]
  0x000002491af94800 JavaThread "Handler for socket connection from /127.0.0.1:60964 to /127.0.0.1:60965" [_thread_in_native, id=5288, stack(0x000000b89fa00000,0x000000b89fb00000)]
  0x000002491a80e000 JavaThread "Cancel handler" [_thread_blocked, id=8580, stack(0x000000b89fb00000,0x000000b89fc00000)]
  0x0000024919da9800 JavaThread "Daemon worker" [_thread_blocked, id=9372, stack(0x000000b89fc00000,0x000000b89fd00000)]
  0x000002491a8e3000 JavaThread "Asynchronous log dispatcher for DefaultDaemonConnection: socket connection from /127.0.0.1:60964 to /127.0.0.1:60965" [_thread_blocked, id=8208, stack(0x000000b89fd00000,0x000000b89fe00000)]
  0x000002491a0e1800 JavaThread "Stdin handler" [_thread_blocked, id=11180, stack(0x000000b89fe00000,0x000000b89ff00000)]
  0x000002491b1bd000 JavaThread "Daemon client event forwarder" [_thread_blocked, id=6884, stack(0x000000b89ff00000,0x000000b8a0000000)]
  0x000002491b1bd800 JavaThread "Cache worker for journal cache (C:\Users\Vik\.gradle\caches\journal-1)" [_thread_blocked, id=128, stack(0x000000b8a0100000,0x000000b8a0200000)]
  0x000002491b1bc000 JavaThread "File lock request listener" [_thread_in_native, id=668, stack(0x000000b8a0200000,0x000000b8a0300000)]
  0x000002491b1bb000 JavaThread "Cache worker for file hash cache (C:\Users\Vik\.gradle\caches\7.2\fileHashes)" [_thread_blocked, id=6324, stack(0x000000b8a0300000,0x000000b8a0400000)]
  0x000002491c3b0000 JavaThread "Cache worker for file hash cache (D:\AndroidStudioProjects\KotlinLesson\SearchMovies\.gradle\7.2\fileHashes)" [_thread_blocked, id=4132, stack(0x000000b8a0400000,0x000000b8a0500000)]
  0x000002491c3b2800 JavaThread "File watcher server" daemon [_thread_in_native, id=9552, stack(0x000000b8a0500000,0x000000b8a0600000)]
  0x000002491c3b3800 JavaThread "File watcher consumer" daemon [_thread_blocked, id=4652, stack(0x000000b8a0600000,0x000000b8a0700000)]
  0x000002491c3b1000 JavaThread "Cache worker for checksums cache (D:\AndroidStudioProjects\KotlinLesson\SearchMovies\.gradle\checksums)" [_thread_blocked, id=4720, stack(0x000000b8a0700000,0x000000b8a0800000)]
  0x000002491c3ae800 JavaThread "Cache worker for cache directory md-supplier (C:\Users\Vik\.gradle\caches\7.2\md-supplier)" [_thread_blocked, id=8416, stack(0x000000b8a0800000,0x000000b8a0900000)]
  0x000002491c3b1800 JavaThread "Cache worker for cache directory md-rule (C:\Users\Vik\.gradle\caches\7.2\md-rule)" [_thread_blocked, id=8292, stack(0x000000b8a0900000,0x000000b8a0a00000)]
  0x000002491c3ad800 JavaThread "Cache worker for execution history cache (C:\Users\Vik\.gradle\caches\7.2\executionHistory)" [_thread_blocked, id=11576, stack(0x000000b8a0a00000,0x000000b8a0b00000)]
  0x000002491c3b5000 JavaThread "jar transforms" [_thread_blocked, id=11912, stack(0x000000b8a0b00000,0x000000b8a0c00000)]
  0x000002491c3af800 JavaThread "Cache worker for file content cache (C:\Users\Vik\.gradle\caches\7.2\fileContent)" [_thread_blocked, id=6796, stack(0x000000b8a0c00000,0x000000b8a0d00000)]
  0x000002491c3b7800 JavaThread "jar transforms Thread 2" [_thread_blocked, id=11964, stack(0x000000b8a0d00000,0x000000b8a0e00000)]
  0x000002491c3bb800 JavaThread "Cache worker for dependencies-accessors (D:\AndroidStudioProjects\KotlinLesson\SearchMovies\.gradle\7.2\dependencies-accessors)" [_thread_blocked, id=9176, stack(0x000000b8a0e00000,0x000000b8a0f00000)]
  0x000002491c3bc800 JavaThread "jar transforms Thread 3" [_thread_blocked, id=6272, stack(0x000000b8a0f00000,0x000000b8a1000000)]
  0x000002491c3b8800 JavaThread "Cache worker for Build Output Cleanup Cache (D:\AndroidStudioProjects\KotlinLesson\SearchMovies\.gradle\buildOutputCleanup)" [_thread_blocked, id=7704, stack(0x000000b8a1000000,0x000000b8a1100000)]
  0x000002491c3b9000 JavaThread "Unconstrained build operations" [_thread_blocked, id=6452, stack(0x000000b8a1100000,0x000000b8a1200000)]
  0x000002491c3ba000 JavaThread "Unconstrained build operations Thread 2" [_thread_blocked, id=4204, stack(0x000000b8a1200000,0x000000b8a1300000)]
  0x000002491c6fb000 JavaThread "Unconstrained build operations Thread 3" [_thread_blocked, id=7248, stack(0x000000b8a1300000,0x000000b8a1400000)]
  0x000002491c6ff800 JavaThread "Unconstrained build operations Thread 4" [_thread_blocked, id=7044, stack(0x000000b8a1400000,0x000000b8a1500000)]
  0x000002491c6fc800 JavaThread "Unconstrained build operations Thread 5" [_thread_blocked, id=12116, stack(0x000000b8a1500000,0x000000b8a1600000)]
  0x000002491c701800 JavaThread "Unconstrained build operations Thread 6" [_thread_blocked, id=11088, stack(0x000000b8a1600000,0x000000b8a1700000)]
  0x000002491c6fb800 JavaThread "Unconstrained build operations Thread 7" [_thread_blocked, id=13024, stack(0x000000b8a1700000,0x000000b8a1800000)]
  0x000002491c702000 JavaThread "Unconstrained build operations Thread 8" [_thread_blocked, id=1000, stack(0x000000b8a1800000,0x000000b8a1900000)]
  0x000002491c703000 JavaThread "Unconstrained build operations Thread 9" [_thread_blocked, id=5500, stack(0x000000b8a1900000,0x000000b8a1a00000)]
  0x000002491c6fd800 JavaThread "Unconstrained build operations Thread 10" [_thread_blocked, id=12992, stack(0x000000b8a1a00000,0x000000b8a1b00000)]
  0x000002491c700800 JavaThread "Unconstrained build operations Thread 11" [_thread_blocked, id=5892, stack(0x000000b8a1b00000,0x000000b8a1c00000)]
  0x000002491c6ff000 JavaThread "Unconstrained build operations Thread 12" [_thread_blocked, id=11268, stack(0x000000b8a1c00000,0x000000b8a1d00000)]
  0x000002491c6fe000 JavaThread "Unconstrained build operations Thread 13" [_thread_blocked, id=11584, stack(0x000000b8a1d00000,0x000000b8a1e00000)]
  0x000002491c706800 JavaThread "Unconstrained build operations Thread 14" [_thread_blocked, id=11624, stack(0x000000b8a1e00000,0x000000b8a1f00000)]
  0x000002491c707000 JavaThread "Unconstrained build operations Thread 15" [_thread_blocked, id=3988, stack(0x000000b8a1f00000,0x000000b8a2000000)]
  0x000002491c704000 JavaThread "Unconstrained build operations Thread 16" [_thread_blocked, id=1344, stack(0x000000b8a2000000,0x000000b8a2100000)]
  0x000002491c708800 JavaThread "Unconstrained build operations Thread 17" [_thread_blocked, id=2964, stack(0x000000b8a2100000,0x000000b8a2200000)]
  0x000002491c708000 JavaThread "Unconstrained build operations Thread 18" [_thread_blocked, id=10356, stack(0x000000b8a2200000,0x000000b8a2300000)]
  0x000002491c704800 JavaThread "Unconstrained build operations Thread 19" [_thread_blocked, id=9768, stack(0x000000b8a2300000,0x000000b8a2400000)]
  0x000002491c705800 JavaThread "Unconstrained build operations Thread 20" [_thread_blocked, id=2704, stack(0x000000b8a2400000,0x000000b8a2500000)]
  0x000002491c709800 JavaThread "Unconstrained build operations Thread 21" [_thread_blocked, id=10924, stack(0x000000b8a2500000,0x000000b8a2600000)]
  0x000002491d3d3000 JavaThread "Unconstrained build operations Thread 22" [_thread_blocked, id=10536, stack(0x000000b8a2600000,0x000000b8a2700000)]
  0x000002491d3d5800 JavaThread "Unconstrained build operations Thread 23" [_thread_blocked, id=1324, stack(0x000000b8a2700000,0x000000b8a2800000)]
  0x000002491d3d3800 JavaThread "Unconstrained build operations Thread 24" [_thread_blocked, id=5128, stack(0x000000b8a2800000,0x000000b8a2900000)]
  0x000002491d3d6000 JavaThread "Unconstrained build operations Thread 25" [_thread_blocked, id=9084, stack(0x000000b8a2900000,0x000000b8a2a00000)]
  0x000002491d3d4800 JavaThread "Unconstrained build operations Thread 26" [_thread_blocked, id=3884, stack(0x000000b8a2a00000,0x000000b8a2b00000)]
  0x000002491d3d7000 JavaThread "Unconstrained build operations Thread 27" [_thread_blocked, id=12452, stack(0x000000b8a2b00000,0x000000b8a2c00000)]
  0x000002491d3d1000 JavaThread "Unconstrained build operations Thread 28" [_thread_blocked, id=10892, stack(0x000000b8a2c00000,0x000000b8a2d00000)]
  0x000002491d3d8000 JavaThread "Unconstrained build operations Thread 29" [_thread_blocked, id=2408, stack(0x000000b8a2d00000,0x000000b8a2e00000)]
  0x000002491d3d2000 JavaThread "Unconstrained build operations Thread 30" [_thread_blocked, id=10284, stack(0x000000b8a2e00000,0x000000b8a2f00000)]
  0x000002491d3dc800 JavaThread "Unconstrained build operations Thread 31" [_thread_blocked, id=11440, stack(0x000000b8a2f00000,0x000000b8a3000000)]
  0x000002491d3d9800 JavaThread "Unconstrained build operations Thread 32" [_thread_blocked, id=9812, stack(0x000000b8a3000000,0x000000b8a3100000)]
  0x000002491d3da000 JavaThread "Unconstrained build operations Thread 33" [_thread_blocked, id=8532, stack(0x000000b8a3100000,0x000000b8a3200000)]
  0x000002491d3db000 JavaThread "Unconstrained build operations Thread 34" [_thread_blocked, id=5312, stack(0x000000b8a3200000,0x000000b8a3300000)]
  0x000002491d3dd800 JavaThread "Unconstrained build operations Thread 35" [_thread_blocked, id=3964, stack(0x000000b8a3300000,0x000000b8a3400000)]
  0x000002491d3d8800 JavaThread "Unconstrained build operations Thread 36" [_thread_blocked, id=7656, stack(0x000000b8a3400000,0x000000b8a3500000)]
  0x000002491d3de800 JavaThread "Unconstrained build operations Thread 37" [_thread_blocked, id=13300, stack(0x000000b8a3500000,0x000000b8a3600000)]
  0x000002491d3dc000 JavaThread "Unconstrained build operations Thread 38" [_thread_blocked, id=2632, stack(0x000000b8a3600000,0x000000b8a3700000)]
  0x000002491d3df000 JavaThread "Unconstrained build operations Thread 39" [_thread_blocked, id=12064, stack(0x000000b8a3700000,0x000000b8a3800000)]
  0x000002491d3e0000 JavaThread "Unconstrained build operations Thread 40" [_thread_blocked, id=10836, stack(0x000000b8a3800000,0x000000b8a3900000)]
  0x000002491d625000 JavaThread "jar transforms Thread 4" [_thread_blocked, id=5736, stack(0x000000b8a3900000,0x000000b8a3a00000)]

Other Threads:
=>0x000002497ee3b800 VMThread "VM Thread" [stack: 0x000000b89e800000,0x000000b89e900000] [id=10028]
  0x000002497f962800 WatcherThread [stack: 0x000000b89f200000,0x000000b89f300000] [id=11468]
  0x000002497dc94000 GCTaskThread "GC Thread#0" [stack: 0x000000b89e300000,0x000000b89e400000] [id=11028]
  0x00000249190a1800 GCTaskThread "GC Thread#1" [stack: 0x000000b89f400000,0x000000b89f500000] [id=9376]
  0x0000024919414000 GCTaskThread "GC Thread#2" [stack: 0x000000b89f500000,0x000000b89f600000] [id=7928]
  0x000002491a585800 GCTaskThread "GC Thread#3" [stack: 0x000000b8a0000000,0x000000b8a0100000] [id=13020]
  0x000002497dcc7800 ConcurrentGCThread "G1 Main Marker" [stack: 0x000000b89e400000,0x000000b89e500000] [id=1580]
  0x000002497dcc8800 ConcurrentGCThread "G1 Conc#0" [stack: 0x000000b89e500000,0x000000b89e600000] [id=11836]
  0x000002497dd54000 ConcurrentGCThread "G1 Refine#0" [stack: 0x000000b89e600000,0x000000b89e700000] [id=4680]
  0x000002497dd55000 ConcurrentGCThread "G1 Young RemSet Sampling" [stack: 0x000000b89e700000,0x000000b89e800000] [id=9316]

Threads with active compile tasks:
C2 CompilerThread0   4640 5404       4       java.lang.ClassLoader::defineClass (43 bytes)
C2 CompilerThread1   4640 5421       4       java.util.zip.ZipFile$InflaterCleanupAction::run (12 bytes)

VM state:at safepoint (normal execution)

VM Mutex/Monitor currently owned by a thread:  ([mutex/lock_event])
[0x000002497dc70870] Threads_lock - owner thread: 0x000002497ee3b800
[0x000002497dc79530] Heap_lock - owner thread: 0x0000024919da9800

Heap address: 0x0000000080000000, size: 2048 MB, Compressed Oops mode: 32-bit
Narrow klass base: 0x0000000000000000, Narrow klass shift: 3
Compressed class space size: 1073741824 Address: 0x0000000100000000

Heap:
 garbage-first heap   total 189440K, used 50324K [0x0000000080000000, 0x0000000100000000)
  region size 1024K, 11 young (11264K), 11 survivors (11264K)
 Metaspace       used 49606K, capacity 50903K, committed 51152K, reserved 1093632K
  class space    used 6309K, capacity 6798K, committed 6912K, reserved 1048576K
Heap Regions: E=young(eden), S=young(survivor), O=old, HS=humongous(starts), HC=humongous(continues), CS=collection set, F=free, A=archive, TAMS=top-at-mark-start (previous, next)
|   0|0x0000000080000000, 0x0000000080100000, 0x0000000080100000|100%| O|  |TAMS 0x0000000080100000, 0x0000000080000000| Untracked 
|   1|0x0000000080100000, 0x0000000080200000, 0x0000000080200000|100%| O|  |TAMS 0x0000000080200000, 0x0000000080100000| Untracked 
|   2|0x0000000080200000, 0x0000000080300000, 0x0000000080300000|100%| O|  |TAMS 0x0000000080300000, 0x0000000080200000| Untracked 
|   3|0x0000000080300000, 0x0000000080400000, 0x0000000080400000|100%|HS|  |TAMS 0x0000000080400000, 0x0000000080300000| Complete 
|   4|0x0000000080400000, 0x0000000080500000, 0x0000000080500000|100%|HC|  |TAMS 0x0000000080500000, 0x0000000080400000| Complete 
|   5|0x0000000080500000, 0x0000000080600000, 0x0000000080600000|100%|HC|  |TAMS 0x0000000080600000, 0x0000000080500000| Complete 
|   6|0x0000000080600000, 0x0000000080700000, 0x0000000080700000|100%| O|  |TAMS 0x0000000080700000, 0x0000000080600000| Untracked 
|   7|0x0000000080700000, 0x0000000080800000, 0x0000000080800000|100%| O|  |TAMS 0x0000000080800000, 0x0000000080700000| Untracked 
|   8|0x0000000080800000, 0x0000000080900000, 0x0000000080900000|100%| O|  |TAMS 0x0000000080900000, 0x0000000080800000| Untracked 
|   9|0x0000000080900000, 0x0000000080a00000, 0x0000000080a00000|100%| O|  |TAMS 0x0000000080a00000, 0x0000000080900000| Untracked 
|  10|0x0000000080a00000, 0x0000000080b00000, 0x0000000080b00000|100%| O|  |TAMS 0x0000000080b00000, 0x0000000080a00000| Untracked 
|  11|0x0000000080b00000, 0x0000000080c00000, 0x0000000080c00000|100%| O|  |TAMS 0x0000000080c00000, 0x0000000080b00000| Untracked 
|  12|0x0000000080c00000, 0x0000000080d00000, 0x0000000080d00000|100%| O|  |TAMS 0x0000000080d00000, 0x0000000080c00000| Untracked 
|  13|0x0000000080d00000, 0x0000000080e00000, 0x0000000080e00000|100%| O|  |TAMS 0x0000000080e00000, 0x0000000080d00000| Untracked 
|  14|0x0000000080e00000, 0x0000000080f00000, 0x0000000080f00000|100%| O|  |TAMS 0x0000000080f00000, 0x0000000080e00000| Untracked 
|  15|0x0000000080f00000, 0x0000000081000000, 0x0000000081000000|100%| O|  |TAMS 0x0000000081000000, 0x0000000080f00000| Untracked 
|  16|0x0000000081000000, 0x0000000081100000, 0x0000000081100000|100%| O|  |TAMS 0x000000008107b400, 0x0000000081000000| Untracked 
|  17|0x0000000081100000, 0x0000000081200000, 0x0000000081200000|100%|HS|  |TAMS 0x0000000081100000, 0x0000000081100000| Complete 
|  18|0x0000000081200000, 0x0000000081300000, 0x0000000081300000|100%| O|  |TAMS 0x0000000081200000, 0x0000000081200000| Untracked 
|  19|0x0000000081300000, 0x0000000081400000, 0x0000000081400000|100%| O|  |TAMS 0x0000000081300000, 0x0000000081300000| Untracked 
|  20|0x0000000081400000, 0x0000000081500000, 0x0000000081500000|100%| O|  |TAMS 0x0000000081400000, 0x0000000081400000| Untracked 
|  21|0x0000000081500000, 0x0000000081600000, 0x0000000081600000|100%| O|  |TAMS 0x0000000081500000, 0x0000000081500000| Untracked 
|  22|0x0000000081600000, 0x0000000081700000, 0x0000000081700000|100%| O|  |TAMS 0x0000000081600000, 0x0000000081600000| Untracked 
|  23|0x0000000081700000, 0x0000000081800000, 0x0000000081800000|100%| O|  |TAMS 0x0000000081700000, 0x0000000081700000| Untracked 
|  24|0x0000000081800000, 0x0000000081900000, 0x0000000081900000|100%|HS|  |TAMS 0x0000000081800000, 0x0000000081800000| Complete 
|  25|0x0000000081900000, 0x0000000081a00000, 0x0000000081a00000|100%|HS|  |TAMS 0x0000000081900000, 0x0000000081900000| Complete 
|  26|0x0000000081a00000, 0x0000000081b00000, 0x0000000081b00000|100%|HS|  |TAMS 0x0000000081a00000, 0x0000000081a00000| Complete 
|  27|0x0000000081b00000, 0x0000000081c00000, 0x0000000081c00000|100%|HS|  |TAMS 0x0000000081b00000, 0x0000000081b00000| Complete 
|  28|0x0000000081c00000, 0x0000000081d00000, 0x0000000081d00000|100%|HC|  |TAMS 0x0000000081c00000, 0x0000000081c00000| Complete 
|  29|0x0000000081d00000, 0x0000000081e00000, 0x0000000081e00000|100%|HC|  |TAMS 0x0000000081d00000, 0x0000000081d00000| Complete 
|  30|0x0000000081e00000, 0x0000000081f00000, 0x0000000081f00000|100%|HS|  |TAMS 0x0000000081e00000, 0x0000000081e00000| Complete 
|  31|0x0000000081f00000, 0x0000000082000000, 0x0000000082000000|100%|HC|  |TAMS 0x0000000081f00000, 0x0000000081f00000| Complete 
|  32|0x0000000082000000, 0x0000000082100000, 0x0000000082100000|100%| O|  |TAMS 0x0000000082000000, 0x0000000082000000| Untracked 
|  33|0x0000000082100000, 0x0000000082200000, 0x0000000082200000|100%| O|  |TAMS 0x0000000082100000, 0x0000000082100000| Untracked 
|  34|0x0000000082200000, 0x0000000082300000, 0x0000000082300000|100%| O|  |TAMS 0x0000000082200000, 0x0000000082200000| Untracked 
|  35|0x0000000082300000, 0x0000000082400000, 0x0000000082400000|100%| O|  |TAMS 0x0000000082300000, 0x0000000082300000| Untracked 
|  36|0x0000000082400000, 0x0000000082500000, 0x0000000082500000|100%| O|  |TAMS 0x0000000082400000, 0x0000000082400000| Untracked 
|  37|0x0000000082500000, 0x0000000082600000, 0x0000000082600000|100%| O|  |TAMS 0x0000000082500000, 0x0000000082500000| Untracked 
|  38|0x0000000082600000, 0x0000000082625200, 0x0000000082700000| 14%| O|  |TAMS 0x0000000082600000, 0x0000000082600000| Untracked 
|  39|0x0000000082700000, 0x0000000082700000, 0x0000000082800000|  0%| F|  |TAMS 0x0000000082700000, 0x0000000082700000| Untracked 
|  40|0x0000000082800000, 0x0000000082800000, 0x0000000082900000|  0%| F|  |TAMS 0x0000000082800000, 0x0000000082800000| Untracked 
|  41|0x0000000082900000, 0x0000000082900000, 0x0000000082a00000|  0%| F|  |TAMS 0x0000000082900000, 0x0000000082900000| Untracked 
|  42|0x0000000082a00000, 0x0000000082a00000, 0x0000000082b00000|  0%| F|  |TAMS 0x0000000082a00000, 0x0000000082a00000| Untracked 
|  43|0x0000000082b00000, 0x0000000082b00000, 0x0000000082c00000|  0%| F|  |TAMS 0x0000000082b00000, 0x0000000082b00000| Untracked 
|  44|0x0000000082c00000, 0x0000000082c00000, 0x0000000082d00000|  0%| F|  |TAMS 0x0000000082c00000, 0x0000000082c00000| Untracked 
|  45|0x0000000082d00000, 0x0000000082d00000, 0x0000000082e00000|  0%| F|  |TAMS 0x0000000082d00000, 0x0000000082d00000| Untracked 
|  46|0x0000000082e00000, 0x0000000082e00000, 0x0000000082f00000|  0%| F|  |TAMS 0x0000000082e00000, 0x0000000082e00000| Untracked 
|  47|0x0000000082f00000, 0x0000000082f00000, 0x0000000083000000|  0%| F|  |TAMS 0x0000000082f00000, 0x0000000082f00000| Untracked 
|  48|0x0000000083000000, 0x0000000083000000, 0x0000000083100000|  0%| F|  |TAMS 0x0000000083000000, 0x0000000083000000| Untracked 
|  49|0x0000000083100000, 0x0000000083100000, 0x0000000083200000|  0%| F|  |TAMS 0x0000000083100000, 0x0000000083100000| Untracked 
|  50|0x0000000083200000, 0x0000000083200000, 0x0000000083300000|  0%| F|  |TAMS 0x0000000083200000, 0x0000000083200000| Untracked 
|  51|0x0000000083300000, 0x0000000083300000, 0x0000000083400000|  0%| F|  |TAMS 0x0000000083300000, 0x0000000083300000| Untracked 
|  52|0x0000000083400000, 0x0000000083400000, 0x0000000083500000|  0%| F|  |TAMS 0x0000000083400000, 0x0000000083400000| Untracked 
|  53|0x0000000083500000, 0x0000000083500000, 0x0000000083600000|  0%| F|  |TAMS 0x0000000083500000, 0x0000000083500000| Untracked 
|  54|0x0000000083600000, 0x0000000083600000, 0x0000000083700000|  0%| F|  |TAMS 0x0000000083600000, 0x0000000083600000| Untracked 
|  55|0x0000000083700000, 0x0000000083700000, 0x0000000083800000|  0%| F|  |TAMS 0x0000000083700000, 0x0000000083700000| Untracked 
|  56|0x0000000083800000, 0x0000000083800000, 0x0000000083900000|  0%| F|  |TAMS 0x0000000083800000, 0x0000000083800000| Untracked 
|  57|0x0000000083900000, 0x0000000083900000, 0x0000000083a00000|  0%| F|  |TAMS 0x0000000083900000, 0x0000000083900000| Untracked 
|  58|0x0000000083a00000, 0x0000000083a00000, 0x0000000083b00000|  0%| F|  |TAMS 0x0000000083a00000, 0x0000000083a00000| Untracked 
|  59|0x0000000083b00000, 0x0000000083b00000, 0x0000000083c00000|  0%| F|  |TAMS 0x0000000083b00000, 0x0000000083b00000| Untracked 
|  60|0x0000000083c00000, 0x0000000083c00000, 0x0000000083d00000|  0%| F|  |TAMS 0x0000000083c00000, 0x0000000083c00000| Untracked 
|  61|0x0000000083d00000, 0x0000000083d00000, 0x0000000083e00000|  0%| F|  |TAMS 0x0000000083d00000, 0x0000000083d00000| Untracked 
|  62|0x0000000083e00000, 0x0000000083f00000, 0x0000000083f00000|100%| S|CS|TAMS 0x0000000083e00000, 0x0000000083e00000| Complete 
|  63|0x0000000083f00000, 0x0000000084000000, 0x0000000084000000|100%| S|CS|TAMS 0x0000000083f00000, 0x0000000083f00000| Complete 
|  64|0x0000000084000000, 0x0000000084100000, 0x0000000084100000|100%| S|CS|TAMS 0x0000000084000000, 0x0000000084000000| Complete 
|  65|0x0000000084100000, 0x0000000084200000, 0x0000000084200000|100%| S|CS|TAMS 0x0000000084100000, 0x0000000084100000| Complete 
|  66|0x0000000084200000, 0x0000000084300000, 0x0000000084300000|100%| S|CS|TAMS 0x0000000084200000, 0x0000000084200000| Complete 
|  67|0x0000000084300000, 0x0000000084400000, 0x0000000084400000|100%| S|CS|TAMS 0x0000000084300000, 0x0000000084300000| Complete 
|  68|0x0000000084400000, 0x0000000084500000, 0x0000000084500000|100%| S|CS|TAMS 0x0000000084400000, 0x0000000084400000| Complete 
|  69|0x0000000084500000, 0x0000000084600000, 0x0000000084600000|100%| S|CS|TAMS 0x0000000084500000, 0x0000000084500000| Complete 
|  70|0x0000000084600000, 0x0000000084700000, 0x0000000084700000|100%| S|CS|TAMS 0x0000000084600000, 0x0000000084600000| Complete 
|  71|0x0000000084700000, 0x0000000084800000, 0x0000000084800000|100%| S|CS|TAMS 0x0000000084700000, 0x0000000084700000| Complete 
|  72|0x0000000084800000, 0x0000000084900000, 0x0000000084900000|100%| S|CS|TAMS 0x0000000084800000, 0x0000000084800000| Complete 
|  73|0x0000000084900000, 0x0000000084900000, 0x0000000084a00000|  0%| F|  |TAMS 0x0000000084900000, 0x0000000084900000| Untracked 
|  74|0x0000000084a00000, 0x0000000084a00000, 0x0000000084b00000|  0%| F|  |TAMS 0x0000000084a00000, 0x0000000084a00000| Untracked 
|  75|0x0000000084b00000, 0x0000000084b00000, 0x0000000084c00000|  0%| F|  |TAMS 0x0000000084b00000, 0x0000000084b00000| Untracked 
|  76|0x0000000084c00000, 0x0000000084c00000, 0x0000000084d00000|  0%| F|  |TAMS 0x0000000084c00000, 0x0000000084c00000| Untracked 
|  77|0x0000000084d00000, 0x0000000084d00000, 0x0000000084e00000|  0%| F|  |TAMS 0x0000000084d00000, 0x0000000084d00000| Untracked 
|  78|0x0000000084e00000, 0x0000000084e00000, 0x0000000084f00000|  0%| F|  |TAMS 0x0000000084e00000, 0x0000000084e00000| Untracked 
|  79|0x0000000084f00000, 0x0000000084f00000, 0x0000000085000000|  0%| F|  |TAMS 0x0000000084f00000, 0x0000000084f00000| Untracked 
|  80|0x0000000085000000, 0x0000000085000000, 0x0000000085100000|  0%| F|  |TAMS 0x0000000085000000, 0x0000000085000000| Untracked 
|  81|0x0000000085100000, 0x0000000085100000, 0x0000000085200000|  0%| F|  |TAMS 0x0000000085100000, 0x0000000085100000| Untracked 
|  82|0x0000000085200000, 0x0000000085200000, 0x0000000085300000|  0%| F|  |TAMS 0x0000000085200000, 0x0000000085200000| Untracked 
|  83|0x0000000085300000, 0x0000000085300000, 0x0000000085400000|  0%| F|  |TAMS 0x0000000085300000, 0x0000000085300000| Untracked 
|  84|0x0000000085400000, 0x0000000085400000, 0x0000000085500000|  0%| F|  |TAMS 0x0000000085400000, 0x0000000085400000| Untracked 
|  85|0x0000000085500000, 0x0000000085500000, 0x0000000085600000|  0%| F|  |TAMS 0x0000000085500000, 0x0000000085500000| Untracked 
|  86|0x0000000085600000, 0x0000000085600000, 0x0000000085700000|  0%| F|  |TAMS 0x0000000085600000, 0x0000000085600000| Untracked 
|  87|0x0000000085700000, 0x0000000085700000, 0x0000000085800000|  0%| F|  |TAMS 0x0000000085700000, 0x0000000085700000| Untracked 
|  88|0x0000000085800000, 0x0000000085800000, 0x0000000085900000|  0%| F|  |TAMS 0x0000000085800000, 0x0000000085800000| Untracked 
|  89|0x0000000085900000, 0x0000000085900000, 0x0000000085a00000|  0%| F|  |TAMS 0x0000000085900000, 0x0000000085900000| Untracked 
|  90|0x0000000085a00000, 0x0000000085a00000, 0x0000000085b00000|  0%| F|  |TAMS 0x0000000085a00000, 0x0000000085a00000| Untracked 
|  91|0x0000000085b00000, 0x0000000085b00000, 0x0000000085c00000|  0%| F|  |TAMS 0x0000000085b00000, 0x0000000085b00000| Untracked 
|  92|0x0000000085c00000, 0x0000000085c00000, 0x0000000085d00000|  0%| F|  |TAMS 0x0000000085c00000, 0x0000000085c00000| Untracked 
|  93|0x0000000085d00000, 0x0000000085d00000, 0x0000000085e00000|  0%| F|  |TAMS 0x0000000085d00000, 0x0000000085d00000| Untracked 
|  94|0x0000000085e00000, 0x0000000085e00000, 0x0000000085f00000|  0%| F|  |TAMS 0x0000000085e00000, 0x0000000085e00000| Untracked 
|  95|0x0000000085f00000, 0x0000000085f00000, 0x0000000086000000|  0%| F|  |TAMS 0x0000000085f00000, 0x0000000085f00000| Untracked 
|  96|0x0000000086000000, 0x0000000086000000, 0x0000000086100000|  0%| F|  |TAMS 0x0000000086000000, 0x0000000086000000| Untracked 
|  97|0x0000000086100000, 0x0000000086100000, 0x0000000086200000|  0%| F|  |TAMS 0x0000000086100000, 0x0000000086100000| Untracked 
|  98|0x0000000086200000, 0x0000000086200000, 0x0000000086300000|  0%| F|  |TAMS 0x0000000086200000, 0x0000000086200000| Untracked 
|  99|0x0000000086300000, 0x0000000086300000, 0x0000000086400000|  0%| F|  |TAMS 0x0000000086300000, 0x0000000086300000| Untracked 
| 100|0x0000000086400000, 0x0000000086400000, 0x0000000086500000|  0%| F|  |TAMS 0x0000000086400000, 0x0000000086400000| Untracked 
| 101|0x0000000086500000, 0x0000000086500000, 0x0000000086600000|  0%| F|  |TAMS 0x0000000086500000, 0x0000000086500000| Untracked 
| 102|0x0000000086600000, 0x0000000086600000, 0x0000000086700000|  0%| F|  |TAMS 0x0000000086600000, 0x0000000086600000| Untracked 
| 103|0x0000000086700000, 0x0000000086700000, 0x0000000086800000|  0%| F|  |TAMS 0x0000000086700000, 0x0000000086700000| Untracked 
| 104|0x0000000086800000, 0x0000000086800000, 0x0000000086900000|  0%| F|  |TAMS 0x0000000086800000, 0x0000000086800000| Untracked 
| 105|0x0000000086900000, 0x0000000086900000, 0x0000000086a00000|  0%| F|  |TAMS 0x0000000086900000, 0x0000000086900000| Untracked 
| 106|0x0000000086a00000, 0x0000000086a00000, 0x0000000086b00000|  0%| F|  |TAMS 0x0000000086a00000, 0x0000000086a00000| Untracked 
| 107|0x0000000086b00000, 0x0000000086b00000, 0x0000000086c00000|  0%| F|  |TAMS 0x0000000086b00000, 0x0000000086b00000| Untracked 
| 108|0x0000000086c00000, 0x0000000086c00000, 0x0000000086d00000|  0%| F|  |TAMS 0x0000000086c00000, 0x0000000086c00000| Untracked 
| 109|0x0000000086d00000, 0x0000000086d00000, 0x0000000086e00000|  0%| F|  |TAMS 0x0000000086d00000, 0x0000000086d00000| Untracked 
| 110|0x0000000086e00000, 0x0000000086e00000, 0x0000000086f00000|  0%| F|  |TAMS 0x0000000086e00000, 0x0000000086e00000| Untracked 
| 111|0x0000000086f00000, 0x0000000086f00000, 0x0000000087000000|  0%| F|  |TAMS 0x0000000086f00000, 0x0000000086f00000| Untracked 
| 112|0x0000000087000000, 0x0000000087000000, 0x0000000087100000|  0%| F|  |TAMS 0x0000000087000000, 0x0000000087000000| Untracked 
| 113|0x0000000087100000, 0x0000000087100000, 0x0000000087200000|  0%| F|  |TAMS 0x0000000087100000, 0x0000000087100000| Untracked 
| 114|0x0000000087200000, 0x0000000087200000, 0x0000000087300000|  0%| F|  |TAMS 0x0000000087200000, 0x0000000087200000| Untracked 
| 115|0x0000000087300000, 0x0000000087300000, 0x0000000087400000|  0%| F|  |TAMS 0x0000000087300000, 0x0000000087300000| Untracked 
| 116|0x0000000087400000, 0x0000000087400000, 0x0000000087500000|  0%| F|  |TAMS 0x0000000087400000, 0x0000000087400000| Untracked 
| 117|0x0000000087500000, 0x0000000087500000, 0x0000000087600000|  0%| F|  |TAMS 0x0000000087500000, 0x0000000087500000| Untracked 
| 118|0x0000000087600000, 0x0000000087600000, 0x0000000087700000|  0%| F|  |TAMS 0x0000000087600000, 0x0000000087600000| Untracked 
| 119|0x0000000087700000, 0x0000000087700000, 0x0000000087800000|  0%| F|  |TAMS 0x0000000087700000, 0x0000000087700000| Untracked 
| 120|0x0000000087800000, 0x0000000087800000, 0x0000000087900000|  0%| F|  |TAMS 0x0000000087800000, 0x0000000087800000| Untracked 
| 121|0x0000000087900000, 0x0000000087900000, 0x0000000087a00000|  0%| F|  |TAMS 0x0000000087900000, 0x0000000087900000| Untracked 
| 122|0x0000000087a00000, 0x0000000087a00000, 0x0000000087b00000|  0%| F|  |TAMS 0x0000000087a00000, 0x0000000087a00000| Untracked 
| 123|0x0000000087b00000, 0x0000000087b00000, 0x0000000087c00000|  0%| F|  |TAMS 0x0000000087b00000, 0x0000000087b00000| Untracked 
| 124|0x0000000087c00000, 0x0000000087c00000, 0x0000000087d00000|  0%| F|  |TAMS 0x0000000087c00000, 0x0000000087c00000| Untracked 
| 125|0x0000000087d00000, 0x0000000087d00000, 0x0000000087e00000|  0%| F|  |TAMS 0x0000000087d00000, 0x0000000087d00000| Untracked 
| 126|0x0000000087e00000, 0x0000000087e00000, 0x0000000087f00000|  0%| F|  |TAMS 0x0000000087e00000, 0x0000000087e00000| Untracked 
| 127|0x0000000087f00000, 0x0000000087f00000, 0x0000000088000000|  0%| F|  |TAMS 0x0000000087f00000, 0x0000000087f00000| Untracked 
| 128|0x0000000088000000, 0x0000000088000000, 0x0000000088100000|  0%| F|  |TAMS 0x0000000088000000, 0x0000000088000000| Untracked 
| 129|0x0000000088100000, 0x0000000088100000, 0x0000000088200000|  0%| F|  |TAMS 0x0000000088100000, 0x0000000088100000| Untracked 
| 130|0x0000000088200000, 0x0000000088200000, 0x0000000088300000|  0%| F|  |TAMS 0x0000000088200000, 0x0000000088200000| Untracked 
| 131|0x0000000088300000, 0x0000000088300000, 0x0000000088400000|  0%| F|  |TAMS 0x0000000088300000, 0x0000000088300000| Untracked 
| 132|0x0000000088400000, 0x0000000088400000, 0x0000000088500000|  0%| F|  |TAMS 0x0000000088400000, 0x0000000088400000| Untracked 
| 133|0x0000000088500000, 0x0000000088500000, 0x0000000088600000|  0%| F|  |TAMS 0x0000000088500000, 0x0000000088500000| Untracked 
| 134|0x0000000088600000, 0x0000000088600000, 0x0000000088700000|  0%| F|  |TAMS 0x0000000088600000, 0x0000000088600000| Untracked 
| 135|0x0000000088700000, 0x0000000088700000, 0x0000000088800000|  0%| F|  |TAMS 0x0000000088700000, 0x0000000088700000| Untracked 
| 136|0x0000000088800000, 0x0000000088800000, 0x0000000088900000|  0%| F|  |TAMS 0x0000000088800000, 0x0000000088800000| Untracked 
| 137|0x0000000088900000, 0x0000000088900000, 0x0000000088a00000|  0%| F|  |TAMS 0x0000000088900000, 0x0000000088900000| Untracked 
| 138|0x0000000088a00000, 0x0000000088a00000, 0x0000000088b00000|  0%| F|  |TAMS 0x0000000088a00000, 0x0000000088a00000| Untracked 
| 139|0x0000000088b00000, 0x0000000088b00000, 0x0000000088c00000|  0%| F|  |TAMS 0x0000000088b00000, 0x0000000088b00000| Untracked 
| 140|0x0000000088c00000, 0x0000000088c00000, 0x0000000088d00000|  0%| F|  |TAMS 0x0000000088c00000, 0x0000000088c00000| Untracked 
| 141|0x0000000088d00000, 0x0000000088d00000, 0x0000000088e00000|  0%| F|  |TAMS 0x0000000088d00000, 0x0000000088d00000| Untracked 
| 142|0x0000000088e00000, 0x0000000088e00000, 0x0000000088f00000|  0%| F|  |TAMS 0x0000000088e00000, 0x0000000088e00000| Untracked 
| 143|0x0000000088f00000, 0x0000000088f00000, 0x0000000089000000|  0%| F|  |TAMS 0x0000000088f00000, 0x0000000088f00000| Untracked 
| 144|0x0000000089000000, 0x0000000089000000, 0x0000000089100000|  0%| F|  |TAMS 0x0000000089000000, 0x0000000089000000| Untracked 
| 145|0x0000000089100000, 0x0000000089100000, 0x0000000089200000|  0%| F|  |TAMS 0x0000000089100000, 0x0000000089100000| Untracked 
| 146|0x0000000089200000, 0x0000000089200000, 0x0000000089300000|  0%| F|  |TAMS 0x0000000089200000, 0x0000000089200000| Untracked 
| 147|0x0000000089300000, 0x0000000089300000, 0x0000000089400000|  0%| F|  |TAMS 0x0000000089300000, 0x0000000089300000| Untracked 
| 148|0x0000000089400000, 0x0000000089400000, 0x0000000089500000|  0%| F|  |TAMS 0x0000000089400000, 0x0000000089400000| Untracked 
| 149|0x0000000089500000, 0x0000000089500000, 0x0000000089600000|  0%| F|  |TAMS 0x0000000089500000, 0x0000000089500000| Untracked 
| 150|0x0000000089600000, 0x0000000089600000, 0x0000000089700000|  0%| F|  |TAMS 0x0000000089600000, 0x0000000089600000| Untracked 
| 151|0x0000000089700000, 0x0000000089700000, 0x0000000089800000|  0%| F|  |TAMS 0x0000000089700000, 0x0000000089700000| Untracked 
| 152|0x0000000089800000, 0x0000000089800000, 0x0000000089900000|  0%| F|  |TAMS 0x0000000089800000, 0x0000000089800000| Untracked 
| 153|0x0000000089900000, 0x0000000089900000, 0x0000000089a00000|  0%| F|  |TAMS 0x0000000089900000, 0x0000000089900000| Untracked 

Card table byte_map: [0x000002497e160000,0x000002497e560000] _byte_map_base: 0x000002497dd60000

Marking Bits (Prev, Next): (CMBitMap*) 0x000002497dcbea48, (CMBitMap*) 0x000002497dcbea80
 Prev Bits: [0x0000024912a20000, 0x0000024914a20000)
 Next Bits: [0x0000024914a20000, 0x0000024916a20000)

Polling page: 0x000002497ba30000

Metaspace:

Usage:
  Non-class:     43.07 MB capacity,    42.28 MB ( 98%) used,   679.63 KB (  2%) free+waste,   128.38 KB ( <1%) overhead. 
      Class:      6.64 MB capacity,     6.16 MB ( 93%) used,   427.01 KB (  6%) free+waste,    61.06 KB ( <1%) overhead. 
       Both:     49.71 MB capacity,    48.44 MB ( 97%) used,     1.08 MB (  2%) free+waste,   189.44 KB ( <1%) overhead. 

Virtual space:
  Non-class space:       44.00 MB reserved,      43.20 MB ( 98%) committed 
      Class space:        1.00 GB reserved,       6.75 MB ( <1%) committed 
             Both:        1.04 GB reserved,      49.95 MB (  5%) committed 

Chunk freelists:
   Non-Class:  7.00 KB
       Class:  18.00 KB
        Both:  25.00 KB

MaxMetaspaceSize: 17179869184.00 GB
CompressedClassSpaceSize: 1.00 GB

CodeHeap 'non-profiled nmethods': size=120064Kb used=2774Kb max_used=2774Kb free=117289Kb
 bounds [0x000002490b4e0000, 0x000002490b7a0000, 0x0000024912a20000]
CodeHeap 'profiled nmethods': size=120000Kb used=10925Kb max_used=10925Kb free=109074Kb
 bounds [0x0000024903fb0000, 0x0000024904a60000, 0x000002490b4e0000]
CodeHeap 'non-nmethods': size=5696Kb used=2218Kb max_used=2269Kb free=3477Kb
 bounds [0x0000024903a20000, 0x0000024903c90000, 0x0000024903fb0000]
 total_blobs=6202 nmethods=5411 adapters=702
 compilation: enabled
              stopped_count=0, restarted_count=0
 full_count=0

Compilation events (20 events):
Event: 4.589 Thread 0x000002497ee74800 5414       3       java.security.PermissionCollection::<init> (5 bytes)
Event: 4.589 Thread 0x000002497ee74800 nmethod 5414 0x0000024904a57490 code [0x0000024904a57640, 0x0000024904a57798]
Event: 4.597 Thread 0x000002497fb9d000 nmethod 5387 0x000002490b790490 code [0x000002490b790760, 0x000002490b793750]
Event: 4.597 Thread 0x000002497fb9d000 5406       4       java.security.CodeSource::<init> (52 bytes)
Event: 4.600 Thread 0x000002497fb9d000 nmethod 5406 0x000002490b794e90 code [0x000002490b795040, 0x000002490b7953a8]
Event: 4.600 Thread 0x000002497fb9d000 5405       4       java.security.SecureClassLoader::getProtectionDomain (38 bytes)
Event: 4.602 Thread 0x000002497fb9d000 nmethod 5405 0x000002490b795490 code [0x000002490b795660, 0x000002490b7958e8]
Event: 4.603 Thread 0x000002497ee74800 5415       3       com.google.common.collect.MapMakerInternalMap$StrongKeyWeakValueSegment::maybeDrainReferenceQueues (9 bytes)
Event: 4.603 Thread 0x000002497ee74800 nmethod 5415 0x0000024904a57890 code [0x0000024904a57a40, 0x0000024904a57be8]
Event: 4.603 Thread 0x000002497ee74800 5416       3       com.google.common.collect.MapMakerInternalMap$Segment::drainValueReferenceQueue (42 bytes)
Event: 4.604 Thread 0x000002497ee74800 nmethod 5416 0x0000024904a57c90 code [0x0000024904a57ee0, 0x0000024904a58968]
Event: 4.604 Thread 0x000002497ee74800 5417       3       java.lang.ClassLoader::findClass (9 bytes)
Event: 4.604 Thread 0x000002497ee74800 nmethod 5417 0x0000024904a58d10 code [0x0000024904a58ec0, 0x0000024904a59048]
Event: 4.604 Thread 0x000002497ee74800 5418   !   3       org.gradle.internal.classloader.FilteringClassLoader::loadClass (62 bytes)
Event: 4.605 Thread 0x000002497ee74800 nmethod 5418 0x0000024904a59110 code [0x0000024904a593e0, 0x0000024904a5a1e8]
Event: 4.612 Thread 0x000002497ee74800 5419       3       java.util.TreeMap$Values::iterator (19 bytes)
Event: 4.612 Thread 0x000002497ee74800 nmethod 5419 0x0000024904a5a710 code [0x0000024904a5a900, 0x0000024904a5ae18]
Event: 4.612 Thread 0x000002497ee74800 5420       3       java.util.TreeMap$ValueIterator::<init> (12 bytes)
Event: 4.613 Thread 0x000002497ee74800 nmethod 5420 0x0000024904a5b010 code [0x0000024904a5b1e0, 0x0000024904a5b4f8]
Event: 4.613 Thread 0x000002497fb9d000 5421       4       java.util.zip.ZipFile$InflaterCleanupAction::run (12 bytes)

GC Heap History (19 events):
Event: 0.341 GC heap before
{Heap before GC invocations=0 (full 0):
 garbage-first heap   total 131072K, used 19456K [0x0000000080000000, 0x0000000100000000)
  region size 1024K, 14 young (14336K), 0 survivors (0K)
 Metaspace       used 6735K, capacity 6929K, committed 7168K, reserved 1056768K
  class space    used 584K, capacity 650K, committed 768K, reserved 1048576K
}
Event: 0.345 GC heap after
{Heap after GC invocations=1 (full 0):
 garbage-first heap   total 131072K, used 7985K [0x0000000080000000, 0x0000000100000000)
  region size 1024K, 2 young (2048K), 2 survivors (2048K)
 Metaspace       used 6735K, capacity 6929K, committed 7168K, reserved 1056768K
  class space    used 584K, capacity 650K, committed 768K, reserved 1048576K
}
Event: 0.550 GC heap before
{Heap before GC invocations=1 (full 0):
 garbage-first heap   total 131072K, used 19249K [0x0000000080000000, 0x0000000100000000)
  region size 1024K, 13 young (13312K), 2 survivors (2048K)
 Metaspace       used 10271K, capacity 10557K, committed 10624K, reserved 1058816K
  class space    used 1072K, capacity 1139K, committed 1152K, reserved 1048576K
}
Event: 0.553 GC heap after
{Heap after GC invocations=2 (full 0):
 garbage-first heap   total 131072K, used 9506K [0x0000000080000000, 0x0000000100000000)
  region size 1024K, 2 young (2048K), 2 survivors (2048K)
 Metaspace       used 10271K, capacity 10557K, committed 10624K, reserved 1058816K
  class space    used 1072K, capacity 1139K, committed 1152K, reserved 1048576K
}
Event: 0.833 GC heap before
{Heap before GC invocations=2 (full 0):
 garbage-first heap   total 131072K, used 39202K [0x0000000080000000, 0x0000000100000000)
  region size 1024K, 31 young (31744K), 2 survivors (2048K)
 Metaspace       used 11227K, capacity 11512K, committed 11776K, reserved 1060864K
  class space    used 1175K, capacity 1244K, committed 1280K, reserved 1048576K
}
Event: 0.835 GC heap after
{Heap after GC invocations=3 (full 0):
 garbage-first heap   total 131072K, used 12799K [0x0000000080000000, 0x0000000100000000)
  region size 1024K, 4 young (4096K), 4 survivors (4096K)
 Metaspace       used 11227K, capacity 11512K, committed 11776K, reserved 1060864K
  class space    used 1175K, capacity 1244K, committed 1280K, reserved 1048576K
}
Event: 1.544 GC heap before
{Heap before GC invocations=3 (full 0):
 garbage-first heap   total 131072K, used 72191K [0x0000000080000000, 0x0000000100000000)
  region size 1024K, 62 young (63488K), 4 survivors (4096K)
 Metaspace       used 19507K, capacity 19942K, committed 19968K, reserved 1067008K
  class space    used 2385K, capacity 2548K, committed 2560K, reserved 1048576K
}
Event: 1.549 GC heap after
{Heap after GC invocations=4 (full 0):
 garbage-first heap   total 131072K, used 16404K [0x0000000080000000, 0x0000000100000000)
  region size 1024K, 8 young (8192K), 8 survivors (8192K)
 Metaspace       used 19507K, capacity 19942K, committed 19968K, reserved 1067008K
  class space    used 2385K, capacity 2548K, committed 2560K, reserved 1048576K
}
Event: 1.625 GC heap before
{Heap before GC invocations=4 (full 0):
 garbage-first heap   total 131072K, used 22548K [0x0000000080000000, 0x0000000100000000)
  region size 1024K, 15 young (15360K), 8 survivors (8192K)
 Metaspace       used 20633K, capacity 21108K, committed 21296K, reserved 1069056K
  class space    used 2532K, capacity 2660K, committed 2688K, reserved 1048576K
}
Event: 1.632 GC heap after
{Heap after GC invocations=5 (full 0):
 garbage-first heap   total 157696K, used 17736K [0x0000000080000000, 0x0000000100000000)
  region size 1024K, 1 young (1024K), 1 survivors (1024K)
 Metaspace       used 20633K, capacity 21108K, committed 21296K, reserved 1069056K
  class space    used 2532K, capacity 2660K, committed 2688K, reserved 1048576K
}
Event: 2.081 GC heap before
{Heap before GC invocations=6 (full 0):
 garbage-first heap   total 157696K, used 73032K [0x0000000080000000, 0x0000000100000000)
  region size 1024K, 55 young (56320K), 1 survivors (1024K)
 Metaspace       used 26213K, capacity 26870K, committed 27008K, reserved 1073152K
  class space    used 3432K, capacity 3651K, committed 3712K, reserved 1048576K
}
Event: 2.085 GC heap after
{Heap after GC invocations=7 (full 0):
 garbage-first heap   total 157696K, used 19452K [0x0000000080000000, 0x0000000100000000)
  region size 1024K, 3 young (3072K), 3 survivors (3072K)
 Metaspace       used 26213K, capacity 26870K, committed 27008K, reserved 1073152K
  class space    used 3432K, capacity 3651K, committed 3712K, reserved 1048576K
}
Event: 2.665 GC heap before
{Heap before GC invocations=7 (full 0):
 garbage-first heap   total 157696K, used 74748K [0x0000000080000000, 0x0000000100000000)
  region size 1024K, 58 young (59392K), 3 survivors (3072K)
 Metaspace       used 35031K, capacity 35849K, committed 36048K, reserved 1081344K
  class space    used 4556K, capacity 4863K, committed 4864K, reserved 1048576K
}
Event: 2.673 GC heap after
{Heap after GC invocations=8 (full 0):
 garbage-first heap   total 157696K, used 23021K [0x0000000080000000, 0x0000000100000000)
  region size 1024K, 6 young (6144K), 6 survivors (6144K)
 Metaspace       used 35031K, capacity 35849K, committed 36048K, reserved 1081344K
  class space    used 4556K, capacity 4863K, committed 4864K, reserved 1048576K
}
Event: 3.200 GC heap before
{Heap before GC invocations=9 (full 0):
 garbage-first heap   total 157696K, used 89581K [0x0000000080000000, 0x0000000100000000)
  region size 1024K, 69 young (70656K), 6 survivors (6144K)
 Metaspace       used 39879K, capacity 40851K, committed 41040K, reserved 1085440K
  class space    used 5097K, capacity 5437K, committed 5504K, reserved 1048576K
}
Event: 3.209 GC heap after
{Heap after GC invocations=10 (full 0):
 garbage-first heap   total 157696K, used 28198K [0x0000000080000000, 0x0000000100000000)
  region size 1024K, 9 young (9216K), 9 survivors (9216K)
 Metaspace       used 39879K, capacity 40851K, committed 41040K, reserved 1085440K
  class space    used 5097K, capacity 5437K, committed 5504K, reserved 1048576K
}
Event: 3.742 GC heap before
{Heap before GC invocations=10 (full 0):
 garbage-first heap   total 157696K, used 93734K [0x0000000080000000, 0x0000000100000000)
  region size 1024K, 73 young (74752K), 9 survivors (9216K)
 Metaspace       used 45910K, capacity 47006K, committed 47312K, reserved 1089536K
  class space    used 5896K, capacity 6327K, committed 6400K, reserved 1048576K
}
Event: 3.750 GC heap after
{Heap after GC invocations=11 (full 0):
 garbage-first heap   total 157696K, used 30122K [0x0000000080000000, 0x0000000100000000)
  region size 1024K, 7 young (7168K), 7 survivors (7168K)
 Metaspace       used 45910K, capacity 47006K, committed 47312K, reserved 1089536K
  class space    used 5896K, capacity 6327K, committed 6400K, reserved 1048576K
}
Event: 4.615 GC heap before
{Heap before GC invocations=11 (full 0):
 garbage-first heap   total 157696K, used 114090K [0x0000000080000000, 0x0000000100000000)
  region size 1024K, 81 young (82944K), 7 survivors (7168K)
 Metaspace       used 49606K, capacity 50903K, committed 51152K, reserved 1093632K
  class space    used 6309K, capacity 6798K, committed 6912K, reserved 1048576K
}

Deoptimization events (20 events):
Event: 4.402 Thread 0x0000024919da9800 DEOPT PACKING pc=0x0000024904076803 sp=0x000000b89fcf1770
Event: 4.402 Thread 0x0000024919da9800 DEOPT UNPACKING pc=0x0000024903a46dde sp=0x000000b89fcf0cd0 mode 0
Event: 4.410 Thread 0x0000024919da9800 DEOPT PACKING pc=0x0000024904076803 sp=0x000000b89fcf16e0
Event: 4.410 Thread 0x0000024919da9800 DEOPT UNPACKING pc=0x0000024903a46dde sp=0x000000b89fcf0c40 mode 0
Event: 4.418 Thread 0x0000024919da9800 DEOPT PACKING pc=0x0000024904076d44 sp=0x000000b89fcf16e0
Event: 4.418 Thread 0x0000024919da9800 DEOPT UNPACKING pc=0x0000024903a46dde sp=0x000000b89fcf0cb8 mode 0
Event: 4.425 Thread 0x0000024919da9800 DEOPT PACKING pc=0x0000024904072bae sp=0x000000b89fcf1d10
Event: 4.425 Thread 0x0000024919da9800 DEOPT UNPACKING pc=0x0000024903a46dde sp=0x000000b89fcf1180 mode 0
Event: 4.427 Thread 0x0000024919da9800 DEOPT PACKING pc=0x0000024904076d44 sp=0x000000b89fcf16e0
Event: 4.427 Thread 0x0000024919da9800 DEOPT UNPACKING pc=0x0000024903a46dde sp=0x000000b89fcf0cb8 mode 0
Event: 4.429 Thread 0x0000024919da9800 DEOPT PACKING pc=0x0000024904076803 sp=0x000000b89fcf16e0
Event: 4.429 Thread 0x0000024919da9800 DEOPT UNPACKING pc=0x0000024903a46dde sp=0x000000b89fcf0c40 mode 0
Event: 4.433 Thread 0x0000024919da9800 DEOPT PACKING pc=0x0000024904076d44 sp=0x000000b89fcf16e0
Event: 4.433 Thread 0x0000024919da9800 DEOPT UNPACKING pc=0x0000024903a46dde sp=0x000000b89fcf0cb8 mode 0
Event: 4.438 Thread 0x0000024919da9800 DEOPT PACKING pc=0x000002490423fc97 sp=0x000000b89fcf1830
Event: 4.438 Thread 0x0000024919da9800 DEOPT UNPACKING pc=0x0000024903a46dde sp=0x000000b89fcf0db8 mode 0
Event: 4.526 Thread 0x0000024919da9800 Uncommon trap: trap_request=0xffffff4d fr.pc=0x000002490b532ad0 relative=0x0000000000000570
Event: 4.526 Thread 0x0000024919da9800 Uncommon trap: reason=unstable_if action=reinterpret pc=0x000002490b532ad0 method=java.util.jar.Manifest$FastInputStream.readLine([BII)I @ 130 c2
Event: 4.526 Thread 0x0000024919da9800 DEOPT PACKING pc=0x000002490b532ad0 sp=0x000000b89fcf7770
Event: 4.526 Thread 0x0000024919da9800 DEOPT UNPACKING pc=0x0000024903a4662f sp=0x000000b89fcf7700 mode 2

Classes redefined (0 events):
No events

Internal exceptions (20 events):
Event: 4.478 Thread 0x0000024919da9800 Exception <a 'java/lang/ClassNotFoundException'{0x0000000085c33780}: org/gradle/api/DefaultTaskBeanInfo> (0x0000000085c33780) thrown at [./src/hotspot/share/classfile/systemDictionary.cpp, line 231]
Event: 4.479 Thread 0x0000024919da9800 Exception <a 'java/lang/ClassNotFoundException'{0x0000000085c61de0}: org/gradle/api/internal/AbstractTaskBeanInfo> (0x0000000085c61de0) thrown at [./src/hotspot/share/classfile/systemDictionary.cpp, line 231]
Event: 4.479 Thread 0x0000024919da9800 Exception <a 'java/lang/ClassNotFoundException'{0x0000000085c90e28}: org/gradle/api/internal/AbstractTaskCustomizer> (0x0000000085c90e28) thrown at [./src/hotspot/share/classfile/systemDictionary.cpp, line 231]
Event: 4.482 Thread 0x0000024919da9800 Exception <a 'java/lang/ClassNotFoundException'{0x0000000085b04408}: org/gradle/api/DefaultTaskCustomizer> (0x0000000085b04408) thrown at [./src/hotspot/share/classfile/systemDictionary.cpp, line 231]
Event: 4.484 Thread 0x0000024919da9800 Exception <a 'java/lang/ClassNotFoundException'{0x0000000085b86c80}: org/gradle/api/internal/ConventionTaskCustomizer> (0x0000000085b86c80) thrown at [./src/hotspot/share/classfile/systemDictionary.cpp, line 231]
Event: 4.485 Thread 0x0000024919da9800 Exception <a 'java/lang/ClassNotFoundException'{0x0000000085bbf958}: org/gradle/api/tasks/DeleteCustomizer> (0x0000000085bbf958) thrown at [./src/hotspot/share/classfile/systemDictionary.cpp, line 231]
Event: 4.487 Thread 0x0000024919da9800 Exception <a 'java/lang/ClassNotFoundException'{0x0000000085bffaf8}: org/gradle/api/tasks/Delete_DecoratedCustomizer> (0x0000000085bffaf8) thrown at [./src/hotspot/share/classfile/systemDictionary.cpp, line 231]
Event: 4.501 Thread 0x0000024919da9800 Exception <a 'java/lang/NoSuchMethodError'{0x0000000085413518}: 'long java.lang.invoke.DirectMethodHandle$Holder.invokeVirtual(java.lang.Object, java.lang.Object)'> (0x0000000085413518) thrown at [./src/hotspot/share/interpreter/linkResolver.cpp, line 773]
Event: 4.503 Thread 0x000002491b1bd000 Exception <a 'java/lang/NoSuchMethodError'{0x0000000085488520}: <clinit>> (0x0000000085488520) thrown at [./src/hotspot/share/prims/jni.cpp, line 1362]
Event: 4.506 Thread 0x000002491b1bd000 Exception <a 'java/lang/NoSuchMethodError'{0x00000000854a5d18}: <clinit>> (0x00000000854a5d18) thrown at [./src/hotspot/share/prims/jni.cpp, line 1362]
Event: 4.507 Thread 0x000002491b1bd000 Exception <a 'java/lang/NoSuchMethodError'{0x00000000854a6e28}: <clinit>> (0x00000000854a6e28) thrown at [./src/hotspot/share/prims/jni.cpp, line 1362]
Event: 4.507 Thread 0x000002491b1bd000 Exception <a 'java/lang/NoSuchMethodError'{0x00000000854a8130}: <clinit>> (0x00000000854a8130) thrown at [./src/hotspot/share/prims/jni.cpp, line 1362]
Event: 4.507 Thread 0x000002491b1bd000 Exception <a 'java/lang/NoSuchMethodError'{0x00000000854a9150}: <clinit>> (0x00000000854a9150) thrown at [./src/hotspot/share/prims/jni.cpp, line 1362]
Event: 4.508 Thread 0x000002491b1bd000 Exception <a 'java/lang/NoSuchMethodError'{0x00000000854bb438}: <clinit>> (0x00000000854bb438) thrown at [./src/hotspot/share/prims/jni.cpp, line 1362]
Event: 4.508 Thread 0x000002491b1bd000 Exception <a 'java/lang/NoSuchMethodError'{0x00000000854c5990}: <clinit>> (0x00000000854c5990) thrown at [./src/hotspot/share/prims/jni.cpp, line 1362]
Event: 4.510 Thread 0x000002491b1bd000 Exception <a 'java/lang/NoSuchMethodError'{0x00000000854d92d0}: <clinit>> (0x00000000854d92d0) thrown at [./src/hotspot/share/prims/jni.cpp, line 1362]
Event: 4.522 Thread 0x0000024919da9800 Exception <a 'java/lang/ClassNotFoundException'{0x000000008533aa80}: build_9kaiafnc01kjnrrmmxzadnm0rBeanInfo> (0x000000008533aa80) thrown at [./src/hotspot/share/classfile/systemDictionary.cpp, line 231]
Event: 4.522 Thread 0x0000024919da9800 Exception <a 'java/lang/ClassNotFoundException'{0x0000000085345a38}: build_9kaiafnc01kjnrrmmxzadnm0rCustomizer> (0x0000000085345a38) thrown at [./src/hotspot/share/classfile/systemDictionary.cpp, line 231]
Event: 4.541 Thread 0x0000024919da9800 Exception <a 'java/lang/ClassNotFoundException'{0x00000000852eb578}: org/gradle/api/internal/plugins/DefaultObjectConfigurationActionBeanInfo> (0x00000000852eb578) thrown at [./src/hotspot/share/classfile/systemDictionary.cpp, line 231]
Event: 4.542 Thread 0x0000024919da9800 Exception <a 'java/lang/ClassNotFoundException'{0x0000000085122080}: org/gradle/api/internal/plugins/DefaultObjectConfigurationActionCustomizer> (0x0000000085122080) thrown at [./src/hotspot/share/classfile/systemDictionary.cpp, line 231]

Events (20 events):
Event: 4.614 loading class com/android/build/api/dsl/DefaultConfig done
Event: 4.614 loading class com/android/build/api/dsl/DynamicFeatureDefaultConfig
Event: 4.614 loading class com/android/build/api/dsl/DynamicFeatureDefaultConfig done
Event: 4.614 loading class com/android/build/api/dsl/DynamicFeatureBaseFlavor
Event: 4.614 loading class com/android/build/api/dsl/DynamicFeatureBaseFlavor done
Event: 4.614 loading class com/android/build/api/dsl/DynamicFeatureVariantDimension
Event: 4.614 loading class com/android/build/api/dsl/DynamicFeatureVariantDimension done
Event: 4.614 loading class com/android/build/api/dsl/LibraryDefaultConfig
Event: 4.614 loading class com/android/build/api/dsl/LibraryDefaultConfig done
Event: 4.615 loading class com/android/build/api/dsl/LibraryBaseFlavor
Event: 4.615 loading class com/android/build/api/dsl/LibraryBaseFlavor done
Event: 4.615 loading class com/android/build/api/dsl/LibraryVariantDimension
Event: 4.615 loading class com/android/build/api/dsl/LibraryVariantDimension done
Event: 4.615 loading class com/android/build/api/dsl/TestDefaultConfig
Event: 4.615 loading class com/android/build/api/dsl/TestDefaultConfig done
Event: 4.615 loading class com/android/build/api/dsl/TestBaseFlavor
Event: 4.615 loading class com/android/build/api/dsl/TestBaseFlavor done
Event: 4.615 loading class com/android/build/api/dsl/TestVariantDimension
Event: 4.615 loading class com/android/build/api/dsl/TestVariantDimension done
Event: 4.615 Executing VM operation: G1CollectForAllocation


Dynamic libraries:
0x00007ff762970000 - 0x00007ff76297a000 	C:\Program Files\Android\Android Studio\jre\bin\java.exe
0x00007ff8730b0000 - 0x00007ff8732a5000 	C:\WINDOWS\SYSTEM32\ntdll.dll
0x00007ff8712c0000 - 0x00007ff87137d000 	C:\WINDOWS\System32\KERNEL32.DLL
0x00007ff870b60000 - 0x00007ff870e2d000 	C:\WINDOWS\System32\KERNELBASE.dll
0x00007ff870fd0000 - 0x00007ff8710d0000 	C:\WINDOWS\System32\ucrtbase.dll
0x00007ff86c160000 - 0x00007ff86c179000 	C:\Program Files\Android\Android Studio\jre\bin\jli.dll
0x00007ff86bfa0000 - 0x00007ff86bfb7000 	C:\Program Files\Android\Android Studio\jre\bin\VCRUNTIME140.dll
0x00007ff871380000 - 0x00007ff871520000 	C:\WINDOWS\System32\USER32.dll
0x00007ff8710d0000 - 0x00007ff8710f2000 	C:\WINDOWS\System32\win32u.dll
0x00007ff857f70000 - 0x00007ff85820a000 	C:\WINDOWS\WinSxS\amd64_microsoft.windows.common-controls_6595b64144ccf1df_6.0.19041.1110_none_60b5254171f9507e\COMCTL32.dll
0x00007ff871520000 - 0x00007ff8715be000 	C:\WINDOWS\System32\msvcrt.dll
0x00007ff871130000 - 0x00007ff87115a000 	C:\WINDOWS\System32\GDI32.dll
0x00007ff870a50000 - 0x00007ff870b5b000 	C:\WINDOWS\System32\gdi32full.dll
0x00007ff870920000 - 0x00007ff8709bd000 	C:\WINDOWS\System32\msvcp_win.dll
0x00007ff871100000 - 0x00007ff871130000 	C:\WINDOWS\System32\IMM32.DLL
0x00007ff853a00000 - 0x00007ff853a9d000 	C:\Program Files\Android\Android Studio\jre\bin\msvcp140.dll
0x00007ff820430000 - 0x00007ff820f05000 	C:\Program Files\Android\Android Studio\jre\bin\server\jvm.dll
0x00007ff871210000 - 0x00007ff8712be000 	C:\WINDOWS\System32\ADVAPI32.dll
0x00007ff872d00000 - 0x00007ff872d9c000 	C:\WINDOWS\System32\sechost.dll
0x00007ff872540000 - 0x00007ff872665000 	C:\WINDOWS\System32\RPCRT4.dll
0x00007ff8715c0000 - 0x00007ff8715c8000 	C:\WINDOWS\System32\PSAPI.DLL
0x00007ff867940000 - 0x00007ff867949000 	C:\WINDOWS\SYSTEM32\WSOCK32.dll
0x00007ff8724d0000 - 0x00007ff87253b000 	C:\WINDOWS\System32\WS2_32.dll
0x00007ff869ff0000 - 0x00007ff86a017000 	C:\WINDOWS\SYSTEM32\WINMM.dll
0x00007ff86a4f0000 - 0x00007ff86a4fa000 	C:\WINDOWS\SYSTEM32\VERSION.dll
0x00007ff86f0a0000 - 0x00007ff86f0b2000 	C:\WINDOWS\SYSTEM32\kernel.appcore.dll
0x00007ff858610000 - 0x00007ff858621000 	C:\Program Files\Android\Android Studio\jre\bin\verify.dll
0x00007ff8583c0000 - 0x00007ff8585a4000 	C:\WINDOWS\SYSTEM32\DBGHELP.DLL
0x00007ff857e20000 - 0x00007ff857e4c000 	C:\WINDOWS\SYSTEM32\dbgcore.DLL
0x00007ff8709c0000 - 0x00007ff870a42000 	C:\WINDOWS\System32\bcryptPrimitives.dll
0x00007ff84a500000 - 0x00007ff84a529000 	C:\Program Files\Android\Android Studio\jre\bin\java.dll
0x00007ff861d70000 - 0x00007ff861d7b000 	C:\Program Files\Android\Android Studio\jre\bin\jimage.dll
0x00007ff8582f0000 - 0x00007ff858308000 	C:\Program Files\Android\Android Studio\jre\bin\zip.dll
0x00007ff871d00000 - 0x00007ff872444000 	C:\WINDOWS\System32\SHELL32.dll
0x00007ff86e8a0000 - 0x00007ff86f034000 	C:\WINDOWS\SYSTEM32\windows.storage.dll
0x00007ff8715d0000 - 0x00007ff871924000 	C:\WINDOWS\System32\combase.dll
0x00007ff870150000 - 0x00007ff87017c000 	C:\WINDOWS\SYSTEM32\Wldp.dll
0x00007ff871160000 - 0x00007ff87120d000 	C:\WINDOWS\System32\SHCORE.dll
0x00007ff871ba0000 - 0x00007ff871bf5000 	C:\WINDOWS\System32\shlwapi.dll
0x00007ff870700000 - 0x00007ff87071f000 	C:\WINDOWS\SYSTEM32\profapi.dll
0x00007ff8562c0000 - 0x00007ff8562da000 	C:\Program Files\Android\Android Studio\jre\bin\net.dll
0x00007ff8671e0000 - 0x00007ff8672ea000 	C:\WINDOWS\SYSTEM32\WINHTTP.dll
0x00007ff86feb0000 - 0x00007ff86ff1a000 	C:\WINDOWS\system32\mswsock.dll
0x00007ff8549b0000 - 0x00007ff8549c4000 	C:\Program Files\Android\Android Studio\jre\bin\nio.dll
0x00007ff858340000 - 0x00007ff858367000 	C:\Users\Vik\.gradle\native\e1d6ef7f7dcc3fd88c89a11ec53ec762bb8ba0a96d01ffa2cd45eb1d1d8dd5c5\windows-amd64\native-platform.dll
0x00007ff851b70000 - 0x00007ff851cb4000 	C:\Users\Vik\.gradle\native\5664cfc778a61ccfe75a443a1ab52a65af34e5dc3c78e0209fed803814484fcb\windows-amd64\native-platform-file-events.dll
0x00007ff85b970000 - 0x00007ff85b97a000 	C:\Program Files\Android\Android Studio\jre\bin\management.dll
0x00007ff85b240000 - 0x00007ff85b24d000 	C:\Program Files\Android\Android Studio\jre\bin\management_ext.dll
0x00007ff8700b0000 - 0x00007ff8700c8000 	C:\WINDOWS\SYSTEM32\CRYPTSP.dll
0x00007ff86f830000 - 0x00007ff86f864000 	C:\WINDOWS\system32\rsaenh.dll
0x00007ff870f50000 - 0x00007ff870f77000 	C:\WINDOWS\System32\bcrypt.dll
0x00007ff8706c0000 - 0x00007ff8706ee000 	C:\WINDOWS\SYSTEM32\USERENV.dll
0x00007ff8700a0000 - 0x00007ff8700ac000 	C:\WINDOWS\SYSTEM32\CRYPTBASE.dll
0x00007ff86fba0000 - 0x00007ff86fbdb000 	C:\WINDOWS\SYSTEM32\IPHLPAPI.DLL
0x00007ff871c90000 - 0x00007ff871c98000 	C:\WINDOWS\System32\NSI.dll
0x00007ff86a500000 - 0x00007ff86a517000 	C:\WINDOWS\SYSTEM32\dhcpcsvc6.DLL
0x00007ff86aa00000 - 0x00007ff86aa1d000 	C:\WINDOWS\SYSTEM32\dhcpcsvc.DLL
0x00007ff86fbe0000 - 0x00007ff86fcab000 	C:\WINDOWS\SYSTEM32\DNSAPI.dll

dbghelp: loaded successfully - version: 4.0.5 - missing functions: none
symbol engine: initialized successfully - sym options: 0x614 - pdb path: .;C:\Program Files\Android\Android Studio\jre\bin;C:\WINDOWS\SYSTEM32;C:\WINDOWS\WinSxS\amd64_microsoft.windows.common-controls_6595b64144ccf1df_6.0.19041.1110_none_60b5254171f9507e;C:\Program Files\Android\Android Studio\jre\bin\server;C:\Users\Vik\.gradle\native\e1d6ef7f7dcc3fd88c89a11ec53ec762bb8ba0a96d01ffa2cd45eb1d1d8dd5c5\windows-amd64;C:\Users\Vik\.gradle\native\5664cfc778a61ccfe75a443a1ab52a65af34e5dc3c78e0209fed803814484fcb\windows-amd64

VM Arguments:
jvm_args: --add-opens=java.base/java.util=ALL-UNNAMED --add-opens=java.base/java.lang=ALL-UNNAMED --add-opens=java.base/java.lang.invoke=ALL-UNNAMED --add-opens=java.base/java.util=ALL-UNNAMED --add-opens=java.prefs/java.util.prefs=ALL-UNNAMED --add-opens=java.prefs/java.util.prefs=ALL-UNNAMED --add-opens=java.base/java.nio.charset=ALL-UNNAMED --add-opens=java.base/java.net=ALL-UNNAMED --add-opens=java.base/java.util.concurrent.atomic=ALL-UNNAMED -Xmx2048m -Dfile.encoding=UTF-8 -Duser.country=RU -Duser.language=ru -Duser.variant 
java_command: org.gradle.launcher.daemon.bootstrap.GradleDaemon 7.2
java_class_path (initial): C:\Users\Vik\.gradle\wrapper\dists\gradle-7.2-bin\2dnblmf4td7x66yl1d74lt32g\gradle-7.2\lib\gradle-launcher-7.2.jar
Launcher Type: SUN_STANDARD

[Global flags]
     intx CICompilerCount                          = 3                                         {product} {ergonomic}
     uint ConcGCThreads                            = 1                                         {product} {ergonomic}
     uint G1ConcRefinementThreads                  = 4                                         {product} {ergonomic}
   size_t G1HeapRegionSize                         = 1048576                                   {product} {ergonomic}
    uintx GCDrainStackTargetSize                   = 64                                        {product} {ergonomic}
   size_t InitialHeapSize                          = 134217728                                 {product} {ergonomic}
   size_t MarkStackSize                            = 4194304                                   {product} {ergonomic}
   size_t MaxHeapSize                              = 2147483648                                {product} {command line}
   size_t MaxNewSize                               = 1287651328                                {product} {ergonomic}
   size_t MinHeapDeltaBytes                        = 1048576                                   {product} {ergonomic}
    uintx NonNMethodCodeHeapSize                   = 5830732                                {pd product} {ergonomic}
    uintx NonProfiledCodeHeapSize                  = 122913754                              {pd product} {ergonomic}
    uintx ProfiledCodeHeapSize                     = 122913754                              {pd product} {ergonomic}
    uintx ReservedCodeCacheSize                    = 251658240                              {pd product} {ergonomic}
     bool SegmentedCodeCache                       = true                                      {product} {ergonomic}
     bool UseCompressedClassPointers               = true                                 {lp64_product} {ergonomic}
     bool UseCompressedOops                        = true                                 {lp64_product} {ergonomic}
     bool UseG1GC                                  = true                                      {product} {ergonomic}
     bool UseLargePagesIndividualAllocation        = false                                  {pd product} {ergonomic}

Logging:
Log output configuration:
 #0: stdout all=warning uptime,level,tags
 #1: stderr all=off uptime,level,tags

Environment Variables:
JAVA_HOME=c:\Program Files\Java\jdk-16.0.2
PATH=C:\Program Files\Common Files\Oracle\Java\javapath;C:\Program Files (x86)\Common Files\Oracle\Java\javapath;C:\ProgramData\Oracle\Java\javapath;C:\Windows\system32;C:\Windows;C:\Windows\System32\Wbem;C:\Windows\System32\WindowsPowerShell\v1.0\;C:\Program Files\Java\jdk-16.0.2\bin\;C:\WINDOWS\system32;C:\WINDOWS;C:\WINDOWS\System32\Wbem;C:\WINDOWS\System32\WindowsPowerShell\v1.0\;C:\WINDOWS\System32\OpenSSH\;C:\Program Files\dotnet\;C:\Program Files\Git\cmd;C:\Program Files (x86)\NVIDIA Corporation\PhysX\Common;C:\Users\Vik\AppData\Local\Microsoft\WindowsApps;C:\Program Files\JetBrains\IntelliJ IDEA Community Edition 2021.3\bin;C:\Users\Vik\AppData\Local\GitHubDesktop\bin;C:\Users\Vik\AppData\Local\gitkraken\bin
USERNAME=Vik
OS=Windows_NT
PROCESSOR_IDENTIFIER=Intel64 Family 6 Model 60 Stepping 3, GenuineIntel



---------------  S Y S T E M  ---------------

OS: Windows 10 , 64 bit Build 19041 (10.0.19041.1706)
OS uptime: 0 days 20:36 hours

CPU:total 4 (initial active 4) (4 cores per cpu, 1 threads per core) family 6 model 60 stepping 3 microcode 0x27, cmov, cx8, fxsr, mmx, sse, sse2, sse3, ssse3, sse4.1, sse4.2, popcnt, avx, avx2, aes, clmul, erms, lzcnt, tsc, tscinvbit, bmi1, bmi2, fma

Memory: 4k page, system-wide physical 8128M (844M free)
TotalPageFile size 10528M (AvailPageFile size 34M)
current process WorkingSet (physical memory assigned to process): 311M, peak: 311M
current process commit charge ("private bytes"): 361M, peak: 392M

vm_info: OpenJDK 64-Bit Server VM (11.0.11+9-b60-7590822) for windows-amd64 JRE (11.0.11+9-b60-7590822), built on Jul 29 2021 21:43:44 by "builder" with MS VC++ 14.0 (VS2015)

END.
